[2.053s] Invoking command in '/home/rodrigo/Proyecto_III/g12_prii3/g12_prii3_ws/src/g12_prii3_turtlesim': PYTHONPATH=/home/rodrigo/Proyecto_III/g12_prii3/g12_prii3_ws/build/g12_prii3_turtlesim/prefix_override:/usr/lib/python3/dist-packages/colcon_core/task/python/colcon_distutils_commands:/home/rodrigo/Proyecto_III/g12_prii3/g12_prii3_ws/install/g12_prii3_turtlesim/lib/python3.8/site-packages:${PYTHONPATH} /usr/bin/python3 -W ignore:setup.py install is deprecated -W ignore:easy_install command is deprecated setup.py egg_info --egg-base ../../build/g12_prii3_turtlesim build --build-base /home/rodrigo/Proyecto_III/g12_prii3/g12_prii3_ws/build/g12_prii3_turtlesim/build install --record /home/rodrigo/Proyecto_III/g12_prii3/g12_prii3_ws/build/g12_prii3_turtlesim/install.log --install-scripts $base/lib/g12_prii3_turtlesim --single-version-externally-managed install_data
[2.343s] running egg_info
[2.344s] creating ../../build/g12_prii3_turtlesim/g12_prii3_turtlesim.egg-info
[2.344s] writing ../../build/g12_prii3_turtlesim/g12_prii3_turtlesim.egg-info/PKG-INFO
[2.345s] writing dependency_links to ../../build/g12_prii3_turtlesim/g12_prii3_turtlesim.egg-info/dependency_links.txt
[2.345s] writing entry points to ../../build/g12_prii3_turtlesim/g12_prii3_turtlesim.egg-info/entry_points.txt
[2.345s] writing requirements to ../../build/g12_prii3_turtlesim/g12_prii3_turtlesim.egg-info/requires.txt
[2.345s] writing top-level names to ../../build/g12_prii3_turtlesim/g12_prii3_turtlesim.egg-info/top_level.txt
[2.347s] writing manifest file '../../build/g12_prii3_turtlesim/g12_prii3_turtlesim.egg-info/SOURCES.txt'
[2.403s] reading manifest file '../../build/g12_prii3_turtlesim/g12_prii3_turtlesim.egg-info/SOURCES.txt'
[2.405s] writing manifest file '../../build/g12_prii3_turtlesim/g12_prii3_turtlesim.egg-info/SOURCES.txt'
[2.405s] running build
[2.405s] running build_py
[2.405s] creating /home/rodrigo/Proyecto_III/g12_prii3/g12_prii3_ws/build/g12_prii3_turtlesim/build
[2.405s] creating /home/rodrigo/Proyecto_III/g12_prii3/g12_prii3_ws/build/g12_prii3_turtlesim/build/lib
[2.405s] creating /home/rodrigo/Proyecto_III/g12_prii3/g12_prii3_ws/build/g12_prii3_turtlesim/build/lib/g12_prii3_turtlesim
[2.405s] copying g12_prii3_turtlesim/__init__.py -> /home/rodrigo/Proyecto_III/g12_prii3/g12_prii3_ws/build/g12_prii3_turtlesim/build/lib/g12_prii3_turtlesim
[2.405s] copying g12_prii3_turtlesim/mover_tortuga.py -> /home/rodrigo/Proyecto_III/g12_prii3/g12_prii3_ws/build/g12_prii3_turtlesim/build/lib/g12_prii3_turtlesim
[2.406s] running install
[2.406s] running install_lib
[2.407s] creating /home/rodrigo/Proyecto_III/g12_prii3/g12_prii3_ws/install/g12_prii3_turtlesim/lib/python3.8/site-packages/g12_prii3_turtlesim
[2.408s] copying /home/rodrigo/Proyecto_III/g12_prii3/g12_prii3_ws/build/g12_prii3_turtlesim/build/lib/g12_prii3_turtlesim/__init__.py -> /home/rodrigo/Proyecto_III/g12_prii3/g12_prii3_ws/install/g12_prii3_turtlesim/lib/python3.8/site-packages/g12_prii3_turtlesim
[2.408s] copying /home/rodrigo/Proyecto_III/g12_prii3/g12_prii3_ws/build/g12_prii3_turtlesim/build/lib/g12_prii3_turtlesim/mover_tortuga.py -> /home/rodrigo/Proyecto_III/g12_prii3/g12_prii3_ws/install/g12_prii3_turtlesim/lib/python3.8/site-packages/g12_prii3_turtlesim
[2.409s] byte-compiling /home/rodrigo/Proyecto_III/g12_prii3/g12_prii3_ws/install/g12_prii3_turtlesim/lib/python3.8/site-packages/g12_prii3_turtlesim/__init__.py to __init__.cpython-38.pyc
[2.410s] byte-compiling /home/rodrigo/Proyecto_III/g12_prii3/g12_prii3_ws/install/g12_prii3_turtlesim/lib/python3.8/site-packages/g12_prii3_turtlesim/mover_tortuga.py to mover_tortuga.cpython-38.pyc
[2.412s] running install_data
[2.412s] creating /home/rodrigo/Proyecto_III/g12_prii3/g12_prii3_ws/install/g12_prii3_turtlesim/share/ament_index
[2.413s] creating /home/rodrigo/Proyecto_III/g12_prii3/g12_prii3_ws/install/g12_prii3_turtlesim/share/ament_index/resource_index
[2.413s] creating /home/rodrigo/Proyecto_III/g12_prii3/g12_prii3_ws/install/g12_prii3_turtlesim/share/ament_index/resource_index/packages
[2.413s] copying resource/g12_prii3_turtlesim -> /home/rodrigo/Proyecto_III/g12_prii3/g12_prii3_ws/install/g12_prii3_turtlesim/share/ament_index/resource_index/packages
[2.413s] copying package.xml -> /home/rodrigo/Proyecto_III/g12_prii3/g12_prii3_ws/install/g12_prii3_turtlesim/share/g12_prii3_turtlesim
[2.413s] creating /home/rodrigo/Proyecto_III/g12_prii3/g12_prii3_ws/install/g12_prii3_turtlesim/share/g12_prii3_turtlesim/launch
[2.413s] copying launch/mover_tortuga.launch.py -> /home/rodrigo/Proyecto_III/g12_prii3/g12_prii3_ws/install/g12_prii3_turtlesim/share/g12_prii3_turtlesim/launch
[2.414s] running install_egg_info
[2.416s] Copying ../../build/g12_prii3_turtlesim/g12_prii3_turtlesim.egg-info to /home/rodrigo/Proyecto_III/g12_prii3/g12_prii3_ws/install/g12_prii3_turtlesim/lib/python3.8/site-packages/g12_prii3_turtlesim-0.0.0-py3.8.egg-info
[2.418s] running install_scripts
[2.442s] Installing mover_tortuga script to /home/rodrigo/Proyecto_III/g12_prii3/g12_prii3_ws/install/g12_prii3_turtlesim/lib/g12_prii3_turtlesim
[2.443s] writing list of installed files to '/home/rodrigo/Proyecto_III/g12_prii3/g12_prii3_ws/build/g12_prii3_turtlesim/install.log'
[2.477s] Invoked command in '/home/rodrigo/Proyecto_III/g12_prii3/g12_prii3_ws/src/g12_prii3_turtlesim' returned '0': PYTHONPATH=/home/rodrigo/Proyecto_III/g12_prii3/g12_prii3_ws/build/g12_prii3_turtlesim/prefix_override:/usr/lib/python3/dist-packages/colcon_core/task/python/colcon_distutils_commands:/home/rodrigo/Proyecto_III/g12_prii3/g12_prii3_ws/install/g12_prii3_turtlesim/lib/python3.8/site-packages:${PYTHONPATH} /usr/bin/python3 -W ignore:setup.py install is deprecated -W ignore:easy_install command is deprecated setup.py egg_info --egg-base ../../build/g12_prii3_turtlesim build --build-base /home/rodrigo/Proyecto_III/g12_prii3/g12_prii3_ws/build/g12_prii3_turtlesim/build install --record /home/rodrigo/Proyecto_III/g12_prii3/g12_prii3_ws/build/g12_prii3_turtlesim/install.log --install-scripts $base/lib/g12_prii3_turtlesim --single-version-externally-managed install_data
