[0.479s] DEBUG:colcon:Command line arguments: ['/usr/bin/colcon', 'build']
[0.479s] DEBUG:colcon:Parsed command line arguments: Namespace(allow_overriding=[], ament_cmake_args=None, base_paths=['.'], build_base='build', catkin_cmake_args=None, catkin_skip_building_tests=False, cmake_args=None, cmake_clean_cache=False, cmake_clean_first=False, cmake_force_configure=False, cmake_target=None, cmake_target_skip_unavailable=False, continue_on_error=False, event_handlers=None, executor='parallel', ignore_user_meta=False, install_base='install', log_base=None, log_level=None, main=<bound method BuildVerb.main of <colcon_core.verb.build.BuildVerb object at 0x7f674f79b370>>, merge_install=False, metas=['./colcon.meta'], packages_above=None, packages_above_and_dependencies=None, packages_above_depth=None, packages_end=None, packages_ignore=None, packages_ignore_regex=None, packages_select=None, packages_select_build_failed=False, packages_select_by_dep=None, packages_select_regex=None, packages_select_test_failures=False, packages_skip=None, packages_skip_build_finished=False, packages_skip_by_dep=None, packages_skip_regex=None, packages_skip_test_passed=False, packages_skip_up_to=None, packages_start=None, packages_up_to=None, packages_up_to_regex=None, parallel_workers=12, paths=None, symlink_install=False, test_result_base=None, verb_extension=<colcon_core.verb.build.BuildVerb object at 0x7f674f79b370>, verb_name='build', verb_parser=<colcon_defaults.argument_parser.defaults.DefaultArgumentsDecorator object at 0x7f674f79b8b0>)
[0.852s] Level 1:colcon.colcon_core.package_discovery:discover_packages(colcon_meta) check parameters
[0.852s] Level 1:colcon.colcon_core.package_discovery:discover_packages(recursive) check parameters
[0.852s] Level 1:colcon.colcon_core.package_discovery:discover_packages(ignore) check parameters
[0.852s] Level 1:colcon.colcon_core.package_discovery:discover_packages(path) check parameters
[0.852s] Level 1:colcon.colcon_core.package_discovery:discover_packages(colcon_meta) discover
[0.852s] Level 1:colcon.colcon_core.package_discovery:discover_packages(recursive) discover
[0.852s] INFO:colcon.colcon_core.package_discovery:Crawling recursively for packages in '/home/rodrigo/Proyecto_III/g12_prii3'
[0.852s] Level 1:colcon.colcon_core.package_identification:_identify(.) by extensions ['ignore', 'ignore_ament_install']
[0.853s] Level 1:colcon.colcon_core.package_identification:_identify(.) by extension 'ignore'
[0.853s] Level 1:colcon.colcon_core.package_identification:_identify(.) by extension 'ignore_ament_install'
[0.853s] Level 1:colcon.colcon_core.package_identification:_identify(.) by extensions ['colcon_pkg']
[0.853s] Level 1:colcon.colcon_core.package_identification:_identify(.) by extension 'colcon_pkg'
[0.853s] Level 1:colcon.colcon_core.package_identification:_identify(.) by extensions ['colcon_meta']
[0.853s] Level 1:colcon.colcon_core.package_identification:_identify(.) by extension 'colcon_meta'
[0.853s] Level 1:colcon.colcon_core.package_identification:_identify(.) by extensions ['ros']
[0.853s] Level 1:colcon.colcon_core.package_identification:_identify(.) by extension 'ros'
[0.879s] Level 1:colcon.colcon_core.package_identification:_identify(.) by extensions ['cmake', 'python']
[0.879s] Level 1:colcon.colcon_core.package_identification:_identify(.) by extension 'cmake'
[0.879s] Level 1:colcon.colcon_core.package_identification:_identify(.) by extension 'python'
[0.879s] Level 1:colcon.colcon_core.package_identification:_identify(.) by extensions ['python_setup_py']
[0.879s] Level 1:colcon.colcon_core.package_identification:_identify(.) by extension 'python_setup_py'
[0.880s] Level 1:colcon.colcon_core.package_identification:_identify(build) by extensions ['ignore', 'ignore_ament_install']
[0.880s] Level 1:colcon.colcon_core.package_identification:_identify(build) by extension 'ignore'
[0.880s] Level 1:colcon.colcon_core.package_identification:_identify(build) ignored
[0.880s] Level 1:colcon.colcon_core.package_identification:_identify(g12_prii3_ws) by extensions ['ignore', 'ignore_ament_install']
[0.880s] Level 1:colcon.colcon_core.package_identification:_identify(g12_prii3_ws) by extension 'ignore'
[0.880s] Level 1:colcon.colcon_core.package_identification:_identify(g12_prii3_ws) by extension 'ignore_ament_install'
[0.880s] Level 1:colcon.colcon_core.package_identification:_identify(g12_prii3_ws) by extensions ['colcon_pkg']
[0.881s] Level 1:colcon.colcon_core.package_identification:_identify(g12_prii3_ws) by extension 'colcon_pkg'
[0.881s] Level 1:colcon.colcon_core.package_identification:_identify(g12_prii3_ws) by extensions ['colcon_meta']
[0.881s] Level 1:colcon.colcon_core.package_identification:_identify(g12_prii3_ws) by extension 'colcon_meta'
[0.881s] Level 1:colcon.colcon_core.package_identification:_identify(g12_prii3_ws) by extensions ['ros']
[0.881s] Level 1:colcon.colcon_core.package_identification:_identify(g12_prii3_ws) by extension 'ros'
[0.881s] Level 1:colcon.colcon_core.package_identification:_identify(g12_prii3_ws) by extensions ['cmake', 'python']
[0.881s] Level 1:colcon.colcon_core.package_identification:_identify(g12_prii3_ws) by extension 'cmake'
[0.881s] Level 1:colcon.colcon_core.package_identification:_identify(g12_prii3_ws) by extension 'python'
[0.881s] Level 1:colcon.colcon_core.package_identification:_identify(g12_prii3_ws) by extensions ['python_setup_py']
[0.881s] Level 1:colcon.colcon_core.package_identification:_identify(g12_prii3_ws) by extension 'python_setup_py'
[0.881s] Level 1:colcon.colcon_core.package_identification:_identify(g12_prii3_ws/build) by extensions ['ignore', 'ignore_ament_install']
[0.881s] Level 1:colcon.colcon_core.package_identification:_identify(g12_prii3_ws/build) by extension 'ignore'
[0.882s] Level 1:colcon.colcon_core.package_identification:_identify(g12_prii3_ws/build) ignored
[0.882s] Level 1:colcon.colcon_core.package_identification:_identify(g12_prii3_ws/install) by extensions ['ignore', 'ignore_ament_install']
[0.882s] Level 1:colcon.colcon_core.package_identification:_identify(g12_prii3_ws/install) by extension 'ignore'
[0.882s] Level 1:colcon.colcon_core.package_identification:_identify(g12_prii3_ws/install) ignored
[0.882s] Level 1:colcon.colcon_core.package_identification:_identify(g12_prii3_ws/log) by extensions ['ignore', 'ignore_ament_install']
[0.882s] Level 1:colcon.colcon_core.package_identification:_identify(g12_prii3_ws/log) by extension 'ignore'
[0.882s] Level 1:colcon.colcon_core.package_identification:_identify(g12_prii3_ws/log) ignored
[0.883s] Level 1:colcon.colcon_core.package_identification:_identify(g12_prii3_ws/src) by extensions ['ignore', 'ignore_ament_install']
[0.883s] Level 1:colcon.colcon_core.package_identification:_identify(g12_prii3_ws/src) by extension 'ignore'
[0.883s] Level 1:colcon.colcon_core.package_identification:_identify(g12_prii3_ws/src) by extension 'ignore_ament_install'
[0.883s] Level 1:colcon.colcon_core.package_identification:_identify(g12_prii3_ws/src) by extensions ['colcon_pkg']
[0.883s] Level 1:colcon.colcon_core.package_identification:_identify(g12_prii3_ws/src) by extension 'colcon_pkg'
[0.883s] Level 1:colcon.colcon_core.package_identification:_identify(g12_prii3_ws/src) by extensions ['colcon_meta']
[0.883s] Level 1:colcon.colcon_core.package_identification:_identify(g12_prii3_ws/src) by extension 'colcon_meta'
[0.883s] Level 1:colcon.colcon_core.package_identification:_identify(g12_prii3_ws/src) by extensions ['ros']
[0.883s] Level 1:colcon.colcon_core.package_identification:_identify(g12_prii3_ws/src) by extension 'ros'
[0.883s] Level 1:colcon.colcon_core.package_identification:_identify(g12_prii3_ws/src) by extensions ['cmake', 'python']
[0.883s] Level 1:colcon.colcon_core.package_identification:_identify(g12_prii3_ws/src) by extension 'cmake'
[0.883s] Level 1:colcon.colcon_core.package_identification:_identify(g12_prii3_ws/src) by extension 'python'
[0.884s] Level 1:colcon.colcon_core.package_identification:_identify(g12_prii3_ws/src) by extensions ['python_setup_py']
[0.884s] Level 1:colcon.colcon_core.package_identification:_identify(g12_prii3_ws/src) by extension 'python_setup_py'
[0.884s] Level 1:colcon.colcon_core.package_identification:_identify(g12_prii3_ws/src/g12_prii3_move_jetbot) by extensions ['ignore', 'ignore_ament_install']
[0.884s] Level 1:colcon.colcon_core.package_identification:_identify(g12_prii3_ws/src/g12_prii3_move_jetbot) by extension 'ignore'
[0.884s] Level 1:colcon.colcon_core.package_identification:_identify(g12_prii3_ws/src/g12_prii3_move_jetbot) by extension 'ignore_ament_install'
[0.884s] Level 1:colcon.colcon_core.package_identification:_identify(g12_prii3_ws/src/g12_prii3_move_jetbot) by extensions ['colcon_pkg']
[0.884s] Level 1:colcon.colcon_core.package_identification:_identify(g12_prii3_ws/src/g12_prii3_move_jetbot) by extension 'colcon_pkg'
[0.884s] Level 1:colcon.colcon_core.package_identification:_identify(g12_prii3_ws/src/g12_prii3_move_jetbot) by extensions ['colcon_meta']
[0.884s] Level 1:colcon.colcon_core.package_identification:_identify(g12_prii3_ws/src/g12_prii3_move_jetbot) by extension 'colcon_meta'
[0.885s] Level 1:colcon.colcon_core.package_identification:_identify(g12_prii3_ws/src/g12_prii3_move_jetbot) by extensions ['ros']
[0.885s] Level 1:colcon.colcon_core.package_identification:_identify(g12_prii3_ws/src/g12_prii3_move_jetbot) by extension 'ros'
[0.889s] DEBUG:colcon.colcon_core.package_identification:Package 'g12_prii3_ws/src/g12_prii3_move_jetbot' with type 'ros.ament_python' and name 'g12_prii3_move_jetbot'
[0.890s] Level 1:colcon.colcon_core.package_identification:_identify(g12_prii3_ws/src/g12_prii3_move_turtlebot) by extensions ['ignore', 'ignore_ament_install']
[0.890s] Level 1:colcon.colcon_core.package_identification:_identify(g12_prii3_ws/src/g12_prii3_move_turtlebot) by extension 'ignore'
[0.890s] Level 1:colcon.colcon_core.package_identification:_identify(g12_prii3_ws/src/g12_prii3_move_turtlebot) by extension 'ignore_ament_install'
[0.890s] Level 1:colcon.colcon_core.package_identification:_identify(g12_prii3_ws/src/g12_prii3_move_turtlebot) by extensions ['colcon_pkg']
[0.891s] Level 1:colcon.colcon_core.package_identification:_identify(g12_prii3_ws/src/g12_prii3_move_turtlebot) by extension 'colcon_pkg'
[0.891s] Level 1:colcon.colcon_core.package_identification:_identify(g12_prii3_ws/src/g12_prii3_move_turtlebot) by extensions ['colcon_meta']
[0.891s] Level 1:colcon.colcon_core.package_identification:_identify(g12_prii3_ws/src/g12_prii3_move_turtlebot) by extension 'colcon_meta'
[0.891s] Level 1:colcon.colcon_core.package_identification:_identify(g12_prii3_ws/src/g12_prii3_move_turtlebot) by extensions ['ros']
[0.891s] Level 1:colcon.colcon_core.package_identification:_identify(g12_prii3_ws/src/g12_prii3_move_turtlebot) by extension 'ros'
[0.892s] DEBUG:colcon.colcon_core.package_identification:Package 'g12_prii3_ws/src/g12_prii3_move_turtlebot' with type 'ros.ament_python' and name 'g12_prii3_move_turtlebot'
[0.893s] Level 1:colcon.colcon_core.package_identification:_identify(g12_prii3_ws/src/g12_prii3_turtlesim) by extensions ['ignore', 'ignore_ament_install']
[0.893s] Level 1:colcon.colcon_core.package_identification:_identify(g12_prii3_ws/src/g12_prii3_turtlesim) by extension 'ignore'
[0.893s] Level 1:colcon.colcon_core.package_identification:_identify(g12_prii3_ws/src/g12_prii3_turtlesim) by extension 'ignore_ament_install'
[0.893s] Level 1:colcon.colcon_core.package_identification:_identify(g12_prii3_ws/src/g12_prii3_turtlesim) by extensions ['colcon_pkg']
[0.893s] Level 1:colcon.colcon_core.package_identification:_identify(g12_prii3_ws/src/g12_prii3_turtlesim) by extension 'colcon_pkg'
[0.894s] Level 1:colcon.colcon_core.package_identification:_identify(g12_prii3_ws/src/g12_prii3_turtlesim) by extensions ['colcon_meta']
[0.894s] Level 1:colcon.colcon_core.package_identification:_identify(g12_prii3_ws/src/g12_prii3_turtlesim) by extension 'colcon_meta'
[0.894s] Level 1:colcon.colcon_core.package_identification:_identify(g12_prii3_ws/src/g12_prii3_turtlesim) by extensions ['ros']
[0.894s] Level 1:colcon.colcon_core.package_identification:_identify(g12_prii3_ws/src/g12_prii3_turtlesim) by extension 'ros'
[0.896s] DEBUG:colcon.colcon_core.package_identification:Package 'g12_prii3_ws/src/g12_prii3_turtlesim' with type 'ros.ament_python' and name 'g12_prii3_turtlesim'
[0.897s] Level 1:colcon.colcon_core.package_identification:_identify(install) by extensions ['ignore', 'ignore_ament_install']
[0.897s] Level 1:colcon.colcon_core.package_identification:_identify(install) by extension 'ignore'
[0.897s] Level 1:colcon.colcon_core.package_identification:_identify(install) ignored
[0.897s] Level 1:colcon.colcon_core.package_identification:_identify(log) by extensions ['ignore', 'ignore_ament_install']
[0.897s] Level 1:colcon.colcon_core.package_identification:_identify(log) by extension 'ignore'
[0.897s] Level 1:colcon.colcon_core.package_identification:_identify(log) ignored
[0.897s] Level 1:colcon.colcon_core.package_discovery:discover_packages(recursive) using defaults
[0.898s] Level 1:colcon.colcon_core.package_discovery:discover_packages(ignore) discover
[0.898s] Level 1:colcon.colcon_core.package_discovery:discover_packages(ignore) using defaults
[0.898s] Level 1:colcon.colcon_core.package_discovery:discover_packages(path) discover
[0.898s] Level 1:colcon.colcon_core.package_discovery:discover_packages(path) using defaults
[0.935s] Level 1:colcon.colcon_core.package_discovery:discover_packages(prefix_path) check parameters
[0.935s] Level 1:colcon.colcon_core.package_discovery:discover_packages(prefix_path) discover
[0.940s] DEBUG:colcon.colcon_installed_package_information.package_discovery:Found 3 installed packages in /home/rodrigo/Proyecto_III/g12_prii3/g12_prii3_ws/install
[0.944s] DEBUG:colcon.colcon_installed_package_information.package_discovery:Found 371 installed packages in /opt/ros/foxy
[0.948s] Level 1:colcon.colcon_core.package_discovery:discover_packages(prefix_path) using defaults
[1.152s] Level 5:colcon.colcon_core.verb:set package 'g12_prii3_move_jetbot' build argument 'cmake_args' from command line to 'None'
[1.152s] Level 5:colcon.colcon_core.verb:set package 'g12_prii3_move_jetbot' build argument 'cmake_target' from command line to 'None'
[1.152s] Level 5:colcon.colcon_core.verb:set package 'g12_prii3_move_jetbot' build argument 'cmake_target_skip_unavailable' from command line to 'False'
[1.152s] Level 5:colcon.colcon_core.verb:set package 'g12_prii3_move_jetbot' build argument 'cmake_clean_cache' from command line to 'False'
[1.152s] Level 5:colcon.colcon_core.verb:set package 'g12_prii3_move_jetbot' build argument 'cmake_clean_first' from command line to 'False'
[1.153s] Level 5:colcon.colcon_core.verb:set package 'g12_prii3_move_jetbot' build argument 'cmake_force_configure' from command line to 'False'
[1.153s] Level 5:colcon.colcon_core.verb:set package 'g12_prii3_move_jetbot' build argument 'ament_cmake_args' from command line to 'None'
[1.153s] Level 5:colcon.colcon_core.verb:set package 'g12_prii3_move_jetbot' build argument 'catkin_cmake_args' from command line to 'None'
[1.153s] Level 5:colcon.colcon_core.verb:set package 'g12_prii3_move_jetbot' build argument 'catkin_skip_building_tests' from command line to 'False'
[1.153s] DEBUG:colcon.colcon_core.verb:Building package 'g12_prii3_move_jetbot' with the following arguments: {'ament_cmake_args': None, 'build_base': '/home/rodrigo/Proyecto_III/g12_prii3/build/g12_prii3_move_jetbot', 'catkin_cmake_args': None, 'catkin_skip_building_tests': False, 'cmake_args': None, 'cmake_clean_cache': False, 'cmake_clean_first': False, 'cmake_force_configure': False, 'cmake_target': None, 'cmake_target_skip_unavailable': False, 'install_base': '/home/rodrigo/Proyecto_III/g12_prii3/install/g12_prii3_move_jetbot', 'merge_install': False, 'path': '/home/rodrigo/Proyecto_III/g12_prii3/g12_prii3_ws/src/g12_prii3_move_jetbot', 'symlink_install': False, 'test_result_base': None}
[1.154s] Level 5:colcon.colcon_core.verb:set package 'g12_prii3_move_turtlebot' build argument 'cmake_args' from command line to 'None'
[1.154s] Level 5:colcon.colcon_core.verb:set package 'g12_prii3_move_turtlebot' build argument 'cmake_target' from command line to 'None'
[1.154s] Level 5:colcon.colcon_core.verb:set package 'g12_prii3_move_turtlebot' build argument 'cmake_target_skip_unavailable' from command line to 'False'
[1.154s] Level 5:colcon.colcon_core.verb:set package 'g12_prii3_move_turtlebot' build argument 'cmake_clean_cache' from command line to 'False'
[1.154s] Level 5:colcon.colcon_core.verb:set package 'g12_prii3_move_turtlebot' build argument 'cmake_clean_first' from command line to 'False'
[1.154s] Level 5:colcon.colcon_core.verb:set package 'g12_prii3_move_turtlebot' build argument 'cmake_force_configure' from command line to 'False'
[1.154s] Level 5:colcon.colcon_core.verb:set package 'g12_prii3_move_turtlebot' build argument 'ament_cmake_args' from command line to 'None'
[1.154s] Level 5:colcon.colcon_core.verb:set package 'g12_prii3_move_turtlebot' build argument 'catkin_cmake_args' from command line to 'None'
[1.154s] Level 5:colcon.colcon_core.verb:set package 'g12_prii3_move_turtlebot' build argument 'catkin_skip_building_tests' from command line to 'False'
[1.154s] DEBUG:colcon.colcon_core.verb:Building package 'g12_prii3_move_turtlebot' with the following arguments: {'ament_cmake_args': None, 'build_base': '/home/rodrigo/Proyecto_III/g12_prii3/build/g12_prii3_move_turtlebot', 'catkin_cmake_args': None, 'catkin_skip_building_tests': False, 'cmake_args': None, 'cmake_clean_cache': False, 'cmake_clean_first': False, 'cmake_force_configure': False, 'cmake_target': None, 'cmake_target_skip_unavailable': False, 'install_base': '/home/rodrigo/Proyecto_III/g12_prii3/install/g12_prii3_move_turtlebot', 'merge_install': False, 'path': '/home/rodrigo/Proyecto_III/g12_prii3/g12_prii3_ws/src/g12_prii3_move_turtlebot', 'symlink_install': False, 'test_result_base': None}
[1.155s] Level 5:colcon.colcon_core.verb:set package 'g12_prii3_turtlesim' build argument 'cmake_args' from command line to 'None'
[1.155s] Level 5:colcon.colcon_core.verb:set package 'g12_prii3_turtlesim' build argument 'cmake_target' from command line to 'None'
[1.155s] Level 5:colcon.colcon_core.verb:set package 'g12_prii3_turtlesim' build argument 'cmake_target_skip_unavailable' from command line to 'False'
[1.155s] Level 5:colcon.colcon_core.verb:set package 'g12_prii3_turtlesim' build argument 'cmake_clean_cache' from command line to 'False'
[1.155s] Level 5:colcon.colcon_core.verb:set package 'g12_prii3_turtlesim' build argument 'cmake_clean_first' from command line to 'False'
[1.155s] Level 5:colcon.colcon_core.verb:set package 'g12_prii3_turtlesim' build argument 'cmake_force_configure' from command line to 'False'
[1.155s] Level 5:colcon.colcon_core.verb:set package 'g12_prii3_turtlesim' build argument 'ament_cmake_args' from command line to 'None'
[1.155s] Level 5:colcon.colcon_core.verb:set package 'g12_prii3_turtlesim' build argument 'catkin_cmake_args' from command line to 'None'
[1.155s] Level 5:colcon.colcon_core.verb:set package 'g12_prii3_turtlesim' build argument 'catkin_skip_building_tests' from command line to 'False'
[1.155s] DEBUG:colcon.colcon_core.verb:Building package 'g12_prii3_turtlesim' with the following arguments: {'ament_cmake_args': None, 'build_base': '/home/rodrigo/Proyecto_III/g12_prii3/build/g12_prii3_turtlesim', 'catkin_cmake_args': None, 'catkin_skip_building_tests': False, 'cmake_args': None, 'cmake_clean_cache': False, 'cmake_clean_first': False, 'cmake_force_configure': False, 'cmake_target': None, 'cmake_target_skip_unavailable': False, 'install_base': '/home/rodrigo/Proyecto_III/g12_prii3/install/g12_prii3_turtlesim', 'merge_install': False, 'path': '/home/rodrigo/Proyecto_III/g12_prii3/g12_prii3_ws/src/g12_prii3_turtlesim', 'symlink_install': False, 'test_result_base': None}
[1.156s] INFO:colcon.colcon_core.executor:Executing jobs using 'parallel' executor
[1.158s] DEBUG:colcon.colcon_parallel_executor.executor.parallel:run_until_complete
[1.159s] INFO:colcon.colcon_ros.task.ament_python.build:Building ROS package in '/home/rodrigo/Proyecto_III/g12_prii3/g12_prii3_ws/src/g12_prii3_move_jetbot' with build type 'ament_python'
[1.159s] Level 1:colcon.colcon_core.shell:create_environment_hook('g12_prii3_move_jetbot', 'ament_prefix_path')
[1.164s] INFO:colcon.colcon_core.plugin_system:Skipping extension 'colcon_core.shell.bat': Not used on non-Windows systems
[1.165s] INFO:colcon.colcon_core.shell:Creating environment hook '/home/rodrigo/Proyecto_III/g12_prii3/install/g12_prii3_move_jetbot/share/g12_prii3_move_jetbot/hook/ament_prefix_path.ps1'
[1.167s] INFO:colcon.colcon_core.shell:Creating environment descriptor '/home/rodrigo/Proyecto_III/g12_prii3/install/g12_prii3_move_jetbot/share/g12_prii3_move_jetbot/hook/ament_prefix_path.dsv'
[1.167s] INFO:colcon.colcon_core.shell:Creating environment hook '/home/rodrigo/Proyecto_III/g12_prii3/install/g12_prii3_move_jetbot/share/g12_prii3_move_jetbot/hook/ament_prefix_path.sh'
[1.169s] INFO:colcon.colcon_core.shell:Skip shell extension 'powershell' for command environment: Not usable outside of PowerShell
[1.169s] DEBUG:colcon.colcon_core.shell:Skip shell extension 'dsv' for command environment
[1.182s] INFO:colcon.colcon_ros.task.ament_python.build:Building ROS package in '/home/rodrigo/Proyecto_III/g12_prii3/g12_prii3_ws/src/g12_prii3_move_turtlebot' with build type 'ament_python'
[1.183s] Level 1:colcon.colcon_core.shell:create_environment_hook('g12_prii3_move_turtlebot', 'ament_prefix_path')
[1.184s] INFO:colcon.colcon_core.shell:Creating environment hook '/home/rodrigo/Proyecto_III/g12_prii3/install/g12_prii3_move_turtlebot/share/g12_prii3_move_turtlebot/hook/ament_prefix_path.ps1'
[1.185s] INFO:colcon.colcon_core.shell:Creating environment descriptor '/home/rodrigo/Proyecto_III/g12_prii3/install/g12_prii3_move_turtlebot/share/g12_prii3_move_turtlebot/hook/ament_prefix_path.dsv'
[1.186s] INFO:colcon.colcon_core.shell:Creating environment hook '/home/rodrigo/Proyecto_III/g12_prii3/install/g12_prii3_move_turtlebot/share/g12_prii3_move_turtlebot/hook/ament_prefix_path.sh'
[1.187s] INFO:colcon.colcon_core.shell:Skip shell extension 'powershell' for command environment: Not usable outside of PowerShell
[1.188s] DEBUG:colcon.colcon_core.shell:Skip shell extension 'dsv' for command environment
[1.199s] INFO:colcon.colcon_ros.task.ament_python.build:Building ROS package in '/home/rodrigo/Proyecto_III/g12_prii3/g12_prii3_ws/src/g12_prii3_turtlesim' with build type 'ament_python'
[1.200s] Level 1:colcon.colcon_core.shell:create_environment_hook('g12_prii3_turtlesim', 'ament_prefix_path')
[1.200s] INFO:colcon.colcon_core.shell:Creating environment hook '/home/rodrigo/Proyecto_III/g12_prii3/install/g12_prii3_turtlesim/share/g12_prii3_turtlesim/hook/ament_prefix_path.ps1'
[1.203s] INFO:colcon.colcon_core.shell:Creating environment descriptor '/home/rodrigo/Proyecto_III/g12_prii3/install/g12_prii3_turtlesim/share/g12_prii3_turtlesim/hook/ament_prefix_path.dsv'
[1.204s] INFO:colcon.colcon_core.shell:Creating environment hook '/home/rodrigo/Proyecto_III/g12_prii3/install/g12_prii3_turtlesim/share/g12_prii3_turtlesim/hook/ament_prefix_path.sh'
[1.206s] INFO:colcon.colcon_core.shell:Skip shell extension 'powershell' for command environment: Not usable outside of PowerShell
[1.206s] DEBUG:colcon.colcon_core.shell:Skip shell extension 'dsv' for command environment
[1.762s] INFO:colcon.colcon_core.task.python.build:Building Python package in '/home/rodrigo/Proyecto_III/g12_prii3/g12_prii3_ws/src/g12_prii3_move_jetbot'
[1.764s] INFO:colcon.colcon_core.shell:Skip shell extension 'powershell' for command environment: Not usable outside of PowerShell
[1.764s] DEBUG:colcon.colcon_core.shell:Skip shell extension 'dsv' for command environment
[2.315s] INFO:colcon.colcon_core.task.python.build:Building Python package in '/home/rodrigo/Proyecto_III/g12_prii3/g12_prii3_ws/src/g12_prii3_move_turtlebot'
[2.316s] INFO:colcon.colcon_core.shell:Skip shell extension 'powershell' for command environment: Not usable outside of PowerShell
[2.316s] DEBUG:colcon.colcon_core.shell:Skip shell extension 'dsv' for command environment
[2.860s] INFO:colcon.colcon_core.task.python.build:Building Python package in '/home/rodrigo/Proyecto_III/g12_prii3/g12_prii3_ws/src/g12_prii3_turtlesim'
[2.861s] INFO:colcon.colcon_core.shell:Skip shell extension 'powershell' for command environment: Not usable outside of PowerShell
[2.861s] DEBUG:colcon.colcon_core.shell:Skip shell extension 'dsv' for command environment
[3.825s] DEBUG:colcon.colcon_core.event_handler.log_command:Invoking command in '/home/rodrigo/Proyecto_III/g12_prii3/g12_prii3_ws/src/g12_prii3_move_jetbot': PYTHONPATH=/home/rodrigo/Proyecto_III/g12_prii3/build/g12_prii3_move_jetbot/prefix_override:/usr/lib/python3/dist-packages/colcon_core/task/python/colcon_distutils_commands:/home/rodrigo/Proyecto_III/g12_prii3/install/g12_prii3_move_jetbot/lib/python3.8/site-packages:${PYTHONPATH} /usr/bin/python3 -W ignore:setup.py install is deprecated -W ignore:easy_install command is deprecated setup.py egg_info --egg-base ../../../build/g12_prii3_move_jetbot build --build-base /home/rodrigo/Proyecto_III/g12_prii3/build/g12_prii3_move_jetbot/build install --record /home/rodrigo/Proyecto_III/g12_prii3/build/g12_prii3_move_jetbot/install.log --install-scripts $base/lib/g12_prii3_move_jetbot --single-version-externally-managed install_data
[3.834s] DEBUG:colcon.colcon_core.event_handler.log_command:Invoking command in '/home/rodrigo/Proyecto_III/g12_prii3/g12_prii3_ws/src/g12_prii3_turtlesim': PYTHONPATH=/home/rodrigo/Proyecto_III/g12_prii3/build/g12_prii3_turtlesim/prefix_override:/usr/lib/python3/dist-packages/colcon_core/task/python/colcon_distutils_commands:/home/rodrigo/Proyecto_III/g12_prii3/install/g12_prii3_turtlesim/lib/python3.8/site-packages:${PYTHONPATH} /usr/bin/python3 -W ignore:setup.py install is deprecated -W ignore:easy_install command is deprecated setup.py egg_info --egg-base ../../../build/g12_prii3_turtlesim build --build-base /home/rodrigo/Proyecto_III/g12_prii3/build/g12_prii3_turtlesim/build install --record /home/rodrigo/Proyecto_III/g12_prii3/build/g12_prii3_turtlesim/install.log --install-scripts $base/lib/g12_prii3_turtlesim --single-version-externally-managed install_data
[3.871s] DEBUG:colcon.colcon_core.event_handler.log_command:Invoking command in '/home/rodrigo/Proyecto_III/g12_prii3/g12_prii3_ws/src/g12_prii3_move_turtlebot': PYTHONPATH=/home/rodrigo/Proyecto_III/g12_prii3/build/g12_prii3_move_turtlebot/prefix_override:/usr/lib/python3/dist-packages/colcon_core/task/python/colcon_distutils_commands:/home/rodrigo/Proyecto_III/g12_prii3/install/g12_prii3_move_turtlebot/lib/python3.8/site-packages:${PYTHONPATH} /usr/bin/python3 -W ignore:setup.py install is deprecated -W ignore:easy_install command is deprecated setup.py egg_info --egg-base ../../../build/g12_prii3_move_turtlebot build --build-base /home/rodrigo/Proyecto_III/g12_prii3/build/g12_prii3_move_turtlebot/build install --record /home/rodrigo/Proyecto_III/g12_prii3/build/g12_prii3_move_turtlebot/install.log --install-scripts $base/lib/g12_prii3_move_turtlebot --single-version-externally-managed install_data
[4.584s] DEBUG:colcon.colcon_core.event_handler.log_command:Invoked command in '/home/rodrigo/Proyecto_III/g12_prii3/g12_prii3_ws/src/g12_prii3_move_jetbot' returned '0': PYTHONPATH=/home/rodrigo/Proyecto_III/g12_prii3/build/g12_prii3_move_jetbot/prefix_override:/usr/lib/python3/dist-packages/colcon_core/task/python/colcon_distutils_commands:/home/rodrigo/Proyecto_III/g12_prii3/install/g12_prii3_move_jetbot/lib/python3.8/site-packages:${PYTHONPATH} /usr/bin/python3 -W ignore:setup.py install is deprecated -W ignore:easy_install command is deprecated setup.py egg_info --egg-base ../../../build/g12_prii3_move_jetbot build --build-base /home/rodrigo/Proyecto_III/g12_prii3/build/g12_prii3_move_jetbot/build install --record /home/rodrigo/Proyecto_III/g12_prii3/build/g12_prii3_move_jetbot/install.log --install-scripts $base/lib/g12_prii3_move_jetbot --single-version-externally-managed install_data
[4.587s] Level 1:colcon.colcon_core.environment:checking '/home/rodrigo/Proyecto_III/g12_prii3/install/g12_prii3_move_jetbot' for CMake module files
[4.588s] Level 1:colcon.colcon_core.environment:checking '/home/rodrigo/Proyecto_III/g12_prii3/install/g12_prii3_move_jetbot' for CMake config files
[4.590s] Level 1:colcon.colcon_core.environment:checking '/home/rodrigo/Proyecto_III/g12_prii3/install/g12_prii3_move_jetbot/lib'
[4.591s] Level 1:colcon.colcon_core.environment:checking '/home/rodrigo/Proyecto_III/g12_prii3/install/g12_prii3_move_jetbot/bin'
[4.591s] Level 1:colcon.colcon_core.environment:checking '/home/rodrigo/Proyecto_III/g12_prii3/install/g12_prii3_move_jetbot/lib/pkgconfig/g12_prii3_move_jetbot.pc'
[4.592s] Level 1:colcon.colcon_core.environment:checking '/home/rodrigo/Proyecto_III/g12_prii3/install/g12_prii3_move_jetbot/lib/python3.8/site-packages'
[4.592s] Level 1:colcon.colcon_core.shell:create_environment_hook('g12_prii3_move_jetbot', 'pythonpath')
[4.593s] INFO:colcon.colcon_core.shell:Creating environment hook '/home/rodrigo/Proyecto_III/g12_prii3/install/g12_prii3_move_jetbot/share/g12_prii3_move_jetbot/hook/pythonpath.ps1'
[4.595s] INFO:colcon.colcon_core.shell:Creating environment descriptor '/home/rodrigo/Proyecto_III/g12_prii3/install/g12_prii3_move_jetbot/share/g12_prii3_move_jetbot/hook/pythonpath.dsv'
[4.595s] INFO:colcon.colcon_core.shell:Creating environment hook '/home/rodrigo/Proyecto_III/g12_prii3/install/g12_prii3_move_jetbot/share/g12_prii3_move_jetbot/hook/pythonpath.sh'
[4.597s] Level 1:colcon.colcon_core.environment:checking '/home/rodrigo/Proyecto_III/g12_prii3/install/g12_prii3_move_jetbot/bin'
[4.597s] Level 1:colcon.colcon_core.environment:create_environment_scripts_only(g12_prii3_move_jetbot)
[4.599s] INFO:colcon.colcon_core.shell:Creating package script '/home/rodrigo/Proyecto_III/g12_prii3/install/g12_prii3_move_jetbot/share/g12_prii3_move_jetbot/package.ps1'
[4.602s] INFO:colcon.colcon_core.shell:Creating package descriptor '/home/rodrigo/Proyecto_III/g12_prii3/install/g12_prii3_move_jetbot/share/g12_prii3_move_jetbot/package.dsv'
[4.603s] INFO:colcon.colcon_core.shell:Creating package script '/home/rodrigo/Proyecto_III/g12_prii3/install/g12_prii3_move_jetbot/share/g12_prii3_move_jetbot/package.sh'
[4.605s] INFO:colcon.colcon_core.shell:Creating package script '/home/rodrigo/Proyecto_III/g12_prii3/install/g12_prii3_move_jetbot/share/g12_prii3_move_jetbot/package.bash'
[4.607s] INFO:colcon.colcon_core.shell:Creating package script '/home/rodrigo/Proyecto_III/g12_prii3/install/g12_prii3_move_jetbot/share/g12_prii3_move_jetbot/package.zsh'
[4.608s] Level 1:colcon.colcon_core.environment:create_file_with_runtime_dependencies(/home/rodrigo/Proyecto_III/g12_prii3/install/g12_prii3_move_jetbot/share/colcon-core/packages/g12_prii3_move_jetbot)
[4.612s] Level 1:colcon.colcon_core.environment:checking '/home/rodrigo/Proyecto_III/g12_prii3/install/g12_prii3_turtlesim' for CMake module files
[4.613s] DEBUG:colcon.colcon_core.event_handler.log_command:Invoked command in '/home/rodrigo/Proyecto_III/g12_prii3/g12_prii3_ws/src/g12_prii3_turtlesim' returned '0': PYTHONPATH=/home/rodrigo/Proyecto_III/g12_prii3/build/g12_prii3_turtlesim/prefix_override:/usr/lib/python3/dist-packages/colcon_core/task/python/colcon_distutils_commands:/home/rodrigo/Proyecto_III/g12_prii3/install/g12_prii3_turtlesim/lib/python3.8/site-packages:${PYTHONPATH} /usr/bin/python3 -W ignore:setup.py install is deprecated -W ignore:easy_install command is deprecated setup.py egg_info --egg-base ../../../build/g12_prii3_turtlesim build --build-base /home/rodrigo/Proyecto_III/g12_prii3/build/g12_prii3_turtlesim/build install --record /home/rodrigo/Proyecto_III/g12_prii3/build/g12_prii3_turtlesim/install.log --install-scripts $base/lib/g12_prii3_turtlesim --single-version-externally-managed install_data
[4.615s] Level 1:colcon.colcon_core.environment:checking '/home/rodrigo/Proyecto_III/g12_prii3/install/g12_prii3_turtlesim' for CMake config files
[4.616s] Level 1:colcon.colcon_core.environment:checking '/home/rodrigo/Proyecto_III/g12_prii3/install/g12_prii3_turtlesim/lib'
[4.616s] Level 1:colcon.colcon_core.environment:checking '/home/rodrigo/Proyecto_III/g12_prii3/install/g12_prii3_turtlesim/bin'
[4.616s] Level 1:colcon.colcon_core.environment:checking '/home/rodrigo/Proyecto_III/g12_prii3/install/g12_prii3_turtlesim/lib/pkgconfig/g12_prii3_turtlesim.pc'
[4.617s] Level 1:colcon.colcon_core.environment:checking '/home/rodrigo/Proyecto_III/g12_prii3/install/g12_prii3_turtlesim/lib/python3.8/site-packages'
[4.617s] Level 1:colcon.colcon_core.shell:create_environment_hook('g12_prii3_turtlesim', 'pythonpath')
[4.617s] INFO:colcon.colcon_core.shell:Creating environment hook '/home/rodrigo/Proyecto_III/g12_prii3/install/g12_prii3_turtlesim/share/g12_prii3_turtlesim/hook/pythonpath.ps1'
[4.618s] INFO:colcon.colcon_core.shell:Creating environment descriptor '/home/rodrigo/Proyecto_III/g12_prii3/install/g12_prii3_turtlesim/share/g12_prii3_turtlesim/hook/pythonpath.dsv'
[4.619s] INFO:colcon.colcon_core.shell:Creating environment hook '/home/rodrigo/Proyecto_III/g12_prii3/install/g12_prii3_turtlesim/share/g12_prii3_turtlesim/hook/pythonpath.sh'
[4.621s] Level 1:colcon.colcon_core.environment:checking '/home/rodrigo/Proyecto_III/g12_prii3/install/g12_prii3_turtlesim/bin'
[4.621s] Level 1:colcon.colcon_core.environment:create_environment_scripts_only(g12_prii3_turtlesim)
[4.621s] INFO:colcon.colcon_core.shell:Creating package script '/home/rodrigo/Proyecto_III/g12_prii3/install/g12_prii3_turtlesim/share/g12_prii3_turtlesim/package.ps1'
[4.623s] INFO:colcon.colcon_core.shell:Creating package descriptor '/home/rodrigo/Proyecto_III/g12_prii3/install/g12_prii3_turtlesim/share/g12_prii3_turtlesim/package.dsv'
[4.623s] INFO:colcon.colcon_core.shell:Creating package script '/home/rodrigo/Proyecto_III/g12_prii3/install/g12_prii3_turtlesim/share/g12_prii3_turtlesim/package.sh'
[4.624s] INFO:colcon.colcon_core.shell:Creating package script '/home/rodrigo/Proyecto_III/g12_prii3/install/g12_prii3_turtlesim/share/g12_prii3_turtlesim/package.bash'
[4.625s] INFO:colcon.colcon_core.shell:Creating package script '/home/rodrigo/Proyecto_III/g12_prii3/install/g12_prii3_turtlesim/share/g12_prii3_turtlesim/package.zsh'
[4.626s] Level 1:colcon.colcon_core.environment:create_file_with_runtime_dependencies(/home/rodrigo/Proyecto_III/g12_prii3/install/g12_prii3_turtlesim/share/colcon-core/packages/g12_prii3_turtlesim)
[4.627s] Level 1:colcon.colcon_core.environment:checking '/home/rodrigo/Proyecto_III/g12_prii3/install/g12_prii3_move_turtlebot' for CMake module files
[4.628s] Level 1:colcon.colcon_core.environment:checking '/home/rodrigo/Proyecto_III/g12_prii3/install/g12_prii3_move_turtlebot' for CMake config files
[4.630s] Level 1:colcon.colcon_core.environment:checking '/home/rodrigo/Proyecto_III/g12_prii3/install/g12_prii3_move_turtlebot/lib'
[4.630s] Level 1:colcon.colcon_core.environment:checking '/home/rodrigo/Proyecto_III/g12_prii3/install/g12_prii3_move_turtlebot/bin'
[4.630s] Level 1:colcon.colcon_core.environment:checking '/home/rodrigo/Proyecto_III/g12_prii3/install/g12_prii3_move_turtlebot/lib/pkgconfig/g12_prii3_move_turtlebot.pc'
[4.631s] Level 1:colcon.colcon_core.environment:checking '/home/rodrigo/Proyecto_III/g12_prii3/install/g12_prii3_move_turtlebot/lib/python3.8/site-packages'
[4.631s] Level 1:colcon.colcon_core.shell:create_environment_hook('g12_prii3_move_turtlebot', 'pythonpath')
[4.632s] INFO:colcon.colcon_core.shell:Creating environment hook '/home/rodrigo/Proyecto_III/g12_prii3/install/g12_prii3_move_turtlebot/share/g12_prii3_move_turtlebot/hook/pythonpath.ps1'
[4.633s] DEBUG:colcon.colcon_core.event_handler.log_command:Invoked command in '/home/rodrigo/Proyecto_III/g12_prii3/g12_prii3_ws/src/g12_prii3_move_turtlebot' returned '0': PYTHONPATH=/home/rodrigo/Proyecto_III/g12_prii3/build/g12_prii3_move_turtlebot/prefix_override:/usr/lib/python3/dist-packages/colcon_core/task/python/colcon_distutils_commands:/home/rodrigo/Proyecto_III/g12_prii3/install/g12_prii3_move_turtlebot/lib/python3.8/site-packages:${PYTHONPATH} /usr/bin/python3 -W ignore:setup.py install is deprecated -W ignore:easy_install command is deprecated setup.py egg_info --egg-base ../../../build/g12_prii3_move_turtlebot build --build-base /home/rodrigo/Proyecto_III/g12_prii3/build/g12_prii3_move_turtlebot/build install --record /home/rodrigo/Proyecto_III/g12_prii3/build/g12_prii3_move_turtlebot/install.log --install-scripts $base/lib/g12_prii3_move_turtlebot --single-version-externally-managed install_data
[4.634s] INFO:colcon.colcon_core.shell:Creating environment descriptor '/home/rodrigo/Proyecto_III/g12_prii3/install/g12_prii3_move_turtlebot/share/g12_prii3_move_turtlebot/hook/pythonpath.dsv'
[4.634s] INFO:colcon.colcon_core.shell:Creating environment hook '/home/rodrigo/Proyecto_III/g12_prii3/install/g12_prii3_move_turtlebot/share/g12_prii3_move_turtlebot/hook/pythonpath.sh'
[4.636s] Level 1:colcon.colcon_core.environment:checking '/home/rodrigo/Proyecto_III/g12_prii3/install/g12_prii3_move_turtlebot/bin'
[4.636s] Level 1:colcon.colcon_core.environment:create_environment_scripts_only(g12_prii3_move_turtlebot)
[4.637s] INFO:colcon.colcon_core.shell:Creating package script '/home/rodrigo/Proyecto_III/g12_prii3/install/g12_prii3_move_turtlebot/share/g12_prii3_move_turtlebot/package.ps1'
[4.639s] INFO:colcon.colcon_core.shell:Creating package descriptor '/home/rodrigo/Proyecto_III/g12_prii3/install/g12_prii3_move_turtlebot/share/g12_prii3_move_turtlebot/package.dsv'
[4.640s] INFO:colcon.colcon_core.shell:Creating package script '/home/rodrigo/Proyecto_III/g12_prii3/install/g12_prii3_move_turtlebot/share/g12_prii3_move_turtlebot/package.sh'
[4.641s] INFO:colcon.colcon_core.shell:Creating package script '/home/rodrigo/Proyecto_III/g12_prii3/install/g12_prii3_move_turtlebot/share/g12_prii3_move_turtlebot/package.bash'
[4.642s] INFO:colcon.colcon_core.shell:Creating package script '/home/rodrigo/Proyecto_III/g12_prii3/install/g12_prii3_move_turtlebot/share/g12_prii3_move_turtlebot/package.zsh'
[4.643s] Level 1:colcon.colcon_core.environment:create_file_with_runtime_dependencies(/home/rodrigo/Proyecto_III/g12_prii3/install/g12_prii3_move_turtlebot/share/colcon-core/packages/g12_prii3_move_turtlebot)
[4.644s] DEBUG:colcon.colcon_parallel_executor.executor.parallel:closing loop
[4.645s] DEBUG:colcon.colcon_parallel_executor.executor.parallel:loop closed
[4.646s] DEBUG:colcon.colcon_parallel_executor.executor.parallel:run_until_complete finished with '0'
[4.646s] DEBUG:colcon.colcon_core.event_reactor:joining thread
[4.660s] INFO:colcon.colcon_core.plugin_system:Skipping extension 'colcon_notification.desktop_notification.terminal_notifier': Not used on non-Darwin systems
[4.660s] INFO:colcon.colcon_core.plugin_system:Skipping extension 'colcon_notification.desktop_notification.win32': Not used on non-Windows systems
[4.660s] INFO:colcon.colcon_notification.desktop_notification:Sending desktop notification using 'notify2'
[4.692s] DEBUG:colcon.colcon_core.event_reactor:joined thread
[4.693s] INFO:colcon.colcon_core.shell:Creating prefix script '/home/rodrigo/Proyecto_III/g12_prii3/install/local_setup.ps1'
[4.695s] INFO:colcon.colcon_core.shell:Creating prefix util module '/home/rodrigo/Proyecto_III/g12_prii3/install/_local_setup_util_ps1.py'
[4.698s] INFO:colcon.colcon_core.shell:Creating prefix chain script '/home/rodrigo/Proyecto_III/g12_prii3/install/setup.ps1'
[4.701s] INFO:colcon.colcon_core.shell:Creating prefix script '/home/rodrigo/Proyecto_III/g12_prii3/install/local_setup.sh'
[4.703s] INFO:colcon.colcon_core.shell:Creating prefix util module '/home/rodrigo/Proyecto_III/g12_prii3/install/_local_setup_util_sh.py'
[4.704s] INFO:colcon.colcon_core.shell:Creating prefix chain script '/home/rodrigo/Proyecto_III/g12_prii3/install/setup.sh'
[4.706s] INFO:colcon.colcon_core.shell:Creating prefix script '/home/rodrigo/Proyecto_III/g12_prii3/install/local_setup.bash'
[4.707s] INFO:colcon.colcon_core.shell:Creating prefix chain script '/home/rodrigo/Proyecto_III/g12_prii3/install/setup.bash'
[4.709s] INFO:colcon.colcon_core.shell:Creating prefix script '/home/rodrigo/Proyecto_III/g12_prii3/install/local_setup.zsh'
[4.710s] INFO:colcon.colcon_core.shell:Creating prefix chain script '/home/rodrigo/Proyecto_III/g12_prii3/install/setup.zsh'
