/home/rodrigo/Proyecto_III/g12_prii3/g12_prii3_ws/src/g12_prii3_nav_turtlebot/install/g12_prii3_nav_turtlebot/lib/python3.8/site-packages/g12_prii3_nav_turtlebot/predefined_nav_node.py
/home/rodrigo/Proyecto_III/g12_prii3/g12_prii3_ws/src/g12_prii3_nav_turtlebot/install/g12_prii3_nav_turtlebot/lib/python3.8/site-packages/g12_prii3_nav_turtlebot/__init__.py
/home/rodrigo/Proyecto_III/g12_prii3/g12_prii3_ws/src/g12_prii3_nav_turtlebot/install/g12_prii3_nav_turtlebot/lib/python3.8/site-packages/g12_prii3_nav_turtlebot/autonomous_navigation.py
/home/rodrigo/Proyecto_III/g12_prii3/g12_prii3_ws/src/g12_prii3_nav_turtlebot/install/g12_prii3_nav_turtlebot/lib/python3.8/site-packages/g12_prii3_nav_turtlebot/__pycache__/predefined_nav_node.cpython-38.pyc
/home/rodrigo/Proyecto_III/g12_prii3/g12_prii3_ws/src/g12_prii3_nav_turtlebot/install/g12_prii3_nav_turtlebot/lib/python3.8/site-packages/g12_prii3_nav_turtlebot/__pycache__/__init__.cpython-38.pyc
/home/rodrigo/Proyecto_III/g12_prii3/g12_prii3_ws/src/g12_prii3_nav_turtlebot/install/g12_prii3_nav_turtlebot/lib/python3.8/site-packages/g12_prii3_nav_turtlebot/__pycache__/autonomous_navigation.cpython-38.pyc
/home/rodrigo/Proyecto_III/g12_prii3/g12_prii3_ws/src/g12_prii3_nav_turtlebot/install/g12_prii3_nav_turtlebot/share/ament_index/resource_index/packages/g12_prii3_nav_turtlebot
/home/rodrigo/Proyecto_III/g12_prii3/g12_prii3_ws/src/g12_prii3_nav_turtlebot/install/g12_prii3_nav_turtlebot/share/g12_prii3_nav_turtlebot/package.xml
/home/rodrigo/Proyecto_III/g12_prii3/g12_prii3_ws/src/g12_prii3_nav_turtlebot/install/g12_prii3_nav_turtlebot/share/g12_prii3_nav_turtlebot/worlds/f1f3.world
/home/rodrigo/Proyecto_III/g12_prii3/g12_prii3_ws/src/g12_prii3_nav_turtlebot/install/g12_prii3_nav_turtlebot/share/g12_prii3_nav_turtlebot/launch/f1l3_world.launch.py
/home/rodrigo/Proyecto_III/g12_prii3/g12_prii3_ws/src/g12_prii3_nav_turtlebot/install/g12_prii3_nav_turtlebot/share/g12_prii3_nav_turtlebot/launch/project_launch.launch.py
/home/rodrigo/Proyecto_III/g12_prii3/g12_prii3_ws/src/g12_prii3_nav_turtlebot/install/g12_prii3_nav_turtlebot/share/g12_prii3_nav_turtlebot/launch/predefined_launch.launch.py
/home/rodrigo/Proyecto_III/g12_prii3/g12_prii3_ws/src/g12_prii3_nav_turtlebot/install/g12_prii3_nav_turtlebot/share/g12_prii3_nav_turtlebot/models/ar_marker_3/model-1_4.sdf
/home/rodrigo/Proyecto_III/g12_prii3/g12_prii3_ws/src/g12_prii3_nav_turtlebot/install/g12_prii3_nav_turtlebot/share/g12_prii3_nav_turtlebot/models/ar_marker_3/model-1_5.sdf
/home/rodrigo/Proyecto_III/g12_prii3/g12_prii3_ws/src/g12_prii3_nav_turtlebot/install/g12_prii3_nav_turtlebot/share/g12_prii3_nav_turtlebot/models/ar_marker_3/model.config
/home/rodrigo/Proyecto_III/g12_prii3/g12_prii3_ws/src/g12_prii3_nav_turtlebot/install/g12_prii3_nav_turtlebot/share/g12_prii3_nav_turtlebot/models/ar_marker_3/model.sdf
/home/rodrigo/Proyecto_III/g12_prii3/g12_prii3_ws/src/g12_prii3_nav_turtlebot/install/g12_prii3_nav_turtlebot/share/g12_prii3_nav_turtlebot/models/ar_marker_3/meshes/Marker3.png
/home/rodrigo/Proyecto_III/g12_prii3/g12_prii3_ws/src/g12_prii3_nav_turtlebot/install/g12_prii3_nav_turtlebot/share/g12_prii3_nav_turtlebot/models/ar_marker_3/meshes/Marker3.dae
/home/rodrigo/Proyecto_III/g12_prii3/g12_prii3_ws/src/g12_prii3_nav_turtlebot/install/g12_prii3_nav_turtlebot/share/g12_prii3_nav_turtlebot/models/ar_marker_1/model-1_4.sdf
/home/rodrigo/Proyecto_III/g12_prii3/g12_prii3_ws/src/g12_prii3_nav_turtlebot/install/g12_prii3_nav_turtlebot/share/g12_prii3_nav_turtlebot/models/ar_marker_1/model-1_5.sdf
/home/rodrigo/Proyecto_III/g12_prii3/g12_prii3_ws/src/g12_prii3_nav_turtlebot/install/g12_prii3_nav_turtlebot/share/g12_prii3_nav_turtlebot/models/ar_marker_1/model.config
/home/rodrigo/Proyecto_III/g12_prii3/g12_prii3_ws/src/g12_prii3_nav_turtlebot/install/g12_prii3_nav_turtlebot/share/g12_prii3_nav_turtlebot/models/ar_marker_1/model.sdf
/home/rodrigo/Proyecto_III/g12_prii3/g12_prii3_ws/src/g12_prii3_nav_turtlebot/install/g12_prii3_nav_turtlebot/share/g12_prii3_nav_turtlebot/models/ar_marker_1/meshes/Marker1.png
/home/rodrigo/Proyecto_III/g12_prii3/g12_prii3_ws/src/g12_prii3_nav_turtlebot/install/g12_prii3_nav_turtlebot/share/g12_prii3_nav_turtlebot/models/ar_marker_1/meshes/Marker1.dae
/home/rodrigo/Proyecto_III/g12_prii3/g12_prii3_ws/src/g12_prii3_nav_turtlebot/install/g12_prii3_nav_turtlebot/share/g12_prii3_nav_turtlebot/models/ar_marker_2/model-1_4.sdf
/home/rodrigo/Proyecto_III/g12_prii3/g12_prii3_ws/src/g12_prii3_nav_turtlebot/install/g12_prii3_nav_turtlebot/share/g12_prii3_nav_turtlebot/models/ar_marker_2/model-1_5.sdf
/home/rodrigo/Proyecto_III/g12_prii3/g12_prii3_ws/src/g12_prii3_nav_turtlebot/install/g12_prii3_nav_turtlebot/share/g12_prii3_nav_turtlebot/models/ar_marker_2/model.config
/home/rodrigo/Proyecto_III/g12_prii3/g12_prii3_ws/src/g12_prii3_nav_turtlebot/install/g12_prii3_nav_turtlebot/share/g12_prii3_nav_turtlebot/models/ar_marker_2/model.sdf
/home/rodrigo/Proyecto_III/g12_prii3/g12_prii3_ws/src/g12_prii3_nav_turtlebot/install/g12_prii3_nav_turtlebot/share/g12_prii3_nav_turtlebot/models/ar_marker_2/meshes/Marker2.dae
/home/rodrigo/Proyecto_III/g12_prii3/g12_prii3_ws/src/g12_prii3_nav_turtlebot/install/g12_prii3_nav_turtlebot/share/g12_prii3_nav_turtlebot/models/ar_marker_2/meshes/Marker2.png
/home/rodrigo/Proyecto_III/g12_prii3/g12_prii3_ws/src/g12_prii3_nav_turtlebot/install/g12_prii3_nav_turtlebot/share/g12_prii3_nav_turtlebot/maps/map.yaml
/home/rodrigo/Proyecto_III/g12_prii3/g12_prii3_ws/src/g12_prii3_nav_turtlebot/install/g12_prii3_nav_turtlebot/share/g12_prii3_nav_turtlebot/maps/map.pgm
/home/rodrigo/Proyecto_III/g12_prii3/g12_prii3_ws/src/g12_prii3_nav_turtlebot/install/g12_prii3_nav_turtlebot/lib/python3.8/site-packages/g12_prii3_nav_turtlebot-0.0.0-py3.8.egg-info/requires.txt
/home/rodrigo/Proyecto_III/g12_prii3/g12_prii3_ws/src/g12_prii3_nav_turtlebot/install/g12_prii3_nav_turtlebot/lib/python3.8/site-packages/g12_prii3_nav_turtlebot-0.0.0-py3.8.egg-info/zip-safe
/home/rodrigo/Proyecto_III/g12_prii3/g12_prii3_ws/src/g12_prii3_nav_turtlebot/install/g12_prii3_nav_turtlebot/lib/python3.8/site-packages/g12_prii3_nav_turtlebot-0.0.0-py3.8.egg-info/dependency_links.txt
/home/rodrigo/Proyecto_III/g12_prii3/g12_prii3_ws/src/g12_prii3_nav_turtlebot/install/g12_prii3_nav_turtlebot/lib/python3.8/site-packages/g12_prii3_nav_turtlebot-0.0.0-py3.8.egg-info/SOURCES.txt
/home/rodrigo/Proyecto_III/g12_prii3/g12_prii3_ws/src/g12_prii3_nav_turtlebot/install/g12_prii3_nav_turtlebot/lib/python3.8/site-packages/g12_prii3_nav_turtlebot-0.0.0-py3.8.egg-info/entry_points.txt
/home/rodrigo/Proyecto_III/g12_prii3/g12_prii3_ws/src/g12_prii3_nav_turtlebot/install/g12_prii3_nav_turtlebot/lib/python3.8/site-packages/g12_prii3_nav_turtlebot-0.0.0-py3.8.egg-info/PKG-INFO
/home/rodrigo/Proyecto_III/g12_prii3/g12_prii3_ws/src/g12_prii3_nav_turtlebot/install/g12_prii3_nav_turtlebot/lib/python3.8/site-packages/g12_prii3_nav_turtlebot-0.0.0-py3.8.egg-info/top_level.txt
/home/rodrigo/Proyecto_III/g12_prii3/g12_prii3_ws/src/g12_prii3_nav_turtlebot/install/g12_prii3_nav_turtlebot/lib/g12_prii3_nav_turtlebot/autonomous_navigation
/home/rodrigo/Proyecto_III/g12_prii3/g12_prii3_ws/src/g12_prii3_nav_turtlebot/install/g12_prii3_nav_turtlebot/lib/g12_prii3_nav_turtlebot/predefined_nav
