[0.776s] Invoking command in '/home/rodrigo/Proyecto_III/g12_prii3_ws/src/g12_prii3_turtlesim': PYTHONPATH=/home/rodrigo/Proyecto_III/g12_prii3_ws/src/g12_prii3_turtlesim/build/g12_prii3_turtlesim/prefix_override:/usr/lib/python3/dist-packages/colcon_core/task/python/colcon_distutils_commands:/home/rodrigo/Proyecto_III/g12_prii3_ws/src/g12_prii3_turtlesim/install/g12_prii3_turtlesim/lib/python3.8/site-packages:${PYTHONPATH} /usr/bin/python3 -W ignore:setup.py install is deprecated -W ignore:easy_install command is deprecated setup.py egg_info --egg-base build/g12_prii3_turtlesim build --build-base /home/rodrigo/Proyecto_III/g12_prii3_ws/src/g12_prii3_turtlesim/build/g12_prii3_turtlesim/build install --record /home/rodrigo/Proyecto_III/g12_prii3_ws/src/g12_prii3_turtlesim/build/g12_prii3_turtlesim/install.log --install-scripts $base/lib/g12_prii3_turtlesim --single-version-externally-managed install_data
[1.040s] running egg_info
[1.041s] creating build/g12_prii3_turtlesim/g12_prii3_turtlesim.egg-info
[1.041s] writing build/g12_prii3_turtlesim/g12_prii3_turtlesim.egg-info/PKG-INFO
[1.041s] writing dependency_links to build/g12_prii3_turtlesim/g12_prii3_turtlesim.egg-info/dependency_links.txt
[1.041s] writing entry points to build/g12_prii3_turtlesim/g12_prii3_turtlesim.egg-info/entry_points.txt
[1.041s] writing requirements to build/g12_prii3_turtlesim/g12_prii3_turtlesim.egg-info/requires.txt
[1.042s] writing top-level names to build/g12_prii3_turtlesim/g12_prii3_turtlesim.egg-info/top_level.txt
[1.043s] writing manifest file 'build/g12_prii3_turtlesim/g12_prii3_turtlesim.egg-info/SOURCES.txt'
[1.084s] reading manifest file 'build/g12_prii3_turtlesim/g12_prii3_turtlesim.egg-info/SOURCES.txt'
[1.085s] writing manifest file 'build/g12_prii3_turtlesim/g12_prii3_turtlesim.egg-info/SOURCES.txt'
[1.085s] running build
[1.085s] running build_py
[1.085s] creating /home/rodrigo/Proyecto_III/g12_prii3_ws/src/g12_prii3_turtlesim/build/g12_prii3_turtlesim/build
[1.086s] creating /home/rodrigo/Proyecto_III/g12_prii3_ws/src/g12_prii3_turtlesim/build/g12_prii3_turtlesim/build/lib
[1.086s] creating /home/rodrigo/Proyecto_III/g12_prii3_ws/src/g12_prii3_turtlesim/build/g12_prii3_turtlesim/build/lib/g12_prii3_turtlesim
[1.086s] copying g12_prii3_turtlesim/__init__.py -> /home/rodrigo/Proyecto_III/g12_prii3_ws/src/g12_prii3_turtlesim/build/g12_prii3_turtlesim/build/lib/g12_prii3_turtlesim
[1.086s] copying g12_prii3_turtlesim/mover_tortuga.py -> /home/rodrigo/Proyecto_III/g12_prii3_ws/src/g12_prii3_turtlesim/build/g12_prii3_turtlesim/build/lib/g12_prii3_turtlesim
[1.086s] running install
[1.086s] running install_lib
[1.088s] creating /home/rodrigo/Proyecto_III/g12_prii3_ws/src/g12_prii3_turtlesim/install/g12_prii3_turtlesim/lib/python3.8/site-packages/g12_prii3_turtlesim
[1.088s] copying /home/rodrigo/Proyecto_III/g12_prii3_ws/src/g12_prii3_turtlesim/build/g12_prii3_turtlesim/build/lib/g12_prii3_turtlesim/__init__.py -> /home/rodrigo/Proyecto_III/g12_prii3_ws/src/g12_prii3_turtlesim/install/g12_prii3_turtlesim/lib/python3.8/site-packages/g12_prii3_turtlesim
[1.088s] copying /home/rodrigo/Proyecto_III/g12_prii3_ws/src/g12_prii3_turtlesim/build/g12_prii3_turtlesim/build/lib/g12_prii3_turtlesim/mover_tortuga.py -> /home/rodrigo/Proyecto_III/g12_prii3_ws/src/g12_prii3_turtlesim/install/g12_prii3_turtlesim/lib/python3.8/site-packages/g12_prii3_turtlesim
[1.088s] byte-compiling /home/rodrigo/Proyecto_III/g12_prii3_ws/src/g12_prii3_turtlesim/install/g12_prii3_turtlesim/lib/python3.8/site-packages/g12_prii3_turtlesim/__init__.py to __init__.cpython-38.pyc
[1.090s] byte-compiling /home/rodrigo/Proyecto_III/g12_prii3_ws/src/g12_prii3_turtlesim/install/g12_prii3_turtlesim/lib/python3.8/site-packages/g12_prii3_turtlesim/mover_tortuga.py to mover_tortuga.cpython-38.pyc
[1.090s] running install_data
[1.091s] creating /home/rodrigo/Proyecto_III/g12_prii3_ws/src/g12_prii3_turtlesim/install/g12_prii3_turtlesim/share/ament_index
[1.091s] creating /home/rodrigo/Proyecto_III/g12_prii3_ws/src/g12_prii3_turtlesim/install/g12_prii3_turtlesim/share/ament_index/resource_index
[1.091s] creating /home/rodrigo/Proyecto_III/g12_prii3_ws/src/g12_prii3_turtlesim/install/g12_prii3_turtlesim/share/ament_index/resource_index/packages
[1.091s] copying resource/g12_prii3_turtlesim -> /home/rodrigo/Proyecto_III/g12_prii3_ws/src/g12_prii3_turtlesim/install/g12_prii3_turtlesim/share/ament_index/resource_index/packages
[1.091s] copying package.xml -> /home/rodrigo/Proyecto_III/g12_prii3_ws/src/g12_prii3_turtlesim/install/g12_prii3_turtlesim/share/g12_prii3_turtlesim
[1.091s] creating /home/rodrigo/Proyecto_III/g12_prii3_ws/src/g12_prii3_turtlesim/install/g12_prii3_turtlesim/share/g12_prii3_turtlesim/launch
[1.091s] copying launch/mover_tortuga.launch.py -> /home/rodrigo/Proyecto_III/g12_prii3_ws/src/g12_prii3_turtlesim/install/g12_prii3_turtlesim/share/g12_prii3_turtlesim/launch
[1.092s] running install_egg_info
[1.093s] Copying build/g12_prii3_turtlesim/g12_prii3_turtlesim.egg-info to /home/rodrigo/Proyecto_III/g12_prii3_ws/src/g12_prii3_turtlesim/install/g12_prii3_turtlesim/lib/python3.8/site-packages/g12_prii3_turtlesim-0.0.0-py3.8.egg-info
[1.094s] running install_scripts
[1.115s] Installing mover_tortuga script to /home/rodrigo/Proyecto_III/g12_prii3_ws/src/g12_prii3_turtlesim/install/g12_prii3_turtlesim/lib/g12_prii3_turtlesim
[1.115s] writing list of installed files to '/home/rodrigo/Proyecto_III/g12_prii3_ws/src/g12_prii3_turtlesim/build/g12_prii3_turtlesim/install.log'
[1.137s] Invoked command in '/home/rodrigo/Proyecto_III/g12_prii3_ws/src/g12_prii3_turtlesim' returned '0': PYTHONPATH=/home/rodrigo/Proyecto_III/g12_prii3_ws/src/g12_prii3_turtlesim/build/g12_prii3_turtlesim/prefix_override:/usr/lib/python3/dist-packages/colcon_core/task/python/colcon_distutils_commands:/home/rodrigo/Proyecto_III/g12_prii3_ws/src/g12_prii3_turtlesim/install/g12_prii3_turtlesim/lib/python3.8/site-packages:${PYTHONPATH} /usr/bin/python3 -W ignore:setup.py install is deprecated -W ignore:easy_install command is deprecated setup.py egg_info --egg-base build/g12_prii3_turtlesim build --build-base /home/rodrigo/Proyecto_III/g12_prii3_ws/src/g12_prii3_turtlesim/build/g12_prii3_turtlesim/build install --record /home/rodrigo/Proyecto_III/g12_prii3_ws/src/g12_prii3_turtlesim/build/g12_prii3_turtlesim/install.log --install-scripts $base/lib/g12_prii3_turtlesim --single-version-externally-managed install_data
