running develop
running egg_info
creating g12_prii3_turtlesim.egg-info
writing g12_prii3_turtlesim.egg-info/PKG-INFO
writing dependency_links to g12_prii3_turtlesim.egg-info/dependency_links.txt
writing entry points to g12_prii3_turtlesim.egg-info/entry_points.txt
writing requirements to g12_prii3_turtlesim.egg-info/requires.txt
writing top-level names to g12_prii3_turtlesim.egg-info/top_level.txt
writing manifest file 'g12_prii3_turtlesim.egg-info/SOURCES.txt'
reading manifest file 'g12_prii3_turtlesim.egg-info/SOURCES.txt'
writing manifest file 'g12_prii3_turtlesim.egg-info/SOURCES.txt'
running build_ext
Creating /home/rodrigo/Proyecto_III/g12_prii3_ws/install/g12_prii3_turtlesim/lib/python3.8/site-packages/site.py
Creating /home/rodrigo/Proyecto_III/g12_prii3_ws/install/g12_prii3_turtlesim/lib/python3.8/site-packages/g12-prii3-turtlesim.egg-link (link to .)
Installing mover_tortuga script to /home/rodrigo/Proyecto_III/g12_prii3_ws/install/g12_prii3_turtlesim/bin

Installed /home/rodrigo/Proyecto_III/g12_prii3_ws/build/g12_prii3_turtlesim
running symlink_data
creating /home/rodrigo/Proyecto_III/g12_prii3_ws/install/g12_prii3_turtlesim/share
creating /home/rodrigo/Proyecto_III/g12_prii3_ws/install/g12_prii3_turtlesim/share/ament_index
creating /home/rodrigo/Proyecto_III/g12_prii3_ws/install/g12_prii3_turtlesim/share/ament_index/resource_index
creating /home/rodrigo/Proyecto_III/g12_prii3_ws/install/g12_prii3_turtlesim/share/ament_index/resource_index/packages
