[1.513s] Invoking command in '/home/rodrigo/Proyecto_III/g12_prii3_ws/build/g12_prii3_turtlesim': PYTHONPATH=/home/rodrigo/Proyecto_III/g12_prii3_ws/build/g12_prii3_turtlesim/prefix_override:/usr/lib/python3/dist-packages/colcon_core/task/python/colcon_distutils_commands:/home/rodrigo/Proyecto_III/g12_prii3_ws/install/g12_prii3_turtlesim/lib/python3.8/site-packages:${PYTHONPATH} /usr/bin/python3 -W ignore:setup.py install is deprecated -W ignore:easy_install command is deprecated setup.py develop --editable --build-directory /home/rodrigo/Proyecto_III/g12_prii3_ws/build/g12_prii3_turtlesim/build --no-deps symlink_data
[1.821s] running develop
[2.009s] running egg_info
[2.010s] creating g12_prii3_turtlesim.egg-info
[2.010s] writing g12_prii3_turtlesim.egg-info/PKG-INFO
[2.010s] writing dependency_links to g12_prii3_turtlesim.egg-info/dependency_links.txt
[2.011s] writing entry points to g12_prii3_turtlesim.egg-info/entry_points.txt
[2.011s] writing requirements to g12_prii3_turtlesim.egg-info/requires.txt
[2.011s] writing top-level names to g12_prii3_turtlesim.egg-info/top_level.txt
[2.014s] writing manifest file 'g12_prii3_turtlesim.egg-info/SOURCES.txt'
[2.059s] package init file 'g12_prii3_turtlesim/__init__.py' not found (or not a regular file)
[2.060s] reading manifest file 'g12_prii3_turtlesim.egg-info/SOURCES.txt'
[2.061s] writing manifest file 'g12_prii3_turtlesim.egg-info/SOURCES.txt'
[2.109s] running build_ext
[2.110s] Creating /home/rodrigo/Proyecto_III/g12_prii3_ws/install/g12_prii3_turtlesim/lib/python3.8/site-packages/site.py
[2.113s] Creating /home/rodrigo/Proyecto_III/g12_prii3_ws/install/g12_prii3_turtlesim/lib/python3.8/site-packages/g12-prii3-turtlesim.egg-link (link to .)
[2.114s] Installing mover_tortuga script to /home/rodrigo/Proyecto_III/g12_prii3_ws/install/g12_prii3_turtlesim/bin
[2.115s] 
[2.115s] Installed /home/rodrigo/Proyecto_III/g12_prii3_ws/build/g12_prii3_turtlesim
[2.115s] running symlink_data
[2.115s] creating /home/rodrigo/Proyecto_III/g12_prii3_ws/install/g12_prii3_turtlesim/share
[2.116s] creating /home/rodrigo/Proyecto_III/g12_prii3_ws/install/g12_prii3_turtlesim/share/ament_index
[2.116s] creating /home/rodrigo/Proyecto_III/g12_prii3_ws/install/g12_prii3_turtlesim/share/ament_index/resource_index
[2.116s] creating /home/rodrigo/Proyecto_III/g12_prii3_ws/install/g12_prii3_turtlesim/share/ament_index/resource_index/packages
[2.116s] error: can't copy '/home/rodrigo/Proyecto_III/g12_prii3_ws/build/g12_prii3_turtlesim/resource/g12_prii3_turtlesim': doesn't exist or not a regular file
[2.152s] Invoked command in '/home/rodrigo/Proyecto_III/g12_prii3_ws/build/g12_prii3_turtlesim' returned '1': PYTHONPATH=/home/rodrigo/Proyecto_III/g12_prii3_ws/build/g12_prii3_turtlesim/prefix_override:/usr/lib/python3/dist-packages/colcon_core/task/python/colcon_distutils_commands:/home/rodrigo/Proyecto_III/g12_prii3_ws/install/g12_prii3_turtlesim/lib/python3.8/site-packages:${PYTHONPATH} /usr/bin/python3 -W ignore:setup.py install is deprecated -W ignore:easy_install command is deprecated setup.py develop --editable --build-directory /home/rodrigo/Proyecto_III/g12_prii3_ws/build/g12_prii3_turtlesim/build --no-deps symlink_data
