running develop
running egg_info
creating g12_prii3_move_turtlebot.egg-info
writing g12_prii3_move_turtlebot.egg-info/PKG-INFO
writing dependency_links to g12_prii3_move_turtlebot.egg-info/dependency_links.txt
writing entry points to g12_prii3_move_turtlebot.egg-info/entry_points.txt
writing requirements to g12_prii3_move_turtlebot.egg-info/requires.txt
writing top-level names to g12_prii3_move_turtlebot.egg-info/top_level.txt
writing manifest file 'g12_prii3_move_turtlebot.egg-info/SOURCES.txt'
reading manifest file 'g12_prii3_move_turtlebot.egg-info/SOURCES.txt'
writing manifest file 'g12_prii3_move_turtlebot.egg-info/SOURCES.txt'
running build_ext
Creating /home/rodrigo/Proyecto_III/g12_prii3_ws/install/g12_prii3_move_turtlebot/lib/python3.8/site-packages/site.py
Creating /home/rodrigo/Proyecto_III/g12_prii3_ws/install/g12_prii3_move_turtlebot/lib/python3.8/site-packages/g12-prii3-move-turtlebot.egg-link (link to .)
Installing collision_avoidance script to /home/rodrigo/Proyecto_III/g12_prii3_ws/install/g12_prii3_move_turtlebot/lib/g12_prii3_move_turtlebot
Installing draw_number script to /home/rodrigo/Proyecto_III/g12_prii3_ws/install/g12_prii3_move_turtlebot/lib/g12_prii3_move_turtlebot
Installing obstacle_avoidance script to /home/rodrigo/Proyecto_III/g12_prii3_ws/install/g12_prii3_move_turtlebot/lib/g12_prii3_move_turtlebot

Installed /home/rodrigo/Proyecto_III/g12_prii3_ws/build/g12_prii3_move_turtlebot
running symlink_data
creating /home/rodrigo/Proyecto_III/g12_prii3_ws/install/g12_prii3_move_turtlebot/share/ament_index
creating /home/rodrigo/Proyecto_III/g12_prii3_ws/install/g12_prii3_move_turtlebot/share/ament_index/resource_index
creating /home/rodrigo/Proyecto_III/g12_prii3_ws/install/g12_prii3_move_turtlebot/share/ament_index/resource_index/packages
symbolically linking /home/rodrigo/Proyecto_III/g12_prii3_ws/build/g12_prii3_move_turtlebot/resource/g12_prii3_move_turtlebot -> /home/rodrigo/Proyecto_III/g12_prii3_ws/install/g12_prii3_move_turtlebot/share/ament_index/resource_index/packages
symbolically linking /home/rodrigo/Proyecto_III/g12_prii3_ws/build/g12_prii3_move_turtlebot/package.xml -> /home/rodrigo/Proyecto_III/g12_prii3_ws/install/g12_prii3_move_turtlebot/share/g12_prii3_move_turtlebot
creating /home/rodrigo/Proyecto_III/g12_prii3_ws/install/g12_prii3_move_turtlebot/share/g12_prii3_move_turtlebot/launch
symbolically linking /home/rodrigo/Proyecto_III/g12_prii3_ws/build/g12_prii3_move_turtlebot/launch/draw_and_collision.launch.py -> /home/rodrigo/Proyecto_III/g12_prii3_ws/install/g12_prii3_move_turtlebot/share/g12_prii3_move_turtlebot/launch
symbolically linking /home/rodrigo/Proyecto_III/g12_prii3_ws/build/g12_prii3_move_turtlebot/launch/draw_and_obstacle.launch.py -> /home/rodrigo/Proyecto_III/g12_prii3_ws/install/g12_prii3_move_turtlebot/share/g12_prii3_move_turtlebot/launch
symbolically linking /home/rodrigo/Proyecto_III/g12_prii3_ws/build/g12_prii3_move_turtlebot/launch/draw_number_only.launch.py -> /home/rodrigo/Proyecto_III/g12_prii3_ws/install/g12_prii3_move_turtlebot/share/g12_prii3_move_turtlebot/launch
