[0.470s] Invoking command in '/home/rodrigo/Proyecto_III/g12_prii3_ws/build/g12_prii3_turtlesim': PYTHONPATH=/home/rodrigo/Proyecto_III/g12_prii3_ws/build/g12_prii3_turtlesim/prefix_override:/usr/lib/python3/dist-packages/colcon_core/task/python/colcon_distutils_commands:/home/rodrigo/Proyecto_III/g12_prii3_ws/install/g12_prii3_turtlesim/lib/python3.8/site-packages:${PYTHONPATH} /usr/bin/python3 -W ignore:setup.py install is deprecated -W ignore:easy_install command is deprecated setup.py develop --editable --build-directory /home/rodrigo/Proyecto_III/g12_prii3_ws/build/g12_prii3_turtlesim/build --no-deps symlink_data --force
[0.648s] running develop
[0.748s] running egg_info
[0.748s] writing g12_prii3_turtlesim.egg-info/PKG-INFO
[0.749s] writing dependency_links to g12_prii3_turtlesim.egg-info/dependency_links.txt
[0.749s] writing entry points to g12_prii3_turtlesim.egg-info/entry_points.txt
[0.749s] writing requirements to g12_prii3_turtlesim.egg-info/requires.txt
[0.749s] writing top-level names to g12_prii3_turtlesim.egg-info/top_level.txt
[0.774s] reading manifest file 'g12_prii3_turtlesim.egg-info/SOURCES.txt'
[0.775s] writing manifest file 'g12_prii3_turtlesim.egg-info/SOURCES.txt'
[0.802s] running build_ext
[0.803s] Creating /home/rodrigo/Proyecto_III/g12_prii3_ws/install/g12_prii3_turtlesim/lib/python3.8/site-packages/site.py
[0.804s] Creating /home/rodrigo/Proyecto_III/g12_prii3_ws/install/g12_prii3_turtlesim/lib/python3.8/site-packages/g12-prii3-turtlesim.egg-link (link to .)
[0.805s] Installing mover_tortuga script to /home/rodrigo/Proyecto_III/g12_prii3_ws/install/g12_prii3_turtlesim/lib/g12_prii3_turtlesim
[0.805s] 
[0.805s] Installed /home/rodrigo/Proyecto_III/g12_prii3_ws/build/g12_prii3_turtlesim
[0.805s] running symlink_data
[0.806s] symbolically linking /home/rodrigo/Proyecto_III/g12_prii3_ws/build/g12_prii3_turtlesim/resource/g12_prii3_turtlesim -> /home/rodrigo/Proyecto_III/g12_prii3_ws/install/g12_prii3_turtlesim/share/ament_index/resource_index/packages
[0.806s] symbolically linking /home/rodrigo/Proyecto_III/g12_prii3_ws/build/g12_prii3_turtlesim/package.xml -> /home/rodrigo/Proyecto_III/g12_prii3_ws/install/g12_prii3_turtlesim/share/g12_prii3_turtlesim
[0.824s] Invoked command in '/home/rodrigo/Proyecto_III/g12_prii3_ws/build/g12_prii3_turtlesim' returned '0': PYTHONPATH=/home/rodrigo/Proyecto_III/g12_prii3_ws/build/g12_prii3_turtlesim/prefix_override:/usr/lib/python3/dist-packages/colcon_core/task/python/colcon_distutils_commands:/home/rodrigo/Proyecto_III/g12_prii3_ws/install/g12_prii3_turtlesim/lib/python3.8/site-packages:${PYTHONPATH} /usr/bin/python3 -W ignore:setup.py install is deprecated -W ignore:easy_install command is deprecated setup.py develop --editable --build-directory /home/rodrigo/Proyecto_III/g12_prii3_ws/build/g12_prii3_turtlesim/build --no-deps symlink_data --force
