running develop
Removing /home/rodrigo/Proyecto_III/g12_prii3_ws/install/g12_prii3_turtlesim/lib/python3.8/site-packages/g12-prii3-turtlesim.egg-link (link to .)
running egg_info
writing ../../build/g12_prii3_turtlesim/g12_prii3_turtlesim.egg-info/PKG-INFO
writing dependency_links to ../../build/g12_prii3_turtlesim/g12_prii3_turtlesim.egg-info/dependency_links.txt
writing entry points to ../../build/g12_prii3_turtlesim/g12_prii3_turtlesim.egg-info/entry_points.txt
writing requirements to ../../build/g12_prii3_turtlesim/g12_prii3_turtlesim.egg-info/requires.txt
writing top-level names to ../../build/g12_prii3_turtlesim/g12_prii3_turtlesim.egg-info/top_level.txt
reading manifest file '../../build/g12_prii3_turtlesim/g12_prii3_turtlesim.egg-info/SOURCES.txt'
writing manifest file '../../build/g12_prii3_turtlesim/g12_prii3_turtlesim.egg-info/SOURCES.txt'
running build
running build_py
creating /home/rodrigo/Proyecto_III/g12_prii3_ws/build/g12_prii3_turtlesim/build
creating /home/rodrigo/Proyecto_III/g12_prii3_ws/build/g12_prii3_turtlesim/build/lib
creating /home/rodrigo/Proyecto_III/g12_prii3_ws/build/g12_prii3_turtlesim/build/lib/g12_prii3_turtlesim
copying g12_prii3_turtlesim/mover_tortuga.py -> /home/rodrigo/Proyecto_III/g12_prii3_ws/build/g12_prii3_turtlesim/build/lib/g12_prii3_turtlesim
running install
running install_lib
creating /home/rodrigo/Proyecto_III/g12_prii3_ws/install/g12_prii3_turtlesim/lib/python3.8/site-packages/g12_prii3_turtlesim
copying /home/rodrigo/Proyecto_III/g12_prii3_ws/build/g12_prii3_turtlesim/build/lib/g12_prii3_turtlesim/mover_tortuga.py -> /home/rodrigo/Proyecto_III/g12_prii3_ws/install/g12_prii3_turtlesim/lib/python3.8/site-packages/g12_prii3_turtlesim
byte-compiling /home/rodrigo/Proyecto_III/g12_prii3_ws/install/g12_prii3_turtlesim/lib/python3.8/site-packages/g12_prii3_turtlesim/mover_tortuga.py to mover_tortuga.cpython-38.pyc
running install_data
