[2.681s] Invoking command in '/home/rodrigo/Proyecto_III/g12_prii3/g12_prii3_ws/src/g12_prii3_move_turtlebot': PYTHONPATH=/home/rodrigo/Proyecto_III/g12_prii3/build/g12_prii3_move_turtlebot/prefix_override:/usr/lib/python3/dist-packages/colcon_core/task/python/colcon_distutils_commands:/home/rodrigo/Proyecto_III/g12_prii3/install/g12_prii3_move_turtlebot/lib/python3.8/site-packages:${PYTHONPATH} /usr/bin/python3 -W ignore:setup.py install is deprecated -W ignore:easy_install command is deprecated setup.py egg_info --egg-base ../../../build/g12_prii3_move_turtlebot build --build-base /home/rodrigo/Proyecto_III/g12_prii3/build/g12_prii3_move_turtlebot/build install --record /home/rodrigo/Proyecto_III/g12_prii3/build/g12_prii3_move_turtlebot/install.log --install-scripts $base/lib/g12_prii3_move_turtlebot --single-version-externally-managed install_data
[3.212s] running egg_info
[3.213s] creating ../../../build/g12_prii3_move_turtlebot/g12_prii3_move_turtlebot.egg-info
[3.214s] writing ../../../build/g12_prii3_move_turtlebot/g12_prii3_move_turtlebot.egg-info/PKG-INFO
[3.214s] writing dependency_links to ../../../build/g12_prii3_move_turtlebot/g12_prii3_move_turtlebot.egg-info/dependency_links.txt
[3.215s] writing entry points to ../../../build/g12_prii3_move_turtlebot/g12_prii3_move_turtlebot.egg-info/entry_points.txt
[3.215s] writing requirements to ../../../build/g12_prii3_move_turtlebot/g12_prii3_move_turtlebot.egg-info/requires.txt
[3.216s] writing top-level names to ../../../build/g12_prii3_move_turtlebot/g12_prii3_move_turtlebot.egg-info/top_level.txt
[3.218s] writing manifest file '../../../build/g12_prii3_move_turtlebot/g12_prii3_move_turtlebot.egg-info/SOURCES.txt'
[3.308s] reading manifest file '../../../build/g12_prii3_move_turtlebot/g12_prii3_move_turtlebot.egg-info/SOURCES.txt'
[3.308s] writing manifest file '../../../build/g12_prii3_move_turtlebot/g12_prii3_move_turtlebot.egg-info/SOURCES.txt'
[3.312s] running build
[3.312s] running build_py
[3.313s] creating /home/rodrigo/Proyecto_III/g12_prii3/build/g12_prii3_move_turtlebot/build
[3.313s] creating /home/rodrigo/Proyecto_III/g12_prii3/build/g12_prii3_move_turtlebot/build/lib
[3.313s] creating /home/rodrigo/Proyecto_III/g12_prii3/build/g12_prii3_move_turtlebot/build/lib/g12_prii3_move_turtlebot
[3.313s] copying g12_prii3_move_turtlebot/draw_number.py -> /home/rodrigo/Proyecto_III/g12_prii3/build/g12_prii3_move_turtlebot/build/lib/g12_prii3_move_turtlebot
[3.314s] copying g12_prii3_move_turtlebot/__init__.py -> /home/rodrigo/Proyecto_III/g12_prii3/build/g12_prii3_move_turtlebot/build/lib/g12_prii3_move_turtlebot
[3.314s] running install
[3.314s] running install_lib
[3.314s] creating /home/rodrigo/Proyecto_III/g12_prii3/install/g12_prii3_move_turtlebot/lib/python3.8/site-packages/g12_prii3_move_turtlebot
[3.315s] copying /home/rodrigo/Proyecto_III/g12_prii3/build/g12_prii3_move_turtlebot/build/lib/g12_prii3_move_turtlebot/draw_number.py -> /home/rodrigo/Proyecto_III/g12_prii3/install/g12_prii3_move_turtlebot/lib/python3.8/site-packages/g12_prii3_move_turtlebot
[3.315s] copying /home/rodrigo/Proyecto_III/g12_prii3/build/g12_prii3_move_turtlebot/build/lib/g12_prii3_move_turtlebot/__init__.py -> /home/rodrigo/Proyecto_III/g12_prii3/install/g12_prii3_move_turtlebot/lib/python3.8/site-packages/g12_prii3_move_turtlebot
[3.315s] byte-compiling /home/rodrigo/Proyecto_III/g12_prii3/install/g12_prii3_move_turtlebot/lib/python3.8/site-packages/g12_prii3_move_turtlebot/draw_number.py to draw_number.cpython-38.pyc
[3.324s] byte-compiling /home/rodrigo/Proyecto_III/g12_prii3/install/g12_prii3_move_turtlebot/lib/python3.8/site-packages/g12_prii3_move_turtlebot/__init__.py to __init__.cpython-38.pyc
[3.324s] running install_data
[3.325s] creating /home/rodrigo/Proyecto_III/g12_prii3/install/g12_prii3_move_turtlebot/share/ament_index
[3.325s] creating /home/rodrigo/Proyecto_III/g12_prii3/install/g12_prii3_move_turtlebot/share/ament_index/resource_index
[3.325s] creating /home/rodrigo/Proyecto_III/g12_prii3/install/g12_prii3_move_turtlebot/share/ament_index/resource_index/packages
[3.325s] copying resource/g12_prii3_move_turtlebot -> /home/rodrigo/Proyecto_III/g12_prii3/install/g12_prii3_move_turtlebot/share/ament_index/resource_index/packages
[3.326s] copying package.xml -> /home/rodrigo/Proyecto_III/g12_prii3/install/g12_prii3_move_turtlebot/share/g12_prii3_move_turtlebot
[3.326s] creating /home/rodrigo/Proyecto_III/g12_prii3/install/g12_prii3_move_turtlebot/share/g12_prii3_move_turtlebot/launch
[3.326s] copying launch/draw_number.launch.py -> /home/rodrigo/Proyecto_III/g12_prii3/install/g12_prii3_move_turtlebot/share/g12_prii3_move_turtlebot/launch
[3.326s] running install_egg_info
[3.327s] Copying ../../../build/g12_prii3_move_turtlebot/g12_prii3_move_turtlebot.egg-info to /home/rodrigo/Proyecto_III/g12_prii3/install/g12_prii3_move_turtlebot/lib/python3.8/site-packages/g12_prii3_move_turtlebot-0.0.0-py3.8.egg-info
[3.332s] running install_scripts
[3.372s] Installing collision_avoidance script to /home/rodrigo/Proyecto_III/g12_prii3/install/g12_prii3_move_turtlebot/lib/g12_prii3_move_turtlebot
[3.373s] Installing draw_number script to /home/rodrigo/Proyecto_III/g12_prii3/install/g12_prii3_move_turtlebot/lib/g12_prii3_move_turtlebot
[3.373s] writing list of installed files to '/home/rodrigo/Proyecto_III/g12_prii3/build/g12_prii3_move_turtlebot/install.log'
[3.442s] Invoked command in '/home/rodrigo/Proyecto_III/g12_prii3/g12_prii3_ws/src/g12_prii3_move_turtlebot' returned '0': PYTHONPATH=/home/rodrigo/Proyecto_III/g12_prii3/build/g12_prii3_move_turtlebot/prefix_override:/usr/lib/python3/dist-packages/colcon_core/task/python/colcon_distutils_commands:/home/rodrigo/Proyecto_III/g12_prii3/install/g12_prii3_move_turtlebot/lib/python3.8/site-packages:${PYTHONPATH} /usr/bin/python3 -W ignore:setup.py install is deprecated -W ignore:easy_install command is deprecated setup.py egg_info --egg-base ../../../build/g12_prii3_move_turtlebot build --build-base /home/rodrigo/Proyecto_III/g12_prii3/build/g12_prii3_move_turtlebot/build install --record /home/rodrigo/Proyecto_III/g12_prii3/build/g12_prii3_move_turtlebot/install.log --install-scripts $base/lib/g12_prii3_move_turtlebot --single-version-externally-managed install_data
