running egg_info
creating build/g12_prii3_nav_turtlebot/g12_prii3_nav_turtlebot.egg-info
writing build/g12_prii3_nav_turtlebot/g12_prii3_nav_turtlebot.egg-info/PKG-INFO
writing dependency_links to build/g12_prii3_nav_turtlebot/g12_prii3_nav_turtlebot.egg-info/dependency_links.txt
writing entry points to build/g12_prii3_nav_turtlebot/g12_prii3_nav_turtlebot.egg-info/entry_points.txt
writing requirements to build/g12_prii3_nav_turtlebot/g12_prii3_nav_turtlebot.egg-info/requires.txt
writing top-level names to build/g12_prii3_nav_turtlebot/g12_prii3_nav_turtlebot.egg-info/top_level.txt
writing manifest file 'build/g12_prii3_nav_turtlebot/g12_prii3_nav_turtlebot.egg-info/SOURCES.txt'
reading manifest file 'build/g12_prii3_nav_turtlebot/g12_prii3_nav_turtlebot.egg-info/SOURCES.txt'
writing manifest file 'build/g12_prii3_nav_turtlebot/g12_prii3_nav_turtlebot.egg-info/SOURCES.txt'
running build
running build_py
creating /home/rodrigo/Proyecto_III/g12_prii3/g12_prii3_ws/src/g12_prii3_nav_turtlebot/build/g12_prii3_nav_turtlebot/build
creating /home/rodrigo/Proyecto_III/g12_prii3/g12_prii3_ws/src/g12_prii3_nav_turtlebot/build/g12_prii3_nav_turtlebot/build/lib
creating /home/rodrigo/Proyecto_III/g12_prii3/g12_prii3_ws/src/g12_prii3_nav_turtlebot/build/g12_prii3_nav_turtlebot/build/lib/g12_prii3_nav_turtlebot
copying g12_prii3_nav_turtlebot/predefined_nav_node.py -> /home/rodrigo/Proyecto_III/g12_prii3/g12_prii3_ws/src/g12_prii3_nav_turtlebot/build/g12_prii3_nav_turtlebot/build/lib/g12_prii3_nav_turtlebot
copying g12_prii3_nav_turtlebot/__init__.py -> /home/rodrigo/Proyecto_III/g12_prii3/g12_prii3_ws/src/g12_prii3_nav_turtlebot/build/g12_prii3_nav_turtlebot/build/lib/g12_prii3_nav_turtlebot
copying g12_prii3_nav_turtlebot/autonomous_navigation.py -> /home/rodrigo/Proyecto_III/g12_prii3/g12_prii3_ws/src/g12_prii3_nav_turtlebot/build/g12_prii3_nav_turtlebot/build/lib/g12_prii3_nav_turtlebot
running install
running install_lib
creating /home/rodrigo/Proyecto_III/g12_prii3/g12_prii3_ws/src/g12_prii3_nav_turtlebot/install/g12_prii3_nav_turtlebot/lib/python3.8/site-packages/g12_prii3_nav_turtlebot
copying /home/rodrigo/Proyecto_III/g12_prii3/g12_prii3_ws/src/g12_prii3_nav_turtlebot/build/g12_prii3_nav_turtlebot/build/lib/g12_prii3_nav_turtlebot/predefined_nav_node.py -> /home/rodrigo/Proyecto_III/g12_prii3/g12_prii3_ws/src/g12_prii3_nav_turtlebot/install/g12_prii3_nav_turtlebot/lib/python3.8/site-packages/g12_prii3_nav_turtlebot
copying /home/rodrigo/Proyecto_III/g12_prii3/g12_prii3_ws/src/g12_prii3_nav_turtlebot/build/g12_prii3_nav_turtlebot/build/lib/g12_prii3_nav_turtlebot/__init__.py -> /home/rodrigo/Proyecto_III/g12_prii3/g12_prii3_ws/src/g12_prii3_nav_turtlebot/install/g12_prii3_nav_turtlebot/lib/python3.8/site-packages/g12_prii3_nav_turtlebot
copying /home/rodrigo/Proyecto_III/g12_prii3/g12_prii3_ws/src/g12_prii3_nav_turtlebot/build/g12_prii3_nav_turtlebot/build/lib/g12_prii3_nav_turtlebot/autonomous_navigation.py -> /home/rodrigo/Proyecto_III/g12_prii3/g12_prii3_ws/src/g12_prii3_nav_turtlebot/install/g12_prii3_nav_turtlebot/lib/python3.8/site-packages/g12_prii3_nav_turtlebot
byte-compiling /home/rodrigo/Proyecto_III/g12_prii3/g12_prii3_ws/src/g12_prii3_nav_turtlebot/install/g12_prii3_nav_turtlebot/lib/python3.8/site-packages/g12_prii3_nav_turtlebot/predefined_nav_node.py to predefined_nav_node.cpython-38.pyc
byte-compiling /home/rodrigo/Proyecto_III/g12_prii3/g12_prii3_ws/src/g12_prii3_nav_turtlebot/install/g12_prii3_nav_turtlebot/lib/python3.8/site-packages/g12_prii3_nav_turtlebot/__init__.py to __init__.cpython-38.pyc
byte-compiling /home/rodrigo/Proyecto_III/g12_prii3/g12_prii3_ws/src/g12_prii3_nav_turtlebot/install/g12_prii3_nav_turtlebot/lib/python3.8/site-packages/g12_prii3_nav_turtlebot/autonomous_navigation.py to autonomous_navigation.cpython-38.pyc
running install_data
creating /home/rodrigo/Proyecto_III/g12_prii3/g12_prii3_ws/src/g12_prii3_nav_turtlebot/install/g12_prii3_nav_turtlebot/share/ament_index
creating /home/rodrigo/Proyecto_III/g12_prii3/g12_prii3_ws/src/g12_prii3_nav_turtlebot/install/g12_prii3_nav_turtlebot/share/ament_index/resource_index
creating /home/rodrigo/Proyecto_III/g12_prii3/g12_prii3_ws/src/g12_prii3_nav_turtlebot/install/g12_prii3_nav_turtlebot/share/ament_index/resource_index/packages
copying resource/g12_prii3_nav_turtlebot -> /home/rodrigo/Proyecto_III/g12_prii3/g12_prii3_ws/src/g12_prii3_nav_turtlebot/install/g12_prii3_nav_turtlebot/share/ament_index/resource_index/packages
copying package.xml -> /home/rodrigo/Proyecto_III/g12_prii3/g12_prii3_ws/src/g12_prii3_nav_turtlebot/install/g12_prii3_nav_turtlebot/share/g12_prii3_nav_turtlebot
creating /home/rodrigo/Proyecto_III/g12_prii3/g12_prii3_ws/src/g12_prii3_nav_turtlebot/install/g12_prii3_nav_turtlebot/share/g12_prii3_nav_turtlebot/worlds
copying worlds/f1f3.world -> /home/rodrigo/Proyecto_III/g12_prii3/g12_prii3_ws/src/g12_prii3_nav_turtlebot/install/g12_prii3_nav_turtlebot/share/g12_prii3_nav_turtlebot/worlds
creating /home/rodrigo/Proyecto_III/g12_prii3/g12_prii3_ws/src/g12_prii3_nav_turtlebot/install/g12_prii3_nav_turtlebot/share/g12_prii3_nav_turtlebot/launch
copying launch/f1l3_world.launch.py -> /home/rodrigo/Proyecto_III/g12_prii3/g12_prii3_ws/src/g12_prii3_nav_turtlebot/install/g12_prii3_nav_turtlebot/share/g12_prii3_nav_turtlebot/launch
copying launch/project_launch.launch.py -> /home/rodrigo/Proyecto_III/g12_prii3/g12_prii3_ws/src/g12_prii3_nav_turtlebot/install/g12_prii3_nav_turtlebot/share/g12_prii3_nav_turtlebot/launch
copying launch/predefined_launch.launch.py -> /home/rodrigo/Proyecto_III/g12_prii3/g12_prii3_ws/src/g12_prii3_nav_turtlebot/install/g12_prii3_nav_turtlebot/share/g12_prii3_nav_turtlebot/launch
creating /home/rodrigo/Proyecto_III/g12_prii3/g12_prii3_ws/src/g12_prii3_nav_turtlebot/install/g12_prii3_nav_turtlebot/share/g12_prii3_nav_turtlebot/models
creating /home/rodrigo/Proyecto_III/g12_prii3/g12_prii3_ws/src/g12_prii3_nav_turtlebot/install/g12_prii3_nav_turtlebot/share/g12_prii3_nav_turtlebot/models/ar_marker_3
copying models/ar_marker_3/model-1_4.sdf -> /home/rodrigo/Proyecto_III/g12_prii3/g12_prii3_ws/src/g12_prii3_nav_turtlebot/install/g12_prii3_nav_turtlebot/share/g12_prii3_nav_turtlebot/models/ar_marker_3
copying models/ar_marker_3/model-1_5.sdf -> /home/rodrigo/Proyecto_III/g12_prii3/g12_prii3_ws/src/g12_prii3_nav_turtlebot/install/g12_prii3_nav_turtlebot/share/g12_prii3_nav_turtlebot/models/ar_marker_3
copying models/ar_marker_3/model.config -> /home/rodrigo/Proyecto_III/g12_prii3/g12_prii3_ws/src/g12_prii3_nav_turtlebot/install/g12_prii3_nav_turtlebot/share/g12_prii3_nav_turtlebot/models/ar_marker_3
copying models/ar_marker_3/model.sdf -> /home/rodrigo/Proyecto_III/g12_prii3/g12_prii3_ws/src/g12_prii3_nav_turtlebot/install/g12_prii3_nav_turtlebot/share/g12_prii3_nav_turtlebot/models/ar_marker_3
creating /home/rodrigo/Proyecto_III/g12_prii3/g12_prii3_ws/src/g12_prii3_nav_turtlebot/install/g12_prii3_nav_turtlebot/share/g12_prii3_nav_turtlebot/models/ar_marker_3/meshes
copying models/ar_marker_3/meshes/Marker3.png -> /home/rodrigo/Proyecto_III/g12_prii3/g12_prii3_ws/src/g12_prii3_nav_turtlebot/install/g12_prii3_nav_turtlebot/share/g12_prii3_nav_turtlebot/models/ar_marker_3/meshes
copying models/ar_marker_3/meshes/Marker3.dae -> /home/rodrigo/Proyecto_III/g12_prii3/g12_prii3_ws/src/g12_prii3_nav_turtlebot/install/g12_prii3_nav_turtlebot/share/g12_prii3_nav_turtlebot/models/ar_marker_3/meshes
creating /home/rodrigo/Proyecto_III/g12_prii3/g12_prii3_ws/src/g12_prii3_nav_turtlebot/install/g12_prii3_nav_turtlebot/share/g12_prii3_nav_turtlebot/models/ar_marker_1
copying models/ar_marker_1/model-1_4.sdf -> /home/rodrigo/Proyecto_III/g12_prii3/g12_prii3_ws/src/g12_prii3_nav_turtlebot/install/g12_prii3_nav_turtlebot/share/g12_prii3_nav_turtlebot/models/ar_marker_1
copying models/ar_marker_1/model-1_5.sdf -> /home/rodrigo/Proyecto_III/g12_prii3/g12_prii3_ws/src/g12_prii3_nav_turtlebot/install/g12_prii3_nav_turtlebot/share/g12_prii3_nav_turtlebot/models/ar_marker_1
copying models/ar_marker_1/model.config -> /home/rodrigo/Proyecto_III/g12_prii3/g12_prii3_ws/src/g12_prii3_nav_turtlebot/install/g12_prii3_nav_turtlebot/share/g12_prii3_nav_turtlebot/models/ar_marker_1
copying models/ar_marker_1/model.sdf -> /home/rodrigo/Proyecto_III/g12_prii3/g12_prii3_ws/src/g12_prii3_nav_turtlebot/install/g12_prii3_nav_turtlebot/share/g12_prii3_nav_turtlebot/models/ar_marker_1
creating /home/rodrigo/Proyecto_III/g12_prii3/g12_prii3_ws/src/g12_prii3_nav_turtlebot/install/g12_prii3_nav_turtlebot/share/g12_prii3_nav_turtlebot/models/ar_marker_1/meshes
copying models/ar_marker_1/meshes/Marker1.png -> /home/rodrigo/Proyecto_III/g12_prii3/g12_prii3_ws/src/g12_prii3_nav_turtlebot/install/g12_prii3_nav_turtlebot/share/g12_prii3_nav_turtlebot/models/ar_marker_1/meshes
copying models/ar_marker_1/meshes/Marker1.dae -> /home/rodrigo/Proyecto_III/g12_prii3/g12_prii3_ws/src/g12_prii3_nav_turtlebot/install/g12_prii3_nav_turtlebot/share/g12_prii3_nav_turtlebot/models/ar_marker_1/meshes
creating /home/rodrigo/Proyecto_III/g12_prii3/g12_prii3_ws/src/g12_prii3_nav_turtlebot/install/g12_prii3_nav_turtlebot/share/g12_prii3_nav_turtlebot/models/ar_marker_2
copying models/ar_marker_2/model-1_4.sdf -> /home/rodrigo/Proyecto_III/g12_prii3/g12_prii3_ws/src/g12_prii3_nav_turtlebot/install/g12_prii3_nav_turtlebot/share/g12_prii3_nav_turtlebot/models/ar_marker_2
copying models/ar_marker_2/model-1_5.sdf -> /home/rodrigo/Proyecto_III/g12_prii3/g12_prii3_ws/src/g12_prii3_nav_turtlebot/install/g12_prii3_nav_turtlebot/share/g12_prii3_nav_turtlebot/models/ar_marker_2
copying models/ar_marker_2/model.config -> /home/rodrigo/Proyecto_III/g12_prii3/g12_prii3_ws/src/g12_prii3_nav_turtlebot/install/g12_prii3_nav_turtlebot/share/g12_prii3_nav_turtlebot/models/ar_marker_2
copying models/ar_marker_2/model.sdf -> /home/rodrigo/Proyecto_III/g12_prii3/g12_prii3_ws/src/g12_prii3_nav_turtlebot/install/g12_prii3_nav_turtlebot/share/g12_prii3_nav_turtlebot/models/ar_marker_2
creating /home/rodrigo/Proyecto_III/g12_prii3/g12_prii3_ws/src/g12_prii3_nav_turtlebot/install/g12_prii3_nav_turtlebot/share/g12_prii3_nav_turtlebot/models/ar_marker_2/meshes
copying models/ar_marker_2/meshes/Marker2.dae -> /home/rodrigo/Proyecto_III/g12_prii3/g12_prii3_ws/src/g12_prii3_nav_turtlebot/install/g12_prii3_nav_turtlebot/share/g12_prii3_nav_turtlebot/models/ar_marker_2/meshes
copying models/ar_marker_2/meshes/Marker2.png -> /home/rodrigo/Proyecto_III/g12_prii3/g12_prii3_ws/src/g12_prii3_nav_turtlebot/install/g12_prii3_nav_turtlebot/share/g12_prii3_nav_turtlebot/models/ar_marker_2/meshes
creating /home/rodrigo/Proyecto_III/g12_prii3/g12_prii3_ws/src/g12_prii3_nav_turtlebot/install/g12_prii3_nav_turtlebot/share/g12_prii3_nav_turtlebot/maps
copying maps/map.yaml -> /home/rodrigo/Proyecto_III/g12_prii3/g12_prii3_ws/src/g12_prii3_nav_turtlebot/install/g12_prii3_nav_turtlebot/share/g12_prii3_nav_turtlebot/maps
copying maps/map.pgm -> /home/rodrigo/Proyecto_III/g12_prii3/g12_prii3_ws/src/g12_prii3_nav_turtlebot/install/g12_prii3_nav_turtlebot/share/g12_prii3_nav_turtlebot/maps
running install_egg_info
Copying build/g12_prii3_nav_turtlebot/g12_prii3_nav_turtlebot.egg-info to /home/rodrigo/Proyecto_III/g12_prii3/g12_prii3_ws/src/g12_prii3_nav_turtlebot/install/g12_prii3_nav_turtlebot/lib/python3.8/site-packages/g12_prii3_nav_turtlebot-0.0.0-py3.8.egg-info
running install_scripts
Installing autonomous_navigation script to /home/rodrigo/Proyecto_III/g12_prii3/g12_prii3_ws/src/g12_prii3_nav_turtlebot/install/g12_prii3_nav_turtlebot/lib/g12_prii3_nav_turtlebot
Installing predefined_nav script to /home/rodrigo/Proyecto_III/g12_prii3/g12_prii3_ws/src/g12_prii3_nav_turtlebot/install/g12_prii3_nav_turtlebot/lib/g12_prii3_nav_turtlebot
writing list of installed files to '/home/rodrigo/Proyecto_III/g12_prii3/g12_prii3_ws/src/g12_prii3_nav_turtlebot/build/g12_prii3_nav_turtlebot/install.log'
