[2.633s] Invoking command in '/home/rodrigo/Proyecto_III/g12_prii3/g12_prii3_ws/src/g12_prii3_turtlesim': PYTHONPATH=/home/rodrigo/Proyecto_III/g12_prii3/build/g12_prii3_turtlesim/prefix_override:/usr/lib/python3/dist-packages/colcon_core/task/python/colcon_distutils_commands:/home/rodrigo/Proyecto_III/g12_prii3/install/g12_prii3_turtlesim/lib/python3.8/site-packages:${PYTHONPATH} /usr/bin/python3 -W ignore:setup.py install is deprecated -W ignore:easy_install command is deprecated setup.py egg_info --egg-base ../../../build/g12_prii3_turtlesim build --build-base /home/rodrigo/Proyecto_III/g12_prii3/build/g12_prii3_turtlesim/build install --record /home/rodrigo/Proyecto_III/g12_prii3/build/g12_prii3_turtlesim/install.log --install-scripts $base/lib/g12_prii3_turtlesim --single-version-externally-managed install_data
[3.154s] running egg_info
[3.155s] creating ../../../build/g12_prii3_turtlesim/g12_prii3_turtlesim.egg-info
[3.155s] writing ../../../build/g12_prii3_turtlesim/g12_prii3_turtlesim.egg-info/PKG-INFO
[3.156s] writing dependency_links to ../../../build/g12_prii3_turtlesim/g12_prii3_turtlesim.egg-info/dependency_links.txt
[3.156s] writing entry points to ../../../build/g12_prii3_turtlesim/g12_prii3_turtlesim.egg-info/entry_points.txt
[3.156s] writing requirements to ../../../build/g12_prii3_turtlesim/g12_prii3_turtlesim.egg-info/requires.txt
[3.157s] writing top-level names to ../../../build/g12_prii3_turtlesim/g12_prii3_turtlesim.egg-info/top_level.txt
[3.159s] writing manifest file '../../../build/g12_prii3_turtlesim/g12_prii3_turtlesim.egg-info/SOURCES.txt'
[3.257s] reading manifest file '../../../build/g12_prii3_turtlesim/g12_prii3_turtlesim.egg-info/SOURCES.txt'
[3.258s] writing manifest file '../../../build/g12_prii3_turtlesim/g12_prii3_turtlesim.egg-info/SOURCES.txt'
[3.258s] running build
[3.258s] running build_py
[3.262s] creating /home/rodrigo/Proyecto_III/g12_prii3/build/g12_prii3_turtlesim/build
[3.263s] creating /home/rodrigo/Proyecto_III/g12_prii3/build/g12_prii3_turtlesim/build/lib
[3.263s] creating /home/rodrigo/Proyecto_III/g12_prii3/build/g12_prii3_turtlesim/build/lib/g12_prii3_turtlesim
[3.263s] copying g12_prii3_turtlesim/__init__.py -> /home/rodrigo/Proyecto_III/g12_prii3/build/g12_prii3_turtlesim/build/lib/g12_prii3_turtlesim
[3.263s] copying g12_prii3_turtlesim/mover_tortuga.py -> /home/rodrigo/Proyecto_III/g12_prii3/build/g12_prii3_turtlesim/build/lib/g12_prii3_turtlesim
[3.263s] running install
[3.264s] running install_lib
[3.264s] creating /home/rodrigo/Proyecto_III/g12_prii3/install/g12_prii3_turtlesim/lib/python3.8/site-packages/g12_prii3_turtlesim
[3.264s] copying /home/rodrigo/Proyecto_III/g12_prii3/build/g12_prii3_turtlesim/build/lib/g12_prii3_turtlesim/__init__.py -> /home/rodrigo/Proyecto_III/g12_prii3/install/g12_prii3_turtlesim/lib/python3.8/site-packages/g12_prii3_turtlesim
[3.265s] copying /home/rodrigo/Proyecto_III/g12_prii3/build/g12_prii3_turtlesim/build/lib/g12_prii3_turtlesim/mover_tortuga.py -> /home/rodrigo/Proyecto_III/g12_prii3/install/g12_prii3_turtlesim/lib/python3.8/site-packages/g12_prii3_turtlesim
[3.265s] byte-compiling /home/rodrigo/Proyecto_III/g12_prii3/install/g12_prii3_turtlesim/lib/python3.8/site-packages/g12_prii3_turtlesim/__init__.py to __init__.cpython-38.pyc
[3.268s] byte-compiling /home/rodrigo/Proyecto_III/g12_prii3/install/g12_prii3_turtlesim/lib/python3.8/site-packages/g12_prii3_turtlesim/mover_tortuga.py to mover_tortuga.cpython-38.pyc
[3.270s] running install_data
[3.270s] creating /home/rodrigo/Proyecto_III/g12_prii3/install/g12_prii3_turtlesim/share/ament_index
[3.270s] creating /home/rodrigo/Proyecto_III/g12_prii3/install/g12_prii3_turtlesim/share/ament_index/resource_index
[3.270s] creating /home/rodrigo/Proyecto_III/g12_prii3/install/g12_prii3_turtlesim/share/ament_index/resource_index/packages
[3.271s] copying resource/g12_prii3_turtlesim -> /home/rodrigo/Proyecto_III/g12_prii3/install/g12_prii3_turtlesim/share/ament_index/resource_index/packages
[3.271s] copying package.xml -> /home/rodrigo/Proyecto_III/g12_prii3/install/g12_prii3_turtlesim/share/g12_prii3_turtlesim
[3.272s] creating /home/rodrigo/Proyecto_III/g12_prii3/install/g12_prii3_turtlesim/share/g12_prii3_turtlesim/launch
[3.273s] copying launch/mover_tortuga.launch.py -> /home/rodrigo/Proyecto_III/g12_prii3/install/g12_prii3_turtlesim/share/g12_prii3_turtlesim/launch
[3.273s] running install_egg_info
[3.274s] Copying ../../../build/g12_prii3_turtlesim/g12_prii3_turtlesim.egg-info to /home/rodrigo/Proyecto_III/g12_prii3/install/g12_prii3_turtlesim/lib/python3.8/site-packages/g12_prii3_turtlesim-0.0.0-py3.8.egg-info
[3.278s] running install_scripts
[3.325s] Installing mover_tortuga script to /home/rodrigo/Proyecto_III/g12_prii3/install/g12_prii3_turtlesim/lib/g12_prii3_turtlesim
[3.326s] writing list of installed files to '/home/rodrigo/Proyecto_III/g12_prii3/build/g12_prii3_turtlesim/install.log'
[3.412s] Invoked command in '/home/rodrigo/Proyecto_III/g12_prii3/g12_prii3_ws/src/g12_prii3_turtlesim' returned '0': PYTHONPATH=/home/rodrigo/Proyecto_III/g12_prii3/build/g12_prii3_turtlesim/prefix_override:/usr/lib/python3/dist-packages/colcon_core/task/python/colcon_distutils_commands:/home/rodrigo/Proyecto_III/g12_prii3/install/g12_prii3_turtlesim/lib/python3.8/site-packages:${PYTHONPATH} /usr/bin/python3 -W ignore:setup.py install is deprecated -W ignore:easy_install command is deprecated setup.py egg_info --egg-base ../../../build/g12_prii3_turtlesim build --build-base /home/rodrigo/Proyecto_III/g12_prii3/build/g12_prii3_turtlesim/build install --record /home/rodrigo/Proyecto_III/g12_prii3/build/g12_prii3_turtlesim/install.log --install-scripts $base/lib/g12_prii3_turtlesim --single-version-externally-managed install_data
