running develop
running egg_info
creating g12_prii3_move_jetbot.egg-info
writing g12_prii3_move_jetbot.egg-info/PKG-INFO
writing dependency_links to g12_prii3_move_jetbot.egg-info/dependency_links.txt
writing entry points to g12_prii3_move_jetbot.egg-info/entry_points.txt
writing requirements to g12_prii3_move_jetbot.egg-info/requires.txt
writing top-level names to g12_prii3_move_jetbot.egg-info/top_level.txt
writing manifest file 'g12_prii3_move_jetbot.egg-info/SOURCES.txt'
reading manifest file 'g12_prii3_move_jetbot.egg-info/SOURCES.txt'
writing manifest file 'g12_prii3_move_jetbot.egg-info/SOURCES.txt'
running build_ext
Creating /home/rodrigo/Proyecto_III/g12_prii3_ws/install/g12_prii3_move_jetbot/lib/python3.8/site-packages/site.py
Creating /home/rodrigo/Proyecto_III/g12_prii3_ws/install/g12_prii3_move_jetbot/lib/python3.8/site-packages/g12-prii3-move-jetbot.egg-link (link to .)

Installed /home/rodrigo/Proyecto_III/g12_prii3_ws/build/g12_prii3_move_jetbot
running symlink_data
creating /home/rodrigo/Proyecto_III/g12_prii3_ws/install/g12_prii3_move_jetbot/share/ament_index
creating /home/rodrigo/Proyecto_III/g12_prii3_ws/install/g12_prii3_move_jetbot/share/ament_index/resource_index
creating /home/rodrigo/Proyecto_III/g12_prii3_ws/install/g12_prii3_move_jetbot/share/ament_index/resource_index/packages
symbolically linking /home/rodrigo/Proyecto_III/g12_prii3_ws/build/g12_prii3_move_jetbot/resource/g12_prii3_move_jetbot -> /home/rodrigo/Proyecto_III/g12_prii3_ws/install/g12_prii3_move_jetbot/share/ament_index/resource_index/packages
symbolically linking /home/rodrigo/Proyecto_III/g12_prii3_ws/build/g12_prii3_move_jetbot/package.xml -> /home/rodrigo/Proyecto_III/g12_prii3_ws/install/g12_prii3_move_jetbot/share/g12_prii3_move_jetbot
