[1.525s] Invoking command in '/home/rodrigo/Proyecto_III/g12_prii3_ws/build/g12_prii3_move_jetbot': PYTHONPATH=/home/rodrigo/Proyecto_III/g12_prii3_ws/build/g12_prii3_move_jetbot/prefix_override:/usr/lib/python3/dist-packages/colcon_core/task/python/colcon_distutils_commands:/home/rodrigo/Proyecto_III/g12_prii3_ws/install/g12_prii3_move_jetbot/lib/python3.8/site-packages:${PYTHONPATH} /usr/bin/python3 -W ignore:setup.py install is deprecated -W ignore:easy_install command is deprecated setup.py develop --editable --build-directory /home/rodrigo/Proyecto_III/g12_prii3_ws/build/g12_prii3_move_jetbot/build --no-deps symlink_data
[1.838s] running develop
[2.047s] running egg_info
[2.048s] creating g12_prii3_move_jetbot.egg-info
[2.048s] writing g12_prii3_move_jetbot.egg-info/PKG-INFO
[2.048s] writing dependency_links to g12_prii3_move_jetbot.egg-info/dependency_links.txt
[2.049s] writing entry points to g12_prii3_move_jetbot.egg-info/entry_points.txt
[2.049s] writing requirements to g12_prii3_move_jetbot.egg-info/requires.txt
[2.049s] writing top-level names to g12_prii3_move_jetbot.egg-info/top_level.txt
[2.051s] writing manifest file 'g12_prii3_move_jetbot.egg-info/SOURCES.txt'
[2.095s] reading manifest file 'g12_prii3_move_jetbot.egg-info/SOURCES.txt'
[2.096s] writing manifest file 'g12_prii3_move_jetbot.egg-info/SOURCES.txt'
[2.147s] running build_ext
[2.148s] Creating /home/rodrigo/Proyecto_III/g12_prii3_ws/install/g12_prii3_move_jetbot/lib/python3.8/site-packages/site.py
[2.151s] Creating /home/rodrigo/Proyecto_III/g12_prii3_ws/install/g12_prii3_move_jetbot/lib/python3.8/site-packages/g12-prii3-move-jetbot.egg-link (link to .)
[2.152s] 
[2.152s] Installed /home/rodrigo/Proyecto_III/g12_prii3_ws/build/g12_prii3_move_jetbot
[2.153s] running symlink_data
[2.153s] creating /home/rodrigo/Proyecto_III/g12_prii3_ws/install/g12_prii3_move_jetbot/share/ament_index
[2.153s] creating /home/rodrigo/Proyecto_III/g12_prii3_ws/install/g12_prii3_move_jetbot/share/ament_index/resource_index
[2.153s] creating /home/rodrigo/Proyecto_III/g12_prii3_ws/install/g12_prii3_move_jetbot/share/ament_index/resource_index/packages
[2.153s] symbolically linking /home/rodrigo/Proyecto_III/g12_prii3_ws/build/g12_prii3_move_jetbot/resource/g12_prii3_move_jetbot -> /home/rodrigo/Proyecto_III/g12_prii3_ws/install/g12_prii3_move_jetbot/share/ament_index/resource_index/packages
[2.153s] symbolically linking /home/rodrigo/Proyecto_III/g12_prii3_ws/build/g12_prii3_move_jetbot/package.xml -> /home/rodrigo/Proyecto_III/g12_prii3_ws/install/g12_prii3_move_jetbot/share/g12_prii3_move_jetbot
