/home/rodrigo/Proyecto_III/g12_prii3/g12_prii3_ws/install/g12_prii3_move_turtlebot/lib/python3.8/site-packages/g12_prii3_move_turtlebot/draw_number.py
/home/rodrigo/Proyecto_III/g12_prii3/g12_prii3_ws/install/g12_prii3_move_turtlebot/lib/python3.8/site-packages/g12_prii3_move_turtlebot/__init__.py
/home/rodrigo/Proyecto_III/g12_prii3/g12_prii3_ws/install/g12_prii3_move_turtlebot/lib/python3.8/site-packages/g12_prii3_move_turtlebot/collision_avoidance.py
/home/rodrigo/Proyecto_III/g12_prii3/g12_prii3_ws/install/g12_prii3_move_turtlebot/lib/python3.8/site-packages/g12_prii3_move_turtlebot/obstacle_avoidance.py
/home/rodrigo/Proyecto_III/g12_prii3/g12_prii3_ws/install/g12_prii3_move_turtlebot/lib/python3.8/site-packages/g12_prii3_move_turtlebot/__pycache__/draw_number.cpython-38.pyc
/home/rodrigo/Proyecto_III/g12_prii3/g12_prii3_ws/install/g12_prii3_move_turtlebot/lib/python3.8/site-packages/g12_prii3_move_turtlebot/__pycache__/__init__.cpython-38.pyc
/home/rodrigo/Proyecto_III/g12_prii3/g12_prii3_ws/install/g12_prii3_move_turtlebot/lib/python3.8/site-packages/g12_prii3_move_turtlebot/__pycache__/collision_avoidance.cpython-38.pyc
/home/rodrigo/Proyecto_III/g12_prii3/g12_prii3_ws/install/g12_prii3_move_turtlebot/lib/python3.8/site-packages/g12_prii3_move_turtlebot/__pycache__/obstacle_avoidance.cpython-38.pyc
/home/rodrigo/Proyecto_III/g12_prii3/g12_prii3_ws/install/g12_prii3_move_turtlebot/share/ament_index/resource_index/packages/g12_prii3_move_turtlebot
/home/rodrigo/Proyecto_III/g12_prii3/g12_prii3_ws/install/g12_prii3_move_turtlebot/share/g12_prii3_move_turtlebot/package.xml
/home/rodrigo/Proyecto_III/g12_prii3/g12_prii3_ws/install/g12_prii3_move_turtlebot/share/g12_prii3_move_turtlebot/launch/draw_and_collision.launch.py
/home/rodrigo/Proyecto_III/g12_prii3/g12_prii3_ws/install/g12_prii3_move_turtlebot/share/g12_prii3_move_turtlebot/launch/draw_and_obstacle.launch.py
/home/rodrigo/Proyecto_III/g12_prii3/g12_prii3_ws/install/g12_prii3_move_turtlebot/share/g12_prii3_move_turtlebot/launch/draw_number_only.launch.py
/home/rodrigo/Proyecto_III/g12_prii3/g12_prii3_ws/install/g12_prii3_move_turtlebot/lib/python3.8/site-packages/g12_prii3_move_turtlebot-0.0.0-py3.8.egg-info/requires.txt
/home/rodrigo/Proyecto_III/g12_prii3/g12_prii3_ws/install/g12_prii3_move_turtlebot/lib/python3.8/site-packages/g12_prii3_move_turtlebot-0.0.0-py3.8.egg-info/zip-safe
/home/rodrigo/Proyecto_III/g12_prii3/g12_prii3_ws/install/g12_prii3_move_turtlebot/lib/python3.8/site-packages/g12_prii3_move_turtlebot-0.0.0-py3.8.egg-info/dependency_links.txt
/home/rodrigo/Proyecto_III/g12_prii3/g12_prii3_ws/install/g12_prii3_move_turtlebot/lib/python3.8/site-packages/g12_prii3_move_turtlebot-0.0.0-py3.8.egg-info/SOURCES.txt
/home/rodrigo/Proyecto_III/g12_prii3/g12_prii3_ws/install/g12_prii3_move_turtlebot/lib/python3.8/site-packages/g12_prii3_move_turtlebot-0.0.0-py3.8.egg-info/entry_points.txt
/home/rodrigo/Proyecto_III/g12_prii3/g12_prii3_ws/install/g12_prii3_move_turtlebot/lib/python3.8/site-packages/g12_prii3_move_turtlebot-0.0.0-py3.8.egg-info/PKG-INFO
/home/rodrigo/Proyecto_III/g12_prii3/g12_prii3_ws/install/g12_prii3_move_turtlebot/lib/python3.8/site-packages/g12_prii3_move_turtlebot-0.0.0-py3.8.egg-info/top_level.txt
/home/rodrigo/Proyecto_III/g12_prii3/g12_prii3_ws/install/g12_prii3_move_turtlebot/lib/g12_prii3_move_turtlebot/collision_avoidance
/home/rodrigo/Proyecto_III/g12_prii3/g12_prii3_ws/install/g12_prii3_move_turtlebot/lib/g12_prii3_move_turtlebot/draw_number
/home/rodrigo/Proyecto_III/g12_prii3/g12_prii3_ws/install/g12_prii3_move_turtlebot/lib/g12_prii3_move_turtlebot/obstacle_avoidance
