[0.319s] DEBUG:colcon:Command line arguments: ['/usr/bin/colcon', 'build']
[0.319s] DEBUG:colcon:Parsed command line arguments: Namespace(allow_overriding=[], ament_cmake_args=None, base_paths=['.'], build_base='build', catkin_cmake_args=None, catkin_skip_building_tests=False, cmake_args=None, cmake_clean_cache=False, cmake_clean_first=False, cmake_force_configure=False, cmake_target=None, cmake_target_skip_unavailable=False, continue_on_error=False, event_handlers=None, executor='parallel', ignore_user_meta=False, install_base='install', log_base=None, log_level=None, main=<bound method BuildVerb.main of <colcon_core.verb.build.BuildVerb object at 0x7fccc1749fd0>>, merge_install=False, metas=['./colcon.meta'], packages_above=None, packages_above_and_dependencies=None, packages_above_depth=None, packages_end=None, packages_ignore=None, packages_ignore_regex=None, packages_select=None, packages_select_build_failed=False, packages_select_by_dep=None, packages_select_regex=None, packages_select_test_failures=False, packages_skip=None, packages_skip_build_finished=False, packages_skip_by_dep=None, packages_skip_regex=None, packages_skip_test_passed=False, packages_skip_up_to=None, packages_start=None, packages_up_to=None, packages_up_to_regex=None, parallel_workers=12, paths=None, symlink_install=False, test_result_base=None, verb_extension=<colcon_core.verb.build.BuildVerb object at 0x7fccc1749fd0>, verb_name='build', verb_parser=<colcon_defaults.argument_parser.defaults.DefaultArgumentsDecorator object at 0x7fccc1755520>)
[0.538s] Level 1:colcon.colcon_core.package_discovery:discover_packages(colcon_meta) check parameters
[0.539s] Level 1:colcon.colcon_core.package_discovery:discover_packages(recursive) check parameters
[0.539s] Level 1:colcon.colcon_core.package_discovery:discover_packages(ignore) check parameters
[0.539s] Level 1:colcon.colcon_core.package_discovery:discover_packages(path) check parameters
[0.539s] Level 1:colcon.colcon_core.package_discovery:discover_packages(colcon_meta) discover
[0.539s] Level 1:colcon.colcon_core.package_discovery:discover_packages(recursive) discover
[0.539s] INFO:colcon.colcon_core.package_discovery:Crawling recursively for packages in '/home/rodrigo/Proyecto_III/g12_prii3/g12_prii3_ws'
[0.539s] Level 1:colcon.colcon_core.package_identification:_identify(.) by extensions ['ignore', 'ignore_ament_install']
[0.539s] Level 1:colcon.colcon_core.package_identification:_identify(.) by extension 'ignore'
[0.539s] Level 1:colcon.colcon_core.package_identification:_identify(.) by extension 'ignore_ament_install'
[0.539s] Level 1:colcon.colcon_core.package_identification:_identify(.) by extensions ['colcon_pkg']
[0.539s] Level 1:colcon.colcon_core.package_identification:_identify(.) by extension 'colcon_pkg'
[0.539s] Level 1:colcon.colcon_core.package_identification:_identify(.) by extensions ['colcon_meta']
[0.539s] Level 1:colcon.colcon_core.package_identification:_identify(.) by extension 'colcon_meta'
[0.539s] Level 1:colcon.colcon_core.package_identification:_identify(.) by extensions ['ros']
[0.540s] Level 1:colcon.colcon_core.package_identification:_identify(.) by extension 'ros'
[0.554s] Level 1:colcon.colcon_core.package_identification:_identify(.) by extensions ['cmake', 'python']
[0.554s] Level 1:colcon.colcon_core.package_identification:_identify(.) by extension 'cmake'
[0.554s] Level 1:colcon.colcon_core.package_identification:_identify(.) by extension 'python'
[0.554s] Level 1:colcon.colcon_core.package_identification:_identify(.) by extensions ['python_setup_py']
[0.554s] Level 1:colcon.colcon_core.package_identification:_identify(.) by extension 'python_setup_py'
[0.554s] Level 1:colcon.colcon_core.package_identification:_identify(build) by extensions ['ignore', 'ignore_ament_install']
[0.554s] Level 1:colcon.colcon_core.package_identification:_identify(build) by extension 'ignore'
[0.554s] Level 1:colcon.colcon_core.package_identification:_identify(build) ignored
[0.555s] Level 1:colcon.colcon_core.package_identification:_identify(install) by extensions ['ignore', 'ignore_ament_install']
[0.555s] Level 1:colcon.colcon_core.package_identification:_identify(install) by extension 'ignore'
[0.555s] Level 1:colcon.colcon_core.package_identification:_identify(install) ignored
[0.555s] Level 1:colcon.colcon_core.package_identification:_identify(log) by extensions ['ignore', 'ignore_ament_install']
[0.555s] Level 1:colcon.colcon_core.package_identification:_identify(log) by extension 'ignore'
[0.555s] Level 1:colcon.colcon_core.package_identification:_identify(log) ignored
[0.555s] Level 1:colcon.colcon_core.package_identification:_identify(src) by extensions ['ignore', 'ignore_ament_install']
[0.555s] Level 1:colcon.colcon_core.package_identification:_identify(src) by extension 'ignore'
[0.555s] Level 1:colcon.colcon_core.package_identification:_identify(src) by extension 'ignore_ament_install'
[0.555s] Level 1:colcon.colcon_core.package_identification:_identify(src) by extensions ['colcon_pkg']
[0.556s] Level 1:colcon.colcon_core.package_identification:_identify(src) by extension 'colcon_pkg'
[0.556s] Level 1:colcon.colcon_core.package_identification:_identify(src) by extensions ['colcon_meta']
[0.556s] Level 1:colcon.colcon_core.package_identification:_identify(src) by extension 'colcon_meta'
[0.556s] Level 1:colcon.colcon_core.package_identification:_identify(src) by extensions ['ros']
[0.556s] Level 1:colcon.colcon_core.package_identification:_identify(src) by extension 'ros'
[0.556s] Level 1:colcon.colcon_core.package_identification:_identify(src) by extensions ['cmake', 'python']
[0.556s] Level 1:colcon.colcon_core.package_identification:_identify(src) by extension 'cmake'
[0.556s] Level 1:colcon.colcon_core.package_identification:_identify(src) by extension 'python'
[0.556s] Level 1:colcon.colcon_core.package_identification:_identify(src) by extensions ['python_setup_py']
[0.556s] Level 1:colcon.colcon_core.package_identification:_identify(src) by extension 'python_setup_py'
[0.557s] Level 1:colcon.colcon_core.package_identification:_identify(src/g12_prii3_move_jetbot) by extensions ['ignore', 'ignore_ament_install']
[0.557s] Level 1:colcon.colcon_core.package_identification:_identify(src/g12_prii3_move_jetbot) by extension 'ignore'
[0.557s] Level 1:colcon.colcon_core.package_identification:_identify(src/g12_prii3_move_jetbot) by extension 'ignore_ament_install'
[0.557s] Level 1:colcon.colcon_core.package_identification:_identify(src/g12_prii3_move_jetbot) by extensions ['colcon_pkg']
[0.557s] Level 1:colcon.colcon_core.package_identification:_identify(src/g12_prii3_move_jetbot) by extension 'colcon_pkg'
[0.557s] Level 1:colcon.colcon_core.package_identification:_identify(src/g12_prii3_move_jetbot) by extensions ['colcon_meta']
[0.557s] Level 1:colcon.colcon_core.package_identification:_identify(src/g12_prii3_move_jetbot) by extension 'colcon_meta'
[0.557s] Level 1:colcon.colcon_core.package_identification:_identify(src/g12_prii3_move_jetbot) by extensions ['ros']
[0.557s] Level 1:colcon.colcon_core.package_identification:_identify(src/g12_prii3_move_jetbot) by extension 'ros'
[0.560s] DEBUG:colcon.colcon_core.package_identification:Package 'src/g12_prii3_move_jetbot' with type 'ros.ament_python' and name 'g12_prii3_move_jetbot'
[0.561s] Level 1:colcon.colcon_core.package_identification:_identify(src/g12_prii3_move_turtlebot) by extensions ['ignore', 'ignore_ament_install']
[0.561s] Level 1:colcon.colcon_core.package_identification:_identify(src/g12_prii3_move_turtlebot) by extension 'ignore'
[0.561s] Level 1:colcon.colcon_core.package_identification:_identify(src/g12_prii3_move_turtlebot) by extension 'ignore_ament_install'
[0.561s] Level 1:colcon.colcon_core.package_identification:_identify(src/g12_prii3_move_turtlebot) by extensions ['colcon_pkg']
[0.561s] Level 1:colcon.colcon_core.package_identification:_identify(src/g12_prii3_move_turtlebot) by extension 'colcon_pkg'
[0.561s] Level 1:colcon.colcon_core.package_identification:_identify(src/g12_prii3_move_turtlebot) by extensions ['colcon_meta']
[0.561s] Level 1:colcon.colcon_core.package_identification:_identify(src/g12_prii3_move_turtlebot) by extension 'colcon_meta'
[0.561s] Level 1:colcon.colcon_core.package_identification:_identify(src/g12_prii3_move_turtlebot) by extensions ['ros']
[0.561s] Level 1:colcon.colcon_core.package_identification:_identify(src/g12_prii3_move_turtlebot) by extension 'ros'
[0.562s] DEBUG:colcon.colcon_core.package_identification:Package 'src/g12_prii3_move_turtlebot' with type 'ros.ament_python' and name 'g12_prii3_move_turtlebot'
[0.563s] Level 1:colcon.colcon_core.package_identification:_identify(src/g12_prii3_nav_jetbot) by extensions ['ignore', 'ignore_ament_install']
[0.563s] Level 1:colcon.colcon_core.package_identification:_identify(src/g12_prii3_nav_jetbot) by extension 'ignore'
[0.563s] Level 1:colcon.colcon_core.package_identification:_identify(src/g12_prii3_nav_jetbot) by extension 'ignore_ament_install'
[0.563s] Level 1:colcon.colcon_core.package_identification:_identify(src/g12_prii3_nav_jetbot) by extensions ['colcon_pkg']
[0.563s] Level 1:colcon.colcon_core.package_identification:_identify(src/g12_prii3_nav_jetbot) by extension 'colcon_pkg'
[0.563s] Level 1:colcon.colcon_core.package_identification:_identify(src/g12_prii3_nav_jetbot) by extensions ['colcon_meta']
[0.563s] Level 1:colcon.colcon_core.package_identification:_identify(src/g12_prii3_nav_jetbot) by extension 'colcon_meta'
[0.563s] Level 1:colcon.colcon_core.package_identification:_identify(src/g12_prii3_nav_jetbot) by extensions ['ros']
[0.563s] Level 1:colcon.colcon_core.package_identification:_identify(src/g12_prii3_nav_jetbot) by extension 'ros'
[0.564s] DEBUG:colcon.colcon_core.package_identification:Package 'src/g12_prii3_nav_jetbot' with type 'ros.ament_python' and name 'g12_prii3_nav_jetbot'
[0.564s] Level 1:colcon.colcon_core.package_identification:_identify(src/g12_prii3_nav_turtlebot) by extensions ['ignore', 'ignore_ament_install']
[0.564s] Level 1:colcon.colcon_core.package_identification:_identify(src/g12_prii3_nav_turtlebot) by extension 'ignore'
[0.564s] Level 1:colcon.colcon_core.package_identification:_identify(src/g12_prii3_nav_turtlebot) by extension 'ignore_ament_install'
[0.565s] Level 1:colcon.colcon_core.package_identification:_identify(src/g12_prii3_nav_turtlebot) by extensions ['colcon_pkg']
[0.565s] Level 1:colcon.colcon_core.package_identification:_identify(src/g12_prii3_nav_turtlebot) by extension 'colcon_pkg'
[0.565s] Level 1:colcon.colcon_core.package_identification:_identify(src/g12_prii3_nav_turtlebot) by extensions ['colcon_meta']
[0.565s] Level 1:colcon.colcon_core.package_identification:_identify(src/g12_prii3_nav_turtlebot) by extension 'colcon_meta'
[0.565s] Level 1:colcon.colcon_core.package_identification:_identify(src/g12_prii3_nav_turtlebot) by extensions ['ros']
[0.565s] Level 1:colcon.colcon_core.package_identification:_identify(src/g12_prii3_nav_turtlebot) by extension 'ros'
[0.566s] DEBUG:colcon.colcon_core.package_identification:Package 'src/g12_prii3_nav_turtlebot' with type 'ros.ament_python' and name 'g12_prii3_nav_turtlebot'
[0.566s] Level 1:colcon.colcon_core.package_identification:_identify(src/g12_prii3_turtlesim) by extensions ['ignore', 'ignore_ament_install']
[0.566s] Level 1:colcon.colcon_core.package_identification:_identify(src/g12_prii3_turtlesim) by extension 'ignore'
[0.566s] Level 1:colcon.colcon_core.package_identification:_identify(src/g12_prii3_turtlesim) by extension 'ignore_ament_install'
[0.566s] Level 1:colcon.colcon_core.package_identification:_identify(src/g12_prii3_turtlesim) by extensions ['colcon_pkg']
[0.567s] Level 1:colcon.colcon_core.package_identification:_identify(src/g12_prii3_turtlesim) by extension 'colcon_pkg'
[0.567s] Level 1:colcon.colcon_core.package_identification:_identify(src/g12_prii3_turtlesim) by extensions ['colcon_meta']
[0.567s] Level 1:colcon.colcon_core.package_identification:_identify(src/g12_prii3_turtlesim) by extension 'colcon_meta'
[0.567s] Level 1:colcon.colcon_core.package_identification:_identify(src/g12_prii3_turtlesim) by extensions ['ros']
[0.567s] Level 1:colcon.colcon_core.package_identification:_identify(src/g12_prii3_turtlesim) by extension 'ros'
[0.568s] DEBUG:colcon.colcon_core.package_identification:Package 'src/g12_prii3_turtlesim' with type 'ros.ament_python' and name 'g12_prii3_turtlesim'
[0.568s] Level 1:colcon.colcon_core.package_discovery:discover_packages(recursive) using defaults
[0.568s] Level 1:colcon.colcon_core.package_discovery:discover_packages(ignore) discover
[0.568s] Level 1:colcon.colcon_core.package_discovery:discover_packages(ignore) using defaults
[0.568s] Level 1:colcon.colcon_core.package_discovery:discover_packages(path) discover
[0.568s] Level 1:colcon.colcon_core.package_discovery:discover_packages(path) using defaults
[0.597s] Level 1:colcon.colcon_core.package_discovery:discover_packages(prefix_path) check parameters
[0.598s] Level 1:colcon.colcon_core.package_discovery:discover_packages(prefix_path) discover
[0.603s] DEBUG:colcon.colcon_installed_package_information.package_discovery:Found 371 installed packages in /opt/ros/foxy
[0.606s] Level 1:colcon.colcon_core.package_discovery:discover_packages(prefix_path) using defaults
[0.731s] Level 5:colcon.colcon_core.verb:set package 'g12_prii3_move_jetbot' build argument 'cmake_args' from command line to 'None'
[0.731s] Level 5:colcon.colcon_core.verb:set package 'g12_prii3_move_jetbot' build argument 'cmake_target' from command line to 'None'
[0.731s] Level 5:colcon.colcon_core.verb:set package 'g12_prii3_move_jetbot' build argument 'cmake_target_skip_unavailable' from command line to 'False'
[0.731s] Level 5:colcon.colcon_core.verb:set package 'g12_prii3_move_jetbot' build argument 'cmake_clean_cache' from command line to 'False'
[0.731s] Level 5:colcon.colcon_core.verb:set package 'g12_prii3_move_jetbot' build argument 'cmake_clean_first' from command line to 'False'
[0.731s] Level 5:colcon.colcon_core.verb:set package 'g12_prii3_move_jetbot' build argument 'cmake_force_configure' from command line to 'False'
[0.731s] Level 5:colcon.colcon_core.verb:set package 'g12_prii3_move_jetbot' build argument 'ament_cmake_args' from command line to 'None'
[0.731s] Level 5:colcon.colcon_core.verb:set package 'g12_prii3_move_jetbot' build argument 'catkin_cmake_args' from command line to 'None'
[0.731s] Level 5:colcon.colcon_core.verb:set package 'g12_prii3_move_jetbot' build argument 'catkin_skip_building_tests' from command line to 'False'
[0.731s] DEBUG:colcon.colcon_core.verb:Building package 'g12_prii3_move_jetbot' with the following arguments: {'ament_cmake_args': None, 'build_base': '/home/rodrigo/Proyecto_III/g12_prii3/g12_prii3_ws/build/g12_prii3_move_jetbot', 'catkin_cmake_args': None, 'catkin_skip_building_tests': False, 'cmake_args': None, 'cmake_clean_cache': False, 'cmake_clean_first': False, 'cmake_force_configure': False, 'cmake_target': None, 'cmake_target_skip_unavailable': False, 'install_base': '/home/rodrigo/Proyecto_III/g12_prii3/g12_prii3_ws/install/g12_prii3_move_jetbot', 'merge_install': False, 'path': '/home/rodrigo/Proyecto_III/g12_prii3/g12_prii3_ws/src/g12_prii3_move_jetbot', 'symlink_install': False, 'test_result_base': None}
[0.732s] Level 5:colcon.colcon_core.verb:set package 'g12_prii3_move_turtlebot' build argument 'cmake_args' from command line to 'None'
[0.732s] Level 5:colcon.colcon_core.verb:set package 'g12_prii3_move_turtlebot' build argument 'cmake_target' from command line to 'None'
[0.732s] Level 5:colcon.colcon_core.verb:set package 'g12_prii3_move_turtlebot' build argument 'cmake_target_skip_unavailable' from command line to 'False'
[0.732s] Level 5:colcon.colcon_core.verb:set package 'g12_prii3_move_turtlebot' build argument 'cmake_clean_cache' from command line to 'False'
[0.732s] Level 5:colcon.colcon_core.verb:set package 'g12_prii3_move_turtlebot' build argument 'cmake_clean_first' from command line to 'False'
[0.732s] Level 5:colcon.colcon_core.verb:set package 'g12_prii3_move_turtlebot' build argument 'cmake_force_configure' from command line to 'False'
[0.732s] Level 5:colcon.colcon_core.verb:set package 'g12_prii3_move_turtlebot' build argument 'ament_cmake_args' from command line to 'None'
[0.732s] Level 5:colcon.colcon_core.verb:set package 'g12_prii3_move_turtlebot' build argument 'catkin_cmake_args' from command line to 'None'
[0.732s] Level 5:colcon.colcon_core.verb:set package 'g12_prii3_move_turtlebot' build argument 'catkin_skip_building_tests' from command line to 'False'
[0.732s] DEBUG:colcon.colcon_core.verb:Building package 'g12_prii3_move_turtlebot' with the following arguments: {'ament_cmake_args': None, 'build_base': '/home/rodrigo/Proyecto_III/g12_prii3/g12_prii3_ws/build/g12_prii3_move_turtlebot', 'catkin_cmake_args': None, 'catkin_skip_building_tests': False, 'cmake_args': None, 'cmake_clean_cache': False, 'cmake_clean_first': False, 'cmake_force_configure': False, 'cmake_target': None, 'cmake_target_skip_unavailable': False, 'install_base': '/home/rodrigo/Proyecto_III/g12_prii3/g12_prii3_ws/install/g12_prii3_move_turtlebot', 'merge_install': False, 'path': '/home/rodrigo/Proyecto_III/g12_prii3/g12_prii3_ws/src/g12_prii3_move_turtlebot', 'symlink_install': False, 'test_result_base': None}
[0.732s] Level 5:colcon.colcon_core.verb:set package 'g12_prii3_nav_jetbot' build argument 'cmake_args' from command line to 'None'
[0.733s] Level 5:colcon.colcon_core.verb:set package 'g12_prii3_nav_jetbot' build argument 'cmake_target' from command line to 'None'
[0.733s] Level 5:colcon.colcon_core.verb:set package 'g12_prii3_nav_jetbot' build argument 'cmake_target_skip_unavailable' from command line to 'False'
[0.733s] Level 5:colcon.colcon_core.verb:set package 'g12_prii3_nav_jetbot' build argument 'cmake_clean_cache' from command line to 'False'
[0.733s] Level 5:colcon.colcon_core.verb:set package 'g12_prii3_nav_jetbot' build argument 'cmake_clean_first' from command line to 'False'
[0.733s] Level 5:colcon.colcon_core.verb:set package 'g12_prii3_nav_jetbot' build argument 'cmake_force_configure' from command line to 'False'
[0.733s] Level 5:colcon.colcon_core.verb:set package 'g12_prii3_nav_jetbot' build argument 'ament_cmake_args' from command line to 'None'
[0.733s] Level 5:colcon.colcon_core.verb:set package 'g12_prii3_nav_jetbot' build argument 'catkin_cmake_args' from command line to 'None'
[0.733s] Level 5:colcon.colcon_core.verb:set package 'g12_prii3_nav_jetbot' build argument 'catkin_skip_building_tests' from command line to 'False'
[0.733s] DEBUG:colcon.colcon_core.verb:Building package 'g12_prii3_nav_jetbot' with the following arguments: {'ament_cmake_args': None, 'build_base': '/home/rodrigo/Proyecto_III/g12_prii3/g12_prii3_ws/build/g12_prii3_nav_jetbot', 'catkin_cmake_args': None, 'catkin_skip_building_tests': False, 'cmake_args': None, 'cmake_clean_cache': False, 'cmake_clean_first': False, 'cmake_force_configure': False, 'cmake_target': None, 'cmake_target_skip_unavailable': False, 'install_base': '/home/rodrigo/Proyecto_III/g12_prii3/g12_prii3_ws/install/g12_prii3_nav_jetbot', 'merge_install': False, 'path': '/home/rodrigo/Proyecto_III/g12_prii3/g12_prii3_ws/src/g12_prii3_nav_jetbot', 'symlink_install': False, 'test_result_base': None}
[0.733s] Level 5:colcon.colcon_core.verb:set package 'g12_prii3_nav_turtlebot' build argument 'cmake_args' from command line to 'None'
[0.733s] Level 5:colcon.colcon_core.verb:set package 'g12_prii3_nav_turtlebot' build argument 'cmake_target' from command line to 'None'
[0.733s] Level 5:colcon.colcon_core.verb:set package 'g12_prii3_nav_turtlebot' build argument 'cmake_target_skip_unavailable' from command line to 'False'
[0.733s] Level 5:colcon.colcon_core.verb:set package 'g12_prii3_nav_turtlebot' build argument 'cmake_clean_cache' from command line to 'False'
[0.733s] Level 5:colcon.colcon_core.verb:set package 'g12_prii3_nav_turtlebot' build argument 'cmake_clean_first' from command line to 'False'
[0.733s] Level 5:colcon.colcon_core.verb:set package 'g12_prii3_nav_turtlebot' build argument 'cmake_force_configure' from command line to 'False'
[0.734s] Level 5:colcon.colcon_core.verb:set package 'g12_prii3_nav_turtlebot' build argument 'ament_cmake_args' from command line to 'None'
[0.734s] Level 5:colcon.colcon_core.verb:set package 'g12_prii3_nav_turtlebot' build argument 'catkin_cmake_args' from command line to 'None'
[0.734s] Level 5:colcon.colcon_core.verb:set package 'g12_prii3_nav_turtlebot' build argument 'catkin_skip_building_tests' from command line to 'False'
[0.734s] DEBUG:colcon.colcon_core.verb:Building package 'g12_prii3_nav_turtlebot' with the following arguments: {'ament_cmake_args': None, 'build_base': '/home/rodrigo/Proyecto_III/g12_prii3/g12_prii3_ws/build/g12_prii3_nav_turtlebot', 'catkin_cmake_args': None, 'catkin_skip_building_tests': False, 'cmake_args': None, 'cmake_clean_cache': False, 'cmake_clean_first': False, 'cmake_force_configure': False, 'cmake_target': None, 'cmake_target_skip_unavailable': False, 'install_base': '/home/rodrigo/Proyecto_III/g12_prii3/g12_prii3_ws/install/g12_prii3_nav_turtlebot', 'merge_install': False, 'path': '/home/rodrigo/Proyecto_III/g12_prii3/g12_prii3_ws/src/g12_prii3_nav_turtlebot', 'symlink_install': False, 'test_result_base': None}
[0.734s] Level 5:colcon.colcon_core.verb:set package 'g12_prii3_turtlesim' build argument 'cmake_args' from command line to 'None'
[0.734s] Level 5:colcon.colcon_core.verb:set package 'g12_prii3_turtlesim' build argument 'cmake_target' from command line to 'None'
[0.734s] Level 5:colcon.colcon_core.verb:set package 'g12_prii3_turtlesim' build argument 'cmake_target_skip_unavailable' from command line to 'False'
[0.734s] Level 5:colcon.colcon_core.verb:set package 'g12_prii3_turtlesim' build argument 'cmake_clean_cache' from command line to 'False'
[0.734s] Level 5:colcon.colcon_core.verb:set package 'g12_prii3_turtlesim' build argument 'cmake_clean_first' from command line to 'False'
[0.734s] Level 5:colcon.colcon_core.verb:set package 'g12_prii3_turtlesim' build argument 'cmake_force_configure' from command line to 'False'
[0.734s] Level 5:colcon.colcon_core.verb:set package 'g12_prii3_turtlesim' build argument 'ament_cmake_args' from command line to 'None'
[0.734s] Level 5:colcon.colcon_core.verb:set package 'g12_prii3_turtlesim' build argument 'catkin_cmake_args' from command line to 'None'
[0.734s] Level 5:colcon.colcon_core.verb:set package 'g12_prii3_turtlesim' build argument 'catkin_skip_building_tests' from command line to 'False'
[0.734s] DEBUG:colcon.colcon_core.verb:Building package 'g12_prii3_turtlesim' with the following arguments: {'ament_cmake_args': None, 'build_base': '/home/rodrigo/Proyecto_III/g12_prii3/g12_prii3_ws/build/g12_prii3_turtlesim', 'catkin_cmake_args': None, 'catkin_skip_building_tests': False, 'cmake_args': None, 'cmake_clean_cache': False, 'cmake_clean_first': False, 'cmake_force_configure': False, 'cmake_target': None, 'cmake_target_skip_unavailable': False, 'install_base': '/home/rodrigo/Proyecto_III/g12_prii3/g12_prii3_ws/install/g12_prii3_turtlesim', 'merge_install': False, 'path': '/home/rodrigo/Proyecto_III/g12_prii3/g12_prii3_ws/src/g12_prii3_turtlesim', 'symlink_install': False, 'test_result_base': None}
[0.735s] INFO:colcon.colcon_core.executor:Executing jobs using 'parallel' executor
[0.736s] DEBUG:colcon.colcon_parallel_executor.executor.parallel:run_until_complete
[0.736s] INFO:colcon.colcon_ros.task.ament_python.build:Building ROS package in '/home/rodrigo/Proyecto_III/g12_prii3/g12_prii3_ws/src/g12_prii3_move_jetbot' with build type 'ament_python'
[0.736s] Level 1:colcon.colcon_core.shell:create_environment_hook('g12_prii3_move_jetbot', 'ament_prefix_path')
[0.743s] INFO:colcon.colcon_core.plugin_system:Skipping extension 'colcon_core.shell.bat': Not used on non-Windows systems
[0.743s] INFO:colcon.colcon_core.shell:Creating environment hook '/home/rodrigo/Proyecto_III/g12_prii3/g12_prii3_ws/install/g12_prii3_move_jetbot/share/g12_prii3_move_jetbot/hook/ament_prefix_path.ps1'
[0.745s] INFO:colcon.colcon_core.shell:Creating environment descriptor '/home/rodrigo/Proyecto_III/g12_prii3/g12_prii3_ws/install/g12_prii3_move_jetbot/share/g12_prii3_move_jetbot/hook/ament_prefix_path.dsv'
[0.745s] INFO:colcon.colcon_core.shell:Creating environment hook '/home/rodrigo/Proyecto_III/g12_prii3/g12_prii3_ws/install/g12_prii3_move_jetbot/share/g12_prii3_move_jetbot/hook/ament_prefix_path.sh'
[0.746s] INFO:colcon.colcon_core.shell:Skip shell extension 'powershell' for command environment: Not usable outside of PowerShell
[0.747s] DEBUG:colcon.colcon_core.shell:Skip shell extension 'dsv' for command environment
[0.752s] INFO:colcon.colcon_ros.task.ament_python.build:Building ROS package in '/home/rodrigo/Proyecto_III/g12_prii3/g12_prii3_ws/src/g12_prii3_move_turtlebot' with build type 'ament_python'
[0.753s] Level 1:colcon.colcon_core.shell:create_environment_hook('g12_prii3_move_turtlebot', 'ament_prefix_path')
[0.753s] INFO:colcon.colcon_core.shell:Creating environment hook '/home/rodrigo/Proyecto_III/g12_prii3/g12_prii3_ws/install/g12_prii3_move_turtlebot/share/g12_prii3_move_turtlebot/hook/ament_prefix_path.ps1'
[0.755s] INFO:colcon.colcon_core.shell:Creating environment descriptor '/home/rodrigo/Proyecto_III/g12_prii3/g12_prii3_ws/install/g12_prii3_move_turtlebot/share/g12_prii3_move_turtlebot/hook/ament_prefix_path.dsv'
[0.755s] INFO:colcon.colcon_core.shell:Creating environment hook '/home/rodrigo/Proyecto_III/g12_prii3/g12_prii3_ws/install/g12_prii3_move_turtlebot/share/g12_prii3_move_turtlebot/hook/ament_prefix_path.sh'
[0.756s] INFO:colcon.colcon_core.shell:Skip shell extension 'powershell' for command environment: Not usable outside of PowerShell
[0.756s] DEBUG:colcon.colcon_core.shell:Skip shell extension 'dsv' for command environment
[0.761s] INFO:colcon.colcon_ros.task.ament_python.build:Building ROS package in '/home/rodrigo/Proyecto_III/g12_prii3/g12_prii3_ws/src/g12_prii3_nav_jetbot' with build type 'ament_python'
[0.761s] Level 1:colcon.colcon_core.shell:create_environment_hook('g12_prii3_nav_jetbot', 'ament_prefix_path')
[0.762s] INFO:colcon.colcon_core.shell:Creating environment hook '/home/rodrigo/Proyecto_III/g12_prii3/g12_prii3_ws/install/g12_prii3_nav_jetbot/share/g12_prii3_nav_jetbot/hook/ament_prefix_path.ps1'
[0.763s] INFO:colcon.colcon_core.shell:Creating environment descriptor '/home/rodrigo/Proyecto_III/g12_prii3/g12_prii3_ws/install/g12_prii3_nav_jetbot/share/g12_prii3_nav_jetbot/hook/ament_prefix_path.dsv'
[0.764s] INFO:colcon.colcon_core.shell:Creating environment hook '/home/rodrigo/Proyecto_III/g12_prii3/g12_prii3_ws/install/g12_prii3_nav_jetbot/share/g12_prii3_nav_jetbot/hook/ament_prefix_path.sh'
[0.764s] INFO:colcon.colcon_core.shell:Skip shell extension 'powershell' for command environment: Not usable outside of PowerShell
[0.764s] DEBUG:colcon.colcon_core.shell:Skip shell extension 'dsv' for command environment
[0.770s] INFO:colcon.colcon_ros.task.ament_python.build:Building ROS package in '/home/rodrigo/Proyecto_III/g12_prii3/g12_prii3_ws/src/g12_prii3_nav_turtlebot' with build type 'ament_python'
[0.770s] Level 1:colcon.colcon_core.shell:create_environment_hook('g12_prii3_nav_turtlebot', 'ament_prefix_path')
[0.771s] INFO:colcon.colcon_core.shell:Creating environment hook '/home/rodrigo/Proyecto_III/g12_prii3/g12_prii3_ws/install/g12_prii3_nav_turtlebot/share/g12_prii3_nav_turtlebot/hook/ament_prefix_path.ps1'
[0.772s] INFO:colcon.colcon_core.shell:Creating environment descriptor '/home/rodrigo/Proyecto_III/g12_prii3/g12_prii3_ws/install/g12_prii3_nav_turtlebot/share/g12_prii3_nav_turtlebot/hook/ament_prefix_path.dsv'
[0.772s] INFO:colcon.colcon_core.shell:Creating environment hook '/home/rodrigo/Proyecto_III/g12_prii3/g12_prii3_ws/install/g12_prii3_nav_turtlebot/share/g12_prii3_nav_turtlebot/hook/ament_prefix_path.sh'
[0.773s] INFO:colcon.colcon_core.shell:Skip shell extension 'powershell' for command environment: Not usable outside of PowerShell
[0.773s] DEBUG:colcon.colcon_core.shell:Skip shell extension 'dsv' for command environment
[0.778s] INFO:colcon.colcon_ros.task.ament_python.build:Building ROS package in '/home/rodrigo/Proyecto_III/g12_prii3/g12_prii3_ws/src/g12_prii3_turtlesim' with build type 'ament_python'
[0.779s] Level 1:colcon.colcon_core.shell:create_environment_hook('g12_prii3_turtlesim', 'ament_prefix_path')
[0.780s] INFO:colcon.colcon_core.shell:Creating environment hook '/home/rodrigo/Proyecto_III/g12_prii3/g12_prii3_ws/install/g12_prii3_turtlesim/share/g12_prii3_turtlesim/hook/ament_prefix_path.ps1'
[0.781s] INFO:colcon.colcon_core.shell:Creating environment descriptor '/home/rodrigo/Proyecto_III/g12_prii3/g12_prii3_ws/install/g12_prii3_turtlesim/share/g12_prii3_turtlesim/hook/ament_prefix_path.dsv'
[0.781s] INFO:colcon.colcon_core.shell:Creating environment hook '/home/rodrigo/Proyecto_III/g12_prii3/g12_prii3_ws/install/g12_prii3_turtlesim/share/g12_prii3_turtlesim/hook/ament_prefix_path.sh'
[0.782s] INFO:colcon.colcon_core.shell:Skip shell extension 'powershell' for command environment: Not usable outside of PowerShell
[0.782s] DEBUG:colcon.colcon_core.shell:Skip shell extension 'dsv' for command environment
[1.072s] INFO:colcon.colcon_core.task.python.build:Building Python package in '/home/rodrigo/Proyecto_III/g12_prii3/g12_prii3_ws/src/g12_prii3_move_jetbot'
[1.073s] INFO:colcon.colcon_core.shell:Skip shell extension 'powershell' for command environment: Not usable outside of PowerShell
[1.073s] DEBUG:colcon.colcon_core.shell:Skip shell extension 'dsv' for command environment
[1.360s] INFO:colcon.colcon_core.task.python.build:Building Python package in '/home/rodrigo/Proyecto_III/g12_prii3/g12_prii3_ws/src/g12_prii3_move_turtlebot'
[1.361s] INFO:colcon.colcon_core.shell:Skip shell extension 'powershell' for command environment: Not usable outside of PowerShell
[1.361s] DEBUG:colcon.colcon_core.shell:Skip shell extension 'dsv' for command environment
[1.646s] INFO:colcon.colcon_core.task.python.build:Building Python package in '/home/rodrigo/Proyecto_III/g12_prii3/g12_prii3_ws/src/g12_prii3_nav_jetbot'
[1.647s] INFO:colcon.colcon_core.shell:Skip shell extension 'powershell' for command environment: Not usable outside of PowerShell
[1.647s] DEBUG:colcon.colcon_core.shell:Skip shell extension 'dsv' for command environment
[1.937s] INFO:colcon.colcon_core.task.python.build:Building Python package in '/home/rodrigo/Proyecto_III/g12_prii3/g12_prii3_ws/src/g12_prii3_nav_turtlebot'
[1.937s] INFO:colcon.colcon_core.shell:Skip shell extension 'powershell' for command environment: Not usable outside of PowerShell
[1.937s] DEBUG:colcon.colcon_core.shell:Skip shell extension 'dsv' for command environment
[2.229s] INFO:colcon.colcon_core.task.python.build:Building Python package in '/home/rodrigo/Proyecto_III/g12_prii3/g12_prii3_ws/src/g12_prii3_turtlesim'
[2.230s] INFO:colcon.colcon_core.shell:Skip shell extension 'powershell' for command environment: Not usable outside of PowerShell
[2.230s] DEBUG:colcon.colcon_core.shell:Skip shell extension 'dsv' for command environment
[2.822s] DEBUG:colcon.colcon_core.event_handler.log_command:Invoking command in '/home/rodrigo/Proyecto_III/g12_prii3/g12_prii3_ws/src/g12_prii3_move_jetbot': PYTHONPATH=/home/rodrigo/Proyecto_III/g12_prii3/g12_prii3_ws/build/g12_prii3_move_jetbot/prefix_override:/usr/lib/python3/dist-packages/colcon_core/task/python/colcon_distutils_commands:/home/rodrigo/Proyecto_III/g12_prii3/g12_prii3_ws/install/g12_prii3_move_jetbot/lib/python3.8/site-packages:${PYTHONPATH} /usr/bin/python3 -W ignore:setup.py install is deprecated -W ignore:easy_install command is deprecated setup.py egg_info --egg-base ../../build/g12_prii3_move_jetbot build --build-base /home/rodrigo/Proyecto_III/g12_prii3/g12_prii3_ws/build/g12_prii3_move_jetbot/build install --record /home/rodrigo/Proyecto_III/g12_prii3/g12_prii3_ws/build/g12_prii3_move_jetbot/install.log --install-scripts $base/lib/g12_prii3_move_jetbot --single-version-externally-managed install_data
[2.834s] DEBUG:colcon.colcon_core.event_handler.log_command:Invoking command in '/home/rodrigo/Proyecto_III/g12_prii3/g12_prii3_ws/src/g12_prii3_turtlesim': PYTHONPATH=/home/rodrigo/Proyecto_III/g12_prii3/g12_prii3_ws/build/g12_prii3_turtlesim/prefix_override:/usr/lib/python3/dist-packages/colcon_core/task/python/colcon_distutils_commands:/home/rodrigo/Proyecto_III/g12_prii3/g12_prii3_ws/install/g12_prii3_turtlesim/lib/python3.8/site-packages:${PYTHONPATH} /usr/bin/python3 -W ignore:setup.py install is deprecated -W ignore:easy_install command is deprecated setup.py egg_info --egg-base ../../build/g12_prii3_turtlesim build --build-base /home/rodrigo/Proyecto_III/g12_prii3/g12_prii3_ws/build/g12_prii3_turtlesim/build install --record /home/rodrigo/Proyecto_III/g12_prii3/g12_prii3_ws/build/g12_prii3_turtlesim/install.log --install-scripts $base/lib/g12_prii3_turtlesim --single-version-externally-managed install_data
[2.838s] DEBUG:colcon.colcon_core.event_handler.log_command:Invoking command in '/home/rodrigo/Proyecto_III/g12_prii3/g12_prii3_ws/src/g12_prii3_nav_jetbot': PYTHONPATH=/home/rodrigo/Proyecto_III/g12_prii3/g12_prii3_ws/build/g12_prii3_nav_jetbot/prefix_override:/usr/lib/python3/dist-packages/colcon_core/task/python/colcon_distutils_commands:/home/rodrigo/Proyecto_III/g12_prii3/g12_prii3_ws/install/g12_prii3_nav_jetbot/lib/python3.8/site-packages:${PYTHONPATH} /usr/bin/python3 -W ignore:setup.py install is deprecated -W ignore:easy_install command is deprecated setup.py egg_info --egg-base ../../build/g12_prii3_nav_jetbot build --build-base /home/rodrigo/Proyecto_III/g12_prii3/g12_prii3_ws/build/g12_prii3_nav_jetbot/build install --record /home/rodrigo/Proyecto_III/g12_prii3/g12_prii3_ws/build/g12_prii3_nav_jetbot/install.log --install-scripts $base/lib/g12_prii3_nav_jetbot --single-version-externally-managed install_data
[2.843s] DEBUG:colcon.colcon_core.event_handler.log_command:Invoking command in '/home/rodrigo/Proyecto_III/g12_prii3/g12_prii3_ws/src/g12_prii3_move_turtlebot': PYTHONPATH=/home/rodrigo/Proyecto_III/g12_prii3/g12_prii3_ws/build/g12_prii3_move_turtlebot/prefix_override:/usr/lib/python3/dist-packages/colcon_core/task/python/colcon_distutils_commands:/home/rodrigo/Proyecto_III/g12_prii3/g12_prii3_ws/install/g12_prii3_move_turtlebot/lib/python3.8/site-packages:${PYTHONPATH} /usr/bin/python3 -W ignore:setup.py install is deprecated -W ignore:easy_install command is deprecated setup.py egg_info --egg-base ../../build/g12_prii3_move_turtlebot build --build-base /home/rodrigo/Proyecto_III/g12_prii3/g12_prii3_ws/build/g12_prii3_move_turtlebot/build install --record /home/rodrigo/Proyecto_III/g12_prii3/g12_prii3_ws/build/g12_prii3_move_turtlebot/install.log --install-scripts $base/lib/g12_prii3_move_turtlebot --single-version-externally-managed install_data
[2.847s] DEBUG:colcon.colcon_core.event_handler.log_command:Invoking command in '/home/rodrigo/Proyecto_III/g12_prii3/g12_prii3_ws/src/g12_prii3_nav_turtlebot': PYTHONPATH=/home/rodrigo/Proyecto_III/g12_prii3/g12_prii3_ws/build/g12_prii3_nav_turtlebot/prefix_override:/usr/lib/python3/dist-packages/colcon_core/task/python/colcon_distutils_commands:/home/rodrigo/Proyecto_III/g12_prii3/g12_prii3_ws/install/g12_prii3_nav_turtlebot/lib/python3.8/site-packages:${PYTHONPATH} /usr/bin/python3 -W ignore:setup.py install is deprecated -W ignore:easy_install command is deprecated setup.py egg_info --egg-base ../../build/g12_prii3_nav_turtlebot build --build-base /home/rodrigo/Proyecto_III/g12_prii3/g12_prii3_ws/build/g12_prii3_nav_turtlebot/build install --record /home/rodrigo/Proyecto_III/g12_prii3/g12_prii3_ws/build/g12_prii3_nav_turtlebot/install.log --install-scripts $base/lib/g12_prii3_nav_turtlebot --single-version-externally-managed install_data
[3.212s] DEBUG:colcon.colcon_core.event_handler.log_command:Invoked command in '/home/rodrigo/Proyecto_III/g12_prii3/g12_prii3_ws/src/g12_prii3_move_jetbot' returned '0': PYTHONPATH=/home/rodrigo/Proyecto_III/g12_prii3/g12_prii3_ws/build/g12_prii3_move_jetbot/prefix_override:/usr/lib/python3/dist-packages/colcon_core/task/python/colcon_distutils_commands:/home/rodrigo/Proyecto_III/g12_prii3/g12_prii3_ws/install/g12_prii3_move_jetbot/lib/python3.8/site-packages:${PYTHONPATH} /usr/bin/python3 -W ignore:setup.py install is deprecated -W ignore:easy_install command is deprecated setup.py egg_info --egg-base ../../build/g12_prii3_move_jetbot build --build-base /home/rodrigo/Proyecto_III/g12_prii3/g12_prii3_ws/build/g12_prii3_move_jetbot/build install --record /home/rodrigo/Proyecto_III/g12_prii3/g12_prii3_ws/build/g12_prii3_move_jetbot/install.log --install-scripts $base/lib/g12_prii3_move_jetbot --single-version-externally-managed install_data
[3.221s] Level 1:colcon.colcon_core.environment:checking '/home/rodrigo/Proyecto_III/g12_prii3/g12_prii3_ws/install/g12_prii3_move_jetbot' for CMake module files
[3.222s] Level 1:colcon.colcon_core.environment:checking '/home/rodrigo/Proyecto_III/g12_prii3/g12_prii3_ws/install/g12_prii3_move_jetbot' for CMake config files
[3.223s] Level 1:colcon.colcon_core.environment:checking '/home/rodrigo/Proyecto_III/g12_prii3/g12_prii3_ws/install/g12_prii3_move_jetbot/lib'
[3.224s] Level 1:colcon.colcon_core.environment:checking '/home/rodrigo/Proyecto_III/g12_prii3/g12_prii3_ws/install/g12_prii3_move_jetbot/bin'
[3.224s] Level 1:colcon.colcon_core.environment:checking '/home/rodrigo/Proyecto_III/g12_prii3/g12_prii3_ws/install/g12_prii3_move_jetbot/lib/pkgconfig/g12_prii3_move_jetbot.pc'
[3.224s] Level 1:colcon.colcon_core.environment:checking '/home/rodrigo/Proyecto_III/g12_prii3/g12_prii3_ws/install/g12_prii3_move_jetbot/lib/python3.8/site-packages'
[3.224s] Level 1:colcon.colcon_core.shell:create_environment_hook('g12_prii3_move_jetbot', 'pythonpath')
[3.224s] INFO:colcon.colcon_core.shell:Creating environment hook '/home/rodrigo/Proyecto_III/g12_prii3/g12_prii3_ws/install/g12_prii3_move_jetbot/share/g12_prii3_move_jetbot/hook/pythonpath.ps1'
[3.225s] INFO:colcon.colcon_core.shell:Creating environment descriptor '/home/rodrigo/Proyecto_III/g12_prii3/g12_prii3_ws/install/g12_prii3_move_jetbot/share/g12_prii3_move_jetbot/hook/pythonpath.dsv'
[3.225s] INFO:colcon.colcon_core.shell:Creating environment hook '/home/rodrigo/Proyecto_III/g12_prii3/g12_prii3_ws/install/g12_prii3_move_jetbot/share/g12_prii3_move_jetbot/hook/pythonpath.sh'
[3.226s] Level 1:colcon.colcon_core.environment:checking '/home/rodrigo/Proyecto_III/g12_prii3/g12_prii3_ws/install/g12_prii3_move_jetbot/bin'
[3.226s] Level 1:colcon.colcon_core.environment:create_environment_scripts_only(g12_prii3_move_jetbot)
[3.227s] INFO:colcon.colcon_core.shell:Creating package script '/home/rodrigo/Proyecto_III/g12_prii3/g12_prii3_ws/install/g12_prii3_move_jetbot/share/g12_prii3_move_jetbot/package.ps1'
[3.228s] INFO:colcon.colcon_core.shell:Creating package descriptor '/home/rodrigo/Proyecto_III/g12_prii3/g12_prii3_ws/install/g12_prii3_move_jetbot/share/g12_prii3_move_jetbot/package.dsv'
[3.229s] INFO:colcon.colcon_core.shell:Creating package script '/home/rodrigo/Proyecto_III/g12_prii3/g12_prii3_ws/install/g12_prii3_move_jetbot/share/g12_prii3_move_jetbot/package.sh'
[3.230s] INFO:colcon.colcon_core.shell:Creating package script '/home/rodrigo/Proyecto_III/g12_prii3/g12_prii3_ws/install/g12_prii3_move_jetbot/share/g12_prii3_move_jetbot/package.bash'
[3.232s] INFO:colcon.colcon_core.shell:Creating package script '/home/rodrigo/Proyecto_III/g12_prii3/g12_prii3_ws/install/g12_prii3_move_jetbot/share/g12_prii3_move_jetbot/package.zsh'
[3.233s] Level 1:colcon.colcon_core.environment:create_file_with_runtime_dependencies(/home/rodrigo/Proyecto_III/g12_prii3/g12_prii3_ws/install/g12_prii3_move_jetbot/share/colcon-core/packages/g12_prii3_move_jetbot)
[3.235s] Level 1:colcon.colcon_core.environment:checking '/home/rodrigo/Proyecto_III/g12_prii3/g12_prii3_ws/install/g12_prii3_move_turtlebot' for CMake module files
[3.236s] DEBUG:colcon.colcon_core.event_handler.log_command:Invoked command in '/home/rodrigo/Proyecto_III/g12_prii3/g12_prii3_ws/src/g12_prii3_move_turtlebot' returned '0': PYTHONPATH=/home/rodrigo/Proyecto_III/g12_prii3/g12_prii3_ws/build/g12_prii3_move_turtlebot/prefix_override:/usr/lib/python3/dist-packages/colcon_core/task/python/colcon_distutils_commands:/home/rodrigo/Proyecto_III/g12_prii3/g12_prii3_ws/install/g12_prii3_move_turtlebot/lib/python3.8/site-packages:${PYTHONPATH} /usr/bin/python3 -W ignore:setup.py install is deprecated -W ignore:easy_install command is deprecated setup.py egg_info --egg-base ../../build/g12_prii3_move_turtlebot build --build-base /home/rodrigo/Proyecto_III/g12_prii3/g12_prii3_ws/build/g12_prii3_move_turtlebot/build install --record /home/rodrigo/Proyecto_III/g12_prii3/g12_prii3_ws/build/g12_prii3_move_turtlebot/install.log --install-scripts $base/lib/g12_prii3_move_turtlebot --single-version-externally-managed install_data
[3.237s] Level 1:colcon.colcon_core.environment:checking '/home/rodrigo/Proyecto_III/g12_prii3/g12_prii3_ws/install/g12_prii3_move_turtlebot' for CMake config files
[3.237s] Level 1:colcon.colcon_core.environment:checking '/home/rodrigo/Proyecto_III/g12_prii3/g12_prii3_ws/install/g12_prii3_move_turtlebot/lib'
[3.237s] Level 1:colcon.colcon_core.environment:checking '/home/rodrigo/Proyecto_III/g12_prii3/g12_prii3_ws/install/g12_prii3_move_turtlebot/bin'
[3.237s] Level 1:colcon.colcon_core.environment:checking '/home/rodrigo/Proyecto_III/g12_prii3/g12_prii3_ws/install/g12_prii3_move_turtlebot/lib/pkgconfig/g12_prii3_move_turtlebot.pc'
[3.238s] Level 1:colcon.colcon_core.environment:checking '/home/rodrigo/Proyecto_III/g12_prii3/g12_prii3_ws/install/g12_prii3_move_turtlebot/lib/python3.8/site-packages'
[3.238s] Level 1:colcon.colcon_core.shell:create_environment_hook('g12_prii3_move_turtlebot', 'pythonpath')
[3.238s] INFO:colcon.colcon_core.shell:Creating environment hook '/home/rodrigo/Proyecto_III/g12_prii3/g12_prii3_ws/install/g12_prii3_move_turtlebot/share/g12_prii3_move_turtlebot/hook/pythonpath.ps1'
[3.239s] INFO:colcon.colcon_core.shell:Creating environment descriptor '/home/rodrigo/Proyecto_III/g12_prii3/g12_prii3_ws/install/g12_prii3_move_turtlebot/share/g12_prii3_move_turtlebot/hook/pythonpath.dsv'
[3.239s] INFO:colcon.colcon_core.shell:Creating environment hook '/home/rodrigo/Proyecto_III/g12_prii3/g12_prii3_ws/install/g12_prii3_move_turtlebot/share/g12_prii3_move_turtlebot/hook/pythonpath.sh'
[3.240s] Level 1:colcon.colcon_core.environment:checking '/home/rodrigo/Proyecto_III/g12_prii3/g12_prii3_ws/install/g12_prii3_move_turtlebot/bin'
[3.241s] Level 1:colcon.colcon_core.environment:create_environment_scripts_only(g12_prii3_move_turtlebot)
[3.241s] INFO:colcon.colcon_core.shell:Creating package script '/home/rodrigo/Proyecto_III/g12_prii3/g12_prii3_ws/install/g12_prii3_move_turtlebot/share/g12_prii3_move_turtlebot/package.ps1'
[3.242s] INFO:colcon.colcon_core.shell:Creating package descriptor '/home/rodrigo/Proyecto_III/g12_prii3/g12_prii3_ws/install/g12_prii3_move_turtlebot/share/g12_prii3_move_turtlebot/package.dsv'
[3.243s] INFO:colcon.colcon_core.shell:Creating package script '/home/rodrigo/Proyecto_III/g12_prii3/g12_prii3_ws/install/g12_prii3_move_turtlebot/share/g12_prii3_move_turtlebot/package.sh'
[3.243s] INFO:colcon.colcon_core.shell:Creating package script '/home/rodrigo/Proyecto_III/g12_prii3/g12_prii3_ws/install/g12_prii3_move_turtlebot/share/g12_prii3_move_turtlebot/package.bash'
[3.244s] INFO:colcon.colcon_core.shell:Creating package script '/home/rodrigo/Proyecto_III/g12_prii3/g12_prii3_ws/install/g12_prii3_move_turtlebot/share/g12_prii3_move_turtlebot/package.zsh'
[3.244s] Level 1:colcon.colcon_core.environment:create_file_with_runtime_dependencies(/home/rodrigo/Proyecto_III/g12_prii3/g12_prii3_ws/install/g12_prii3_move_turtlebot/share/colcon-core/packages/g12_prii3_move_turtlebot)
[3.246s] Level 1:colcon.colcon_core.environment:checking '/home/rodrigo/Proyecto_III/g12_prii3/g12_prii3_ws/install/g12_prii3_nav_jetbot' for CMake module files
[3.247s] DEBUG:colcon.colcon_core.event_handler.log_command:Invoked command in '/home/rodrigo/Proyecto_III/g12_prii3/g12_prii3_ws/src/g12_prii3_nav_jetbot' returned '0': PYTHONPATH=/home/rodrigo/Proyecto_III/g12_prii3/g12_prii3_ws/build/g12_prii3_nav_jetbot/prefix_override:/usr/lib/python3/dist-packages/colcon_core/task/python/colcon_distutils_commands:/home/rodrigo/Proyecto_III/g12_prii3/g12_prii3_ws/install/g12_prii3_nav_jetbot/lib/python3.8/site-packages:${PYTHONPATH} /usr/bin/python3 -W ignore:setup.py install is deprecated -W ignore:easy_install command is deprecated setup.py egg_info --egg-base ../../build/g12_prii3_nav_jetbot build --build-base /home/rodrigo/Proyecto_III/g12_prii3/g12_prii3_ws/build/g12_prii3_nav_jetbot/build install --record /home/rodrigo/Proyecto_III/g12_prii3/g12_prii3_ws/build/g12_prii3_nav_jetbot/install.log --install-scripts $base/lib/g12_prii3_nav_jetbot --single-version-externally-managed install_data
[3.247s] Level 1:colcon.colcon_core.environment:checking '/home/rodrigo/Proyecto_III/g12_prii3/g12_prii3_ws/install/g12_prii3_nav_jetbot' for CMake config files
[3.248s] Level 1:colcon.colcon_core.environment:checking '/home/rodrigo/Proyecto_III/g12_prii3/g12_prii3_ws/install/g12_prii3_nav_jetbot/lib'
[3.248s] Level 1:colcon.colcon_core.environment:checking '/home/rodrigo/Proyecto_III/g12_prii3/g12_prii3_ws/install/g12_prii3_nav_jetbot/bin'
[3.248s] Level 1:colcon.colcon_core.environment:checking '/home/rodrigo/Proyecto_III/g12_prii3/g12_prii3_ws/install/g12_prii3_nav_jetbot/lib/pkgconfig/g12_prii3_nav_jetbot.pc'
[3.248s] Level 1:colcon.colcon_core.environment:checking '/home/rodrigo/Proyecto_III/g12_prii3/g12_prii3_ws/install/g12_prii3_nav_jetbot/lib/python3.8/site-packages'
[3.248s] Level 1:colcon.colcon_core.shell:create_environment_hook('g12_prii3_nav_jetbot', 'pythonpath')
[3.249s] INFO:colcon.colcon_core.shell:Creating environment hook '/home/rodrigo/Proyecto_III/g12_prii3/g12_prii3_ws/install/g12_prii3_nav_jetbot/share/g12_prii3_nav_jetbot/hook/pythonpath.ps1'
[3.250s] INFO:colcon.colcon_core.shell:Creating environment descriptor '/home/rodrigo/Proyecto_III/g12_prii3/g12_prii3_ws/install/g12_prii3_nav_jetbot/share/g12_prii3_nav_jetbot/hook/pythonpath.dsv'
[3.251s] INFO:colcon.colcon_core.shell:Creating environment hook '/home/rodrigo/Proyecto_III/g12_prii3/g12_prii3_ws/install/g12_prii3_nav_jetbot/share/g12_prii3_nav_jetbot/hook/pythonpath.sh'
[3.252s] Level 1:colcon.colcon_core.environment:checking '/home/rodrigo/Proyecto_III/g12_prii3/g12_prii3_ws/install/g12_prii3_nav_jetbot/bin'
[3.252s] Level 1:colcon.colcon_core.environment:create_environment_scripts_only(g12_prii3_nav_jetbot)
[3.252s] INFO:colcon.colcon_core.shell:Creating package script '/home/rodrigo/Proyecto_III/g12_prii3/g12_prii3_ws/install/g12_prii3_nav_jetbot/share/g12_prii3_nav_jetbot/package.ps1'
[3.253s] INFO:colcon.colcon_core.shell:Creating package descriptor '/home/rodrigo/Proyecto_III/g12_prii3/g12_prii3_ws/install/g12_prii3_nav_jetbot/share/g12_prii3_nav_jetbot/package.dsv'
[3.253s] INFO:colcon.colcon_core.shell:Creating package script '/home/rodrigo/Proyecto_III/g12_prii3/g12_prii3_ws/install/g12_prii3_nav_jetbot/share/g12_prii3_nav_jetbot/package.sh'
[3.254s] INFO:colcon.colcon_core.shell:Creating package script '/home/rodrigo/Proyecto_III/g12_prii3/g12_prii3_ws/install/g12_prii3_nav_jetbot/share/g12_prii3_nav_jetbot/package.bash'
[3.254s] INFO:colcon.colcon_core.shell:Creating package script '/home/rodrigo/Proyecto_III/g12_prii3/g12_prii3_ws/install/g12_prii3_nav_jetbot/share/g12_prii3_nav_jetbot/package.zsh'
[3.255s] Level 1:colcon.colcon_core.environment:create_file_with_runtime_dependencies(/home/rodrigo/Proyecto_III/g12_prii3/g12_prii3_ws/install/g12_prii3_nav_jetbot/share/colcon-core/packages/g12_prii3_nav_jetbot)
[3.257s] Level 1:colcon.colcon_core.environment:checking '/home/rodrigo/Proyecto_III/g12_prii3/g12_prii3_ws/install/g12_prii3_turtlesim' for CMake module files
[3.257s] DEBUG:colcon.colcon_core.event_handler.log_command:Invoked command in '/home/rodrigo/Proyecto_III/g12_prii3/g12_prii3_ws/src/g12_prii3_turtlesim' returned '0': PYTHONPATH=/home/rodrigo/Proyecto_III/g12_prii3/g12_prii3_ws/build/g12_prii3_turtlesim/prefix_override:/usr/lib/python3/dist-packages/colcon_core/task/python/colcon_distutils_commands:/home/rodrigo/Proyecto_III/g12_prii3/g12_prii3_ws/install/g12_prii3_turtlesim/lib/python3.8/site-packages:${PYTHONPATH} /usr/bin/python3 -W ignore:setup.py install is deprecated -W ignore:easy_install command is deprecated setup.py egg_info --egg-base ../../build/g12_prii3_turtlesim build --build-base /home/rodrigo/Proyecto_III/g12_prii3/g12_prii3_ws/build/g12_prii3_turtlesim/build install --record /home/rodrigo/Proyecto_III/g12_prii3/g12_prii3_ws/build/g12_prii3_turtlesim/install.log --install-scripts $base/lib/g12_prii3_turtlesim --single-version-externally-managed install_data
[3.258s] Level 1:colcon.colcon_core.environment:checking '/home/rodrigo/Proyecto_III/g12_prii3/g12_prii3_ws/install/g12_prii3_turtlesim' for CMake config files
[3.258s] Level 1:colcon.colcon_core.environment:checking '/home/rodrigo/Proyecto_III/g12_prii3/g12_prii3_ws/install/g12_prii3_turtlesim/lib'
[3.258s] Level 1:colcon.colcon_core.environment:checking '/home/rodrigo/Proyecto_III/g12_prii3/g12_prii3_ws/install/g12_prii3_turtlesim/bin'
[3.258s] Level 1:colcon.colcon_core.environment:checking '/home/rodrigo/Proyecto_III/g12_prii3/g12_prii3_ws/install/g12_prii3_turtlesim/lib/pkgconfig/g12_prii3_turtlesim.pc'
[3.259s] Level 1:colcon.colcon_core.environment:checking '/home/rodrigo/Proyecto_III/g12_prii3/g12_prii3_ws/install/g12_prii3_turtlesim/lib/python3.8/site-packages'
[3.259s] Level 1:colcon.colcon_core.shell:create_environment_hook('g12_prii3_turtlesim', 'pythonpath')
[3.259s] INFO:colcon.colcon_core.shell:Creating environment hook '/home/rodrigo/Proyecto_III/g12_prii3/g12_prii3_ws/install/g12_prii3_turtlesim/share/g12_prii3_turtlesim/hook/pythonpath.ps1'
[3.260s] INFO:colcon.colcon_core.shell:Creating environment descriptor '/home/rodrigo/Proyecto_III/g12_prii3/g12_prii3_ws/install/g12_prii3_turtlesim/share/g12_prii3_turtlesim/hook/pythonpath.dsv'
[3.260s] INFO:colcon.colcon_core.shell:Creating environment hook '/home/rodrigo/Proyecto_III/g12_prii3/g12_prii3_ws/install/g12_prii3_turtlesim/share/g12_prii3_turtlesim/hook/pythonpath.sh'
[3.261s] Level 1:colcon.colcon_core.environment:checking '/home/rodrigo/Proyecto_III/g12_prii3/g12_prii3_ws/install/g12_prii3_turtlesim/bin'
[3.261s] Level 1:colcon.colcon_core.environment:create_environment_scripts_only(g12_prii3_turtlesim)
[3.261s] INFO:colcon.colcon_core.shell:Creating package script '/home/rodrigo/Proyecto_III/g12_prii3/g12_prii3_ws/install/g12_prii3_turtlesim/share/g12_prii3_turtlesim/package.ps1'
[3.262s] INFO:colcon.colcon_core.shell:Creating package descriptor '/home/rodrigo/Proyecto_III/g12_prii3/g12_prii3_ws/install/g12_prii3_turtlesim/share/g12_prii3_turtlesim/package.dsv'
[3.262s] INFO:colcon.colcon_core.shell:Creating package script '/home/rodrigo/Proyecto_III/g12_prii3/g12_prii3_ws/install/g12_prii3_turtlesim/share/g12_prii3_turtlesim/package.sh'
[3.263s] INFO:colcon.colcon_core.shell:Creating package script '/home/rodrigo/Proyecto_III/g12_prii3/g12_prii3_ws/install/g12_prii3_turtlesim/share/g12_prii3_turtlesim/package.bash'
[3.263s] INFO:colcon.colcon_core.shell:Creating package script '/home/rodrigo/Proyecto_III/g12_prii3/g12_prii3_ws/install/g12_prii3_turtlesim/share/g12_prii3_turtlesim/package.zsh'
[3.264s] Level 1:colcon.colcon_core.environment:create_file_with_runtime_dependencies(/home/rodrigo/Proyecto_III/g12_prii3/g12_prii3_ws/install/g12_prii3_turtlesim/share/colcon-core/packages/g12_prii3_turtlesim)
[3.266s] Level 1:colcon.colcon_core.environment:checking '/home/rodrigo/Proyecto_III/g12_prii3/g12_prii3_ws/install/g12_prii3_nav_turtlebot' for CMake module files
[3.267s] DEBUG:colcon.colcon_core.event_handler.log_command:Invoked command in '/home/rodrigo/Proyecto_III/g12_prii3/g12_prii3_ws/src/g12_prii3_nav_turtlebot' returned '0': PYTHONPATH=/home/rodrigo/Proyecto_III/g12_prii3/g12_prii3_ws/build/g12_prii3_nav_turtlebot/prefix_override:/usr/lib/python3/dist-packages/colcon_core/task/python/colcon_distutils_commands:/home/rodrigo/Proyecto_III/g12_prii3/g12_prii3_ws/install/g12_prii3_nav_turtlebot/lib/python3.8/site-packages:${PYTHONPATH} /usr/bin/python3 -W ignore:setup.py install is deprecated -W ignore:easy_install command is deprecated setup.py egg_info --egg-base ../../build/g12_prii3_nav_turtlebot build --build-base /home/rodrigo/Proyecto_III/g12_prii3/g12_prii3_ws/build/g12_prii3_nav_turtlebot/build install --record /home/rodrigo/Proyecto_III/g12_prii3/g12_prii3_ws/build/g12_prii3_nav_turtlebot/install.log --install-scripts $base/lib/g12_prii3_nav_turtlebot --single-version-externally-managed install_data
[3.267s] Level 1:colcon.colcon_core.environment:checking '/home/rodrigo/Proyecto_III/g12_prii3/g12_prii3_ws/install/g12_prii3_nav_turtlebot' for CMake config files
[3.268s] Level 1:colcon.colcon_core.environment:checking '/home/rodrigo/Proyecto_III/g12_prii3/g12_prii3_ws/install/g12_prii3_nav_turtlebot/lib'
[3.268s] Level 1:colcon.colcon_core.environment:checking '/home/rodrigo/Proyecto_III/g12_prii3/g12_prii3_ws/install/g12_prii3_nav_turtlebot/bin'
[3.269s] Level 1:colcon.colcon_core.environment:checking '/home/rodrigo/Proyecto_III/g12_prii3/g12_prii3_ws/install/g12_prii3_nav_turtlebot/lib/pkgconfig/g12_prii3_nav_turtlebot.pc'
[3.269s] Level 1:colcon.colcon_core.environment:checking '/home/rodrigo/Proyecto_III/g12_prii3/g12_prii3_ws/install/g12_prii3_nav_turtlebot/lib/python3.8/site-packages'
[3.269s] Level 1:colcon.colcon_core.shell:create_environment_hook('g12_prii3_nav_turtlebot', 'pythonpath')
[3.269s] INFO:colcon.colcon_core.shell:Creating environment hook '/home/rodrigo/Proyecto_III/g12_prii3/g12_prii3_ws/install/g12_prii3_nav_turtlebot/share/g12_prii3_nav_turtlebot/hook/pythonpath.ps1'
[3.270s] INFO:colcon.colcon_core.shell:Creating environment descriptor '/home/rodrigo/Proyecto_III/g12_prii3/g12_prii3_ws/install/g12_prii3_nav_turtlebot/share/g12_prii3_nav_turtlebot/hook/pythonpath.dsv'
[3.270s] INFO:colcon.colcon_core.shell:Creating environment hook '/home/rodrigo/Proyecto_III/g12_prii3/g12_prii3_ws/install/g12_prii3_nav_turtlebot/share/g12_prii3_nav_turtlebot/hook/pythonpath.sh'
[3.271s] Level 1:colcon.colcon_core.environment:checking '/home/rodrigo/Proyecto_III/g12_prii3/g12_prii3_ws/install/g12_prii3_nav_turtlebot/bin'
[3.271s] Level 1:colcon.colcon_core.environment:create_environment_scripts_only(g12_prii3_nav_turtlebot)
[3.271s] INFO:colcon.colcon_core.shell:Creating package script '/home/rodrigo/Proyecto_III/g12_prii3/g12_prii3_ws/install/g12_prii3_nav_turtlebot/share/g12_prii3_nav_turtlebot/package.ps1'
[3.272s] INFO:colcon.colcon_core.shell:Creating package descriptor '/home/rodrigo/Proyecto_III/g12_prii3/g12_prii3_ws/install/g12_prii3_nav_turtlebot/share/g12_prii3_nav_turtlebot/package.dsv'
[3.272s] INFO:colcon.colcon_core.shell:Creating package script '/home/rodrigo/Proyecto_III/g12_prii3/g12_prii3_ws/install/g12_prii3_nav_turtlebot/share/g12_prii3_nav_turtlebot/package.sh'
[3.273s] INFO:colcon.colcon_core.shell:Creating package script '/home/rodrigo/Proyecto_III/g12_prii3/g12_prii3_ws/install/g12_prii3_nav_turtlebot/share/g12_prii3_nav_turtlebot/package.bash'
[3.273s] INFO:colcon.colcon_core.shell:Creating package script '/home/rodrigo/Proyecto_III/g12_prii3/g12_prii3_ws/install/g12_prii3_nav_turtlebot/share/g12_prii3_nav_turtlebot/package.zsh'
[3.274s] Level 1:colcon.colcon_core.environment:create_file_with_runtime_dependencies(/home/rodrigo/Proyecto_III/g12_prii3/g12_prii3_ws/install/g12_prii3_nav_turtlebot/share/colcon-core/packages/g12_prii3_nav_turtlebot)
[3.274s] DEBUG:colcon.colcon_parallel_executor.executor.parallel:closing loop
[3.274s] DEBUG:colcon.colcon_parallel_executor.executor.parallel:loop closed
[3.274s] DEBUG:colcon.colcon_parallel_executor.executor.parallel:run_until_complete finished with '0'
[3.275s] DEBUG:colcon.colcon_core.event_reactor:joining thread
[3.282s] INFO:colcon.colcon_core.plugin_system:Skipping extension 'colcon_notification.desktop_notification.terminal_notifier': Not used on non-Darwin systems
[3.283s] INFO:colcon.colcon_core.plugin_system:Skipping extension 'colcon_notification.desktop_notification.win32': Not used on non-Windows systems
[3.283s] INFO:colcon.colcon_notification.desktop_notification:Sending desktop notification using 'notify2'
[3.303s] DEBUG:colcon.colcon_core.event_reactor:joined thread
[3.303s] INFO:colcon.colcon_core.shell:Creating prefix script '/home/rodrigo/Proyecto_III/g12_prii3/g12_prii3_ws/install/local_setup.ps1'
[3.305s] INFO:colcon.colcon_core.shell:Creating prefix util module '/home/rodrigo/Proyecto_III/g12_prii3/g12_prii3_ws/install/_local_setup_util_ps1.py'
[3.307s] INFO:colcon.colcon_core.shell:Creating prefix chain script '/home/rodrigo/Proyecto_III/g12_prii3/g12_prii3_ws/install/setup.ps1'
[3.308s] INFO:colcon.colcon_core.shell:Creating prefix script '/home/rodrigo/Proyecto_III/g12_prii3/g12_prii3_ws/install/local_setup.sh'
[3.309s] INFO:colcon.colcon_core.shell:Creating prefix util module '/home/rodrigo/Proyecto_III/g12_prii3/g12_prii3_ws/install/_local_setup_util_sh.py'
[3.310s] INFO:colcon.colcon_core.shell:Creating prefix chain script '/home/rodrigo/Proyecto_III/g12_prii3/g12_prii3_ws/install/setup.sh'
[3.311s] INFO:colcon.colcon_core.shell:Creating prefix script '/home/rodrigo/Proyecto_III/g12_prii3/g12_prii3_ws/install/local_setup.bash'
[3.312s] INFO:colcon.colcon_core.shell:Creating prefix chain script '/home/rodrigo/Proyecto_III/g12_prii3/g12_prii3_ws/install/setup.bash'
[3.313s] INFO:colcon.colcon_core.shell:Creating prefix script '/home/rodrigo/Proyecto_III/g12_prii3/g12_prii3_ws/install/local_setup.zsh'
[3.314s] INFO:colcon.colcon_core.shell:Creating prefix chain script '/home/rodrigo/Proyecto_III/g12_prii3/g12_prii3_ws/install/setup.zsh'
