running develop
Removing /home/rodrigo/Proyecto_III/g12_prii3_ws/install/g12_prii3_move_jetbot/lib/python3.8/site-packages/g12-prii3-move-jetbot.egg-link (link to .)
running egg_info
writing ../../build/g12_prii3_move_jetbot/g12_prii3_move_jetbot.egg-info/PKG-INFO
writing dependency_links to ../../build/g12_prii3_move_jetbot/g12_prii3_move_jetbot.egg-info/dependency_links.txt
writing entry points to ../../build/g12_prii3_move_jetbot/g12_prii3_move_jetbot.egg-info/entry_points.txt
writing requirements to ../../build/g12_prii3_move_jetbot/g12_prii3_move_jetbot.egg-info/requires.txt
writing top-level names to ../../build/g12_prii3_move_jetbot/g12_prii3_move_jetbot.egg-info/top_level.txt
reading manifest file '../../build/g12_prii3_move_jetbot/g12_prii3_move_jetbot.egg-info/SOURCES.txt'
writing manifest file '../../build/g12_prii3_move_jetbot/g12_prii3_move_jetbot.egg-info/SOURCES.txt'
running build
running build_py
creating /home/rodrigo/Proyecto_III/g12_prii3_ws/build/g12_prii3_move_jetbot/build
creating /home/rodrigo/Proyecto_III/g12_prii3_ws/build/g12_prii3_move_jetbot/build/lib
creating /home/rodrigo/Proyecto_III/g12_prii3_ws/build/g12_prii3_move_jetbot/build/lib/g12_prii3_move_jetbot
copying g12_prii3_move_jetbot/draw_number.py -> /home/rodrigo/Proyecto_III/g12_prii3_ws/build/g12_prii3_move_jetbot/build/lib/g12_prii3_move_jetbot
copying g12_prii3_move_jetbot/__init__.py -> /home/rodrigo/Proyecto_III/g12_prii3_ws/build/g12_prii3_move_jetbot/build/lib/g12_prii3_move_jetbot
running install
running install_lib
creating /home/rodrigo/Proyecto_III/g12_prii3_ws/install/g12_prii3_move_jetbot/lib/python3.8/site-packages/g12_prii3_move_jetbot
copying /home/rodrigo/Proyecto_III/g12_prii3_ws/build/g12_prii3_move_jetbot/build/lib/g12_prii3_move_jetbot/draw_number.py -> /home/rodrigo/Proyecto_III/g12_prii3_ws/install/g12_prii3_move_jetbot/lib/python3.8/site-packages/g12_prii3_move_jetbot
copying /home/rodrigo/Proyecto_III/g12_prii3_ws/build/g12_prii3_move_jetbot/build/lib/g12_prii3_move_jetbot/__init__.py -> /home/rodrigo/Proyecto_III/g12_prii3_ws/install/g12_prii3_move_jetbot/lib/python3.8/site-packages/g12_prii3_move_jetbot
byte-compiling /home/rodrigo/Proyecto_III/g12_prii3_ws/install/g12_prii3_move_jetbot/lib/python3.8/site-packages/g12_prii3_move_jetbot/draw_number.py to draw_number.cpython-38.pyc
byte-compiling /home/rodrigo/Proyecto_III/g12_prii3_ws/install/g12_prii3_move_jetbot/lib/python3.8/site-packages/g12_prii3_move_jetbot/__init__.py to __init__.cpython-38.pyc
running install_data
copying resource/g12_prii3_move_jetbot -> /home/rodrigo/Proyecto_III/g12_prii3_ws/install/g12_prii3_move_jetbot/share/ament_index/resource_index/packages
copying package.xml -> /home/rodrigo/Proyecto_III/g12_prii3_ws/install/g12_prii3_move_jetbot/share/g12_prii3_move_jetbot
running install_egg_info
Copying ../../build/g12_prii3_move_jetbot/g12_prii3_move_jetbot.egg-info to /home/rodrigo/Proyecto_III/g12_prii3_ws/install/g12_prii3_move_jetbot/lib/python3.8/site-packages/g12_prii3_move_jetbot-0.0.0-py3.8.egg-info
running install_scripts
writing list of installed files to '/home/rodrigo/Proyecto_III/g12_prii3_ws/build/g12_prii3_move_jetbot/install.log'
