running egg_info
creating build/g12_prii3_turtlesim/g12_prii3_turtlesim.egg-info
writing build/g12_prii3_turtlesim/g12_prii3_turtlesim.egg-info/PKG-INFO
writing dependency_links to build/g12_prii3_turtlesim/g12_prii3_turtlesim.egg-info/dependency_links.txt
writing entry points to build/g12_prii3_turtlesim/g12_prii3_turtlesim.egg-info/entry_points.txt
writing requirements to build/g12_prii3_turtlesim/g12_prii3_turtlesim.egg-info/requires.txt
writing top-level names to build/g12_prii3_turtlesim/g12_prii3_turtlesim.egg-info/top_level.txt
writing manifest file 'build/g12_prii3_turtlesim/g12_prii3_turtlesim.egg-info/SOURCES.txt'
reading manifest file 'build/g12_prii3_turtlesim/g12_prii3_turtlesim.egg-info/SOURCES.txt'
writing manifest file 'build/g12_prii3_turtlesim/g12_prii3_turtlesim.egg-info/SOURCES.txt'
running build
running build_py
creating /home/rodrigo/Proyecto_III/g12_prii3_ws/src/g12_prii3_turtlesim/build/g12_prii3_turtlesim/build
creating /home/rodrigo/Proyecto_III/g12_prii3_ws/src/g12_prii3_turtlesim/build/g12_prii3_turtlesim/build/lib
creating /home/rodrigo/Proyecto_III/g12_prii3_ws/src/g12_prii3_turtlesim/build/g12_prii3_turtlesim/build/lib/g12_prii3_turtlesim
copying g12_prii3_turtlesim/__init__.py -> /home/rodrigo/Proyecto_III/g12_prii3_ws/src/g12_prii3_turtlesim/build/g12_prii3_turtlesim/build/lib/g12_prii3_turtlesim
copying g12_prii3_turtlesim/mover_tortuga.py -> /home/rodrigo/Proyecto_III/g12_prii3_ws/src/g12_prii3_turtlesim/build/g12_prii3_turtlesim/build/lib/g12_prii3_turtlesim
running install
running install_lib
creating /home/rodrigo/Proyecto_III/g12_prii3_ws/src/g12_prii3_turtlesim/install/g12_prii3_turtlesim/lib/python3.8/site-packages/g12_prii3_turtlesim
copying /home/rodrigo/Proyecto_III/g12_prii3_ws/src/g12_prii3_turtlesim/build/g12_prii3_turtlesim/build/lib/g12_prii3_turtlesim/__init__.py -> /home/rodrigo/Proyecto_III/g12_prii3_ws/src/g12_prii3_turtlesim/install/g12_prii3_turtlesim/lib/python3.8/site-packages/g12_prii3_turtlesim
copying /home/rodrigo/Proyecto_III/g12_prii3_ws/src/g12_prii3_turtlesim/build/g12_prii3_turtlesim/build/lib/g12_prii3_turtlesim/mover_tortuga.py -> /home/rodrigo/Proyecto_III/g12_prii3_ws/src/g12_prii3_turtlesim/install/g12_prii3_turtlesim/lib/python3.8/site-packages/g12_prii3_turtlesim
byte-compiling /home/rodrigo/Proyecto_III/g12_prii3_ws/src/g12_prii3_turtlesim/install/g12_prii3_turtlesim/lib/python3.8/site-packages/g12_prii3_turtlesim/__init__.py to __init__.cpython-38.pyc
byte-compiling /home/rodrigo/Proyecto_III/g12_prii3_ws/src/g12_prii3_turtlesim/install/g12_prii3_turtlesim/lib/python3.8/site-packages/g12_prii3_turtlesim/mover_tortuga.py to mover_tortuga.cpython-38.pyc
running install_data
creating /home/rodrigo/Proyecto_III/g12_prii3_ws/src/g12_prii3_turtlesim/install/g12_prii3_turtlesim/share/ament_index
creating /home/rodrigo/Proyecto_III/g12_prii3_ws/src/g12_prii3_turtlesim/install/g12_prii3_turtlesim/share/ament_index/resource_index
creating /home/rodrigo/Proyecto_III/g12_prii3_ws/src/g12_prii3_turtlesim/install/g12_prii3_turtlesim/share/ament_index/resource_index/packages
copying resource/g12_prii3_turtlesim -> /home/rodrigo/Proyecto_III/g12_prii3_ws/src/g12_prii3_turtlesim/install/g12_prii3_turtlesim/share/ament_index/resource_index/packages
copying package.xml -> /home/rodrigo/Proyecto_III/g12_prii3_ws/src/g12_prii3_turtlesim/install/g12_prii3_turtlesim/share/g12_prii3_turtlesim
creating /home/rodrigo/Proyecto_III/g12_prii3_ws/src/g12_prii3_turtlesim/install/g12_prii3_turtlesim/share/g12_prii3_turtlesim/launch
copying launch/mover_tortuga.launch.py -> /home/rodrigo/Proyecto_III/g12_prii3_ws/src/g12_prii3_turtlesim/install/g12_prii3_turtlesim/share/g12_prii3_turtlesim/launch
running install_egg_info
Copying build/g12_prii3_turtlesim/g12_prii3_turtlesim.egg-info to /home/rodrigo/Proyecto_III/g12_prii3_ws/src/g12_prii3_turtlesim/install/g12_prii3_turtlesim/lib/python3.8/site-packages/g12_prii3_turtlesim-0.0.0-py3.8.egg-info
running install_scripts
Installing mover_tortuga script to /home/rodrigo/Proyecto_III/g12_prii3_ws/src/g12_prii3_turtlesim/install/g12_prii3_turtlesim/lib/g12_prii3_turtlesim
writing list of installed files to '/home/rodrigo/Proyecto_III/g12_prii3_ws/src/g12_prii3_turtlesim/build/g12_prii3_turtlesim/install.log'
