[2.087s] Invoking command in '/home/rodrigo/Proyecto_III/g12_prii3/g12_prii3_ws/src/g12_prii3_move_turtlebot': PYTHONPATH=/home/rodrigo/Proyecto_III/g12_prii3/g12_prii3_ws/build/g12_prii3_move_turtlebot/prefix_override:/usr/lib/python3/dist-packages/colcon_core/task/python/colcon_distutils_commands:/home/rodrigo/Proyecto_III/g12_prii3/g12_prii3_ws/install/g12_prii3_move_turtlebot/lib/python3.8/site-packages:${PYTHONPATH} /usr/bin/python3 -W ignore:setup.py install is deprecated -W ignore:easy_install command is deprecated setup.py egg_info --egg-base ../../build/g12_prii3_move_turtlebot build --build-base /home/rodrigo/Proyecto_III/g12_prii3/g12_prii3_ws/build/g12_prii3_move_turtlebot/build install --record /home/rodrigo/Proyecto_III/g12_prii3/g12_prii3_ws/build/g12_prii3_move_turtlebot/install.log --install-scripts $base/lib/g12_prii3_move_turtlebot --single-version-externally-managed install_data
[2.356s] running egg_info
[2.357s] creating ../../build/g12_prii3_move_turtlebot/g12_prii3_move_turtlebot.egg-info
[2.357s] writing ../../build/g12_prii3_move_turtlebot/g12_prii3_move_turtlebot.egg-info/PKG-INFO
[2.358s] writing dependency_links to ../../build/g12_prii3_move_turtlebot/g12_prii3_move_turtlebot.egg-info/dependency_links.txt
[2.358s] writing entry points to ../../build/g12_prii3_move_turtlebot/g12_prii3_move_turtlebot.egg-info/entry_points.txt
[2.358s] writing requirements to ../../build/g12_prii3_move_turtlebot/g12_prii3_move_turtlebot.egg-info/requires.txt
[2.358s] writing top-level names to ../../build/g12_prii3_move_turtlebot/g12_prii3_move_turtlebot.egg-info/top_level.txt
[2.360s] writing manifest file '../../build/g12_prii3_move_turtlebot/g12_prii3_move_turtlebot.egg-info/SOURCES.txt'
[2.402s] reading manifest file '../../build/g12_prii3_move_turtlebot/g12_prii3_move_turtlebot.egg-info/SOURCES.txt'
[2.404s] writing manifest file '../../build/g12_prii3_move_turtlebot/g12_prii3_move_turtlebot.egg-info/SOURCES.txt'
[2.404s] running build
[2.404s] running build_py
[2.405s] creating /home/rodrigo/Proyecto_III/g12_prii3/g12_prii3_ws/build/g12_prii3_move_turtlebot/build
[2.405s] creating /home/rodrigo/Proyecto_III/g12_prii3/g12_prii3_ws/build/g12_prii3_move_turtlebot/build/lib
[2.405s] creating /home/rodrigo/Proyecto_III/g12_prii3/g12_prii3_ws/build/g12_prii3_move_turtlebot/build/lib/g12_prii3_move_turtlebot
[2.406s] copying g12_prii3_move_turtlebot/draw_number.py -> /home/rodrigo/Proyecto_III/g12_prii3/g12_prii3_ws/build/g12_prii3_move_turtlebot/build/lib/g12_prii3_move_turtlebot
[2.406s] copying g12_prii3_move_turtlebot/__init__.py -> /home/rodrigo/Proyecto_III/g12_prii3/g12_prii3_ws/build/g12_prii3_move_turtlebot/build/lib/g12_prii3_move_turtlebot
[2.406s] copying g12_prii3_move_turtlebot/collision_avoidance.py -> /home/rodrigo/Proyecto_III/g12_prii3/g12_prii3_ws/build/g12_prii3_move_turtlebot/build/lib/g12_prii3_move_turtlebot
[2.406s] copying g12_prii3_move_turtlebot/obstacle_avoidance.py -> /home/rodrigo/Proyecto_III/g12_prii3/g12_prii3_ws/build/g12_prii3_move_turtlebot/build/lib/g12_prii3_move_turtlebot
[2.406s] running install
[2.407s] running install_lib
[2.407s] creating /home/rodrigo/Proyecto_III/g12_prii3/g12_prii3_ws/install/g12_prii3_move_turtlebot/lib/python3.8/site-packages/g12_prii3_move_turtlebot
[2.407s] copying /home/rodrigo/Proyecto_III/g12_prii3/g12_prii3_ws/build/g12_prii3_move_turtlebot/build/lib/g12_prii3_move_turtlebot/draw_number.py -> /home/rodrigo/Proyecto_III/g12_prii3/g12_prii3_ws/install/g12_prii3_move_turtlebot/lib/python3.8/site-packages/g12_prii3_move_turtlebot
[2.408s] copying /home/rodrigo/Proyecto_III/g12_prii3/g12_prii3_ws/build/g12_prii3_move_turtlebot/build/lib/g12_prii3_move_turtlebot/__init__.py -> /home/rodrigo/Proyecto_III/g12_prii3/g12_prii3_ws/install/g12_prii3_move_turtlebot/lib/python3.8/site-packages/g12_prii3_move_turtlebot
[2.408s] copying /home/rodrigo/Proyecto_III/g12_prii3/g12_prii3_ws/build/g12_prii3_move_turtlebot/build/lib/g12_prii3_move_turtlebot/collision_avoidance.py -> /home/rodrigo/Proyecto_III/g12_prii3/g12_prii3_ws/install/g12_prii3_move_turtlebot/lib/python3.8/site-packages/g12_prii3_move_turtlebot
[2.408s] copying /home/rodrigo/Proyecto_III/g12_prii3/g12_prii3_ws/build/g12_prii3_move_turtlebot/build/lib/g12_prii3_move_turtlebot/obstacle_avoidance.py -> /home/rodrigo/Proyecto_III/g12_prii3/g12_prii3_ws/install/g12_prii3_move_turtlebot/lib/python3.8/site-packages/g12_prii3_move_turtlebot
[2.408s] byte-compiling /home/rodrigo/Proyecto_III/g12_prii3/g12_prii3_ws/install/g12_prii3_move_turtlebot/lib/python3.8/site-packages/g12_prii3_move_turtlebot/draw_number.py to draw_number.cpython-38.pyc
[2.412s] byte-compiling /home/rodrigo/Proyecto_III/g12_prii3/g12_prii3_ws/install/g12_prii3_move_turtlebot/lib/python3.8/site-packages/g12_prii3_move_turtlebot/__init__.py to __init__.cpython-38.pyc
[2.412s] byte-compiling /home/rodrigo/Proyecto_III/g12_prii3/g12_prii3_ws/install/g12_prii3_move_turtlebot/lib/python3.8/site-packages/g12_prii3_move_turtlebot/collision_avoidance.py to collision_avoidance.cpython-38.pyc
[2.413s] byte-compiling /home/rodrigo/Proyecto_III/g12_prii3/g12_prii3_ws/install/g12_prii3_move_turtlebot/lib/python3.8/site-packages/g12_prii3_move_turtlebot/obstacle_avoidance.py to obstacle_avoidance.cpython-38.pyc
[2.415s] running install_data
[2.415s] creating /home/rodrigo/Proyecto_III/g12_prii3/g12_prii3_ws/install/g12_prii3_move_turtlebot/share/ament_index
[2.416s] creating /home/rodrigo/Proyecto_III/g12_prii3/g12_prii3_ws/install/g12_prii3_move_turtlebot/share/ament_index/resource_index
[2.416s] creating /home/rodrigo/Proyecto_III/g12_prii3/g12_prii3_ws/install/g12_prii3_move_turtlebot/share/ament_index/resource_index/packages
[2.416s] copying resource/g12_prii3_move_turtlebot -> /home/rodrigo/Proyecto_III/g12_prii3/g12_prii3_ws/install/g12_prii3_move_turtlebot/share/ament_index/resource_index/packages
[2.416s] copying package.xml -> /home/rodrigo/Proyecto_III/g12_prii3/g12_prii3_ws/install/g12_prii3_move_turtlebot/share/g12_prii3_move_turtlebot
[2.416s] creating /home/rodrigo/Proyecto_III/g12_prii3/g12_prii3_ws/install/g12_prii3_move_turtlebot/share/g12_prii3_move_turtlebot/launch
[2.416s] copying launch/draw_and_collision.launch.py -> /home/rodrigo/Proyecto_III/g12_prii3/g12_prii3_ws/install/g12_prii3_move_turtlebot/share/g12_prii3_move_turtlebot/launch
[2.417s] copying launch/draw_and_obstacle.launch.py -> /home/rodrigo/Proyecto_III/g12_prii3/g12_prii3_ws/install/g12_prii3_move_turtlebot/share/g12_prii3_move_turtlebot/launch
[2.417s] copying launch/draw_number_only.launch.py -> /home/rodrigo/Proyecto_III/g12_prii3/g12_prii3_ws/install/g12_prii3_move_turtlebot/share/g12_prii3_move_turtlebot/launch
[2.417s] running install_egg_info
[2.418s] Copying ../../build/g12_prii3_move_turtlebot/g12_prii3_move_turtlebot.egg-info to /home/rodrigo/Proyecto_III/g12_prii3/g12_prii3_ws/install/g12_prii3_move_turtlebot/lib/python3.8/site-packages/g12_prii3_move_turtlebot-0.0.0-py3.8.egg-info
[2.419s] running install_scripts
[2.441s] Installing collision_avoidance script to /home/rodrigo/Proyecto_III/g12_prii3/g12_prii3_ws/install/g12_prii3_move_turtlebot/lib/g12_prii3_move_turtlebot
[2.441s] Installing draw_number script to /home/rodrigo/Proyecto_III/g12_prii3/g12_prii3_ws/install/g12_prii3_move_turtlebot/lib/g12_prii3_move_turtlebot
[2.441s] Installing obstacle_avoidance script to /home/rodrigo/Proyecto_III/g12_prii3/g12_prii3_ws/install/g12_prii3_move_turtlebot/lib/g12_prii3_move_turtlebot
[2.442s] writing list of installed files to '/home/rodrigo/Proyecto_III/g12_prii3/g12_prii3_ws/build/g12_prii3_move_turtlebot/install.log'
[2.482s] Invoked command in '/home/rodrigo/Proyecto_III/g12_prii3/g12_prii3_ws/src/g12_prii3_move_turtlebot' returned '0': PYTHONPATH=/home/rodrigo/Proyecto_III/g12_prii3/g12_prii3_ws/build/g12_prii3_move_turtlebot/prefix_override:/usr/lib/python3/dist-packages/colcon_core/task/python/colcon_distutils_commands:/home/rodrigo/Proyecto_III/g12_prii3/g12_prii3_ws/install/g12_prii3_move_turtlebot/lib/python3.8/site-packages:${PYTHONPATH} /usr/bin/python3 -W ignore:setup.py install is deprecated -W ignore:easy_install command is deprecated setup.py egg_info --egg-base ../../build/g12_prii3_move_turtlebot build --build-base /home/rodrigo/Proyecto_III/g12_prii3/g12_prii3_ws/build/g12_prii3_move_turtlebot/build install --record /home/rodrigo/Proyecto_III/g12_prii3/g12_prii3_ws/build/g12_prii3_move_turtlebot/install.log --install-scripts $base/lib/g12_prii3_move_turtlebot --single-version-externally-managed install_data
