[0.557s] Invoking command in '/home/rodrigo/Proyecto_III/g12_prii3_ws/src/g12_prii3_turtlesim': PYTHONPATH=/home/rodrigo/Proyecto_III/g12_prii3_ws/build/g12_prii3_turtlesim/prefix_override:/usr/lib/python3/dist-packages/colcon_core/task/python/colcon_distutils_commands:/home/rodrigo/Proyecto_III/g12_prii3_ws/install/g12_prii3_turtlesim/lib/python3.8/site-packages:${PYTHONPATH} /usr/bin/python3 -W ignore:setup.py install is deprecated -W ignore:easy_install command is deprecated setup.py egg_info --egg-base ../../build/g12_prii3_turtlesim build --build-base /home/rodrigo/Proyecto_III/g12_prii3_ws/build/g12_prii3_turtlesim/build install --record /home/rodrigo/Proyecto_III/g12_prii3_ws/build/g12_prii3_turtlesim/install.log --install-scripts $base/lib/g12_prii3_turtlesim --single-version-externally-managed install_data
[0.723s] running egg_info
[0.724s] writing ../../build/g12_prii3_turtlesim/g12_prii3_turtlesim.egg-info/PKG-INFO
[0.724s] writing dependency_links to ../../build/g12_prii3_turtlesim/g12_prii3_turtlesim.egg-info/dependency_links.txt
[0.724s] writing entry points to ../../build/g12_prii3_turtlesim/g12_prii3_turtlesim.egg-info/entry_points.txt
[0.725s] writing requirements to ../../build/g12_prii3_turtlesim/g12_prii3_turtlesim.egg-info/requires.txt
[0.725s] writing top-level names to ../../build/g12_prii3_turtlesim/g12_prii3_turtlesim.egg-info/top_level.txt
[0.769s] reading manifest file '../../build/g12_prii3_turtlesim/g12_prii3_turtlesim.egg-info/SOURCES.txt'
[0.770s] writing manifest file '../../build/g12_prii3_turtlesim/g12_prii3_turtlesim.egg-info/SOURCES.txt'
[0.770s] running build
[0.770s] running build_py
[0.771s] running install
[0.771s] running install_lib
[0.773s] running install_data
[0.773s] running install_egg_info
[0.774s] removing '/home/rodrigo/Proyecto_III/g12_prii3_ws/install/g12_prii3_turtlesim/lib/python3.8/site-packages/g12_prii3_turtlesim-0.0.0-py3.8.egg-info' (and everything under it)
[0.775s] Copying ../../build/g12_prii3_turtlesim/g12_prii3_turtlesim.egg-info to /home/rodrigo/Proyecto_III/g12_prii3_ws/install/g12_prii3_turtlesim/lib/python3.8/site-packages/g12_prii3_turtlesim-0.0.0-py3.8.egg-info
[0.776s] running install_scripts
[0.788s] Installing mover_tortuga script to /home/rodrigo/Proyecto_III/g12_prii3_ws/install/g12_prii3_turtlesim/lib/g12_prii3_turtlesim
[0.789s] writing list of installed files to '/home/rodrigo/Proyecto_III/g12_prii3_ws/build/g12_prii3_turtlesim/install.log'
[0.802s] Invoked command in '/home/rodrigo/Proyecto_III/g12_prii3_ws/src/g12_prii3_turtlesim' returned '0': PYTHONPATH=/home/rodrigo/Proyecto_III/g12_prii3_ws/build/g12_prii3_turtlesim/prefix_override:/usr/lib/python3/dist-packages/colcon_core/task/python/colcon_distutils_commands:/home/rodrigo/Proyecto_III/g12_prii3_ws/install/g12_prii3_turtlesim/lib/python3.8/site-packages:${PYTHONPATH} /usr/bin/python3 -W ignore:setup.py install is deprecated -W ignore:easy_install command is deprecated setup.py egg_info --egg-base ../../build/g12_prii3_turtlesim build --build-base /home/rodrigo/Proyecto_III/g12_prii3_ws/build/g12_prii3_turtlesim/build install --record /home/rodrigo/Proyecto_III/g12_prii3_ws/build/g12_prii3_turtlesim/install.log --install-scripts $base/lib/g12_prii3_turtlesim --single-version-externally-managed install_data
