[0.506s] Invoking command in '/home/rodrigo/Proyecto_III/g12_prii3_ws/src/g12_prii3_turtlesim': PYTHONPATH=/home/rodrigo/Proyecto_III/g12_prii3_ws/build/g12_prii3_turtlesim/prefix_override:/usr/lib/python3/dist-packages/colcon_core/task/python/colcon_distutils_commands:/home/rodrigo/Proyecto_III/g12_prii3_ws/install/g12_prii3_turtlesim/lib/python3.8/site-packages:${PYTHONPATH} /usr/bin/python3 -W ignore:setup.py install is deprecated -W ignore:easy_install command is deprecated setup.py egg_info --egg-base ../../build/g12_prii3_turtlesim build --build-base /home/rodrigo/Proyecto_III/g12_prii3_ws/build/g12_prii3_turtlesim/build install --record /home/rodrigo/Proyecto_III/g12_prii3_ws/build/g12_prii3_turtlesim/install.log --install-scripts $base/lib/g12_prii3_turtlesim --single-version-externally-managed install_data
[0.678s] running egg_info
[0.679s] writing ../../build/g12_prii3_turtlesim/g12_prii3_turtlesim.egg-info/PKG-INFO
[0.679s] writing dependency_links to ../../build/g12_prii3_turtlesim/g12_prii3_turtlesim.egg-info/dependency_links.txt
[0.679s] writing entry points to ../../build/g12_prii3_turtlesim/g12_prii3_turtlesim.egg-info/entry_points.txt
[0.679s] writing requirements to ../../build/g12_prii3_turtlesim/g12_prii3_turtlesim.egg-info/requires.txt
[0.679s] writing top-level names to ../../build/g12_prii3_turtlesim/g12_prii3_turtlesim.egg-info/top_level.txt
[0.706s] reading manifest file '../../build/g12_prii3_turtlesim/g12_prii3_turtlesim.egg-info/SOURCES.txt'
[0.707s] writing manifest file '../../build/g12_prii3_turtlesim/g12_prii3_turtlesim.egg-info/SOURCES.txt'
[0.707s] running build
[0.707s] running build_py
[0.707s] copying g12_prii3_turtlesim/mover_tortuga.py -> /home/rodrigo/Proyecto_III/g12_prii3_ws/build/g12_prii3_turtlesim/build/lib/g12_prii3_turtlesim
[0.707s] running install
[0.708s] running install_lib
[0.709s] copying /home/rodrigo/Proyecto_III/g12_prii3_ws/build/g12_prii3_turtlesim/build/lib/g12_prii3_turtlesim/mover_tortuga.py -> /home/rodrigo/Proyecto_III/g12_prii3_ws/install/g12_prii3_turtlesim/lib/python3.8/site-packages/g12_prii3_turtlesim
[0.709s] byte-compiling /home/rodrigo/Proyecto_III/g12_prii3_ws/install/g12_prii3_turtlesim/lib/python3.8/site-packages/g12_prii3_turtlesim/mover_tortuga.py to mover_tortuga.cpython-38.pyc
[0.711s] running install_data
[0.711s] running install_egg_info
[0.712s] removing '/home/rodrigo/Proyecto_III/g12_prii3_ws/install/g12_prii3_turtlesim/lib/python3.8/site-packages/g12_prii3_turtlesim-0.0.0-py3.8.egg-info' (and everything under it)
[0.713s] Copying ../../build/g12_prii3_turtlesim/g12_prii3_turtlesim.egg-info to /home/rodrigo/Proyecto_III/g12_prii3_ws/install/g12_prii3_turtlesim/lib/python3.8/site-packages/g12_prii3_turtlesim-0.0.0-py3.8.egg-info
[0.713s] running install_scripts
[0.726s] Installing mover_tortuga script to /home/rodrigo/Proyecto_III/g12_prii3_ws/install/g12_prii3_turtlesim/lib/g12_prii3_turtlesim
[0.727s] writing list of installed files to '/home/rodrigo/Proyecto_III/g12_prii3_ws/build/g12_prii3_turtlesim/install.log'
[0.742s] Invoked command in '/home/rodrigo/Proyecto_III/g12_prii3_ws/src/g12_prii3_turtlesim' returned '0': PYTHONPATH=/home/rodrigo/Proyecto_III/g12_prii3_ws/build/g12_prii3_turtlesim/prefix_override:/usr/lib/python3/dist-packages/colcon_core/task/python/colcon_distutils_commands:/home/rodrigo/Proyecto_III/g12_prii3_ws/install/g12_prii3_turtlesim/lib/python3.8/site-packages:${PYTHONPATH} /usr/bin/python3 -W ignore:setup.py install is deprecated -W ignore:easy_install command is deprecated setup.py egg_info --egg-base ../../build/g12_prii3_turtlesim build --build-base /home/rodrigo/Proyecto_III/g12_prii3_ws/build/g12_prii3_turtlesim/build install --record /home/rodrigo/Proyecto_III/g12_prii3_ws/build/g12_prii3_turtlesim/install.log --install-scripts $base/lib/g12_prii3_turtlesim --single-version-externally-managed install_data
