[0.249s] DEBUG:colcon:Command line arguments: ['/usr/bin/colcon', 'build']
[0.249s] DEBUG:colcon:Parsed command line arguments: Namespace(allow_overriding=[], ament_cmake_args=None, base_paths=['.'], build_base='build', catkin_cmake_args=None, catkin_skip_building_tests=False, cmake_args=None, cmake_clean_cache=False, cmake_clean_first=False, cmake_force_configure=False, cmake_target=None, cmake_target_skip_unavailable=False, continue_on_error=False, event_handlers=None, executor='parallel', ignore_user_meta=False, install_base='install', log_base=None, log_level=None, main=<bound method BuildVerb.main of <colcon_core.verb.build.BuildVerb object at 0x7f23a75b0a30>>, merge_install=False, metas=['./colcon.meta'], packages_above=None, packages_above_and_dependencies=None, packages_above_depth=None, packages_end=None, packages_ignore=None, packages_ignore_regex=None, packages_select=None, packages_select_build_failed=False, packages_select_by_dep=None, packages_select_regex=None, packages_select_test_failures=False, packages_skip=None, packages_skip_build_finished=False, packages_skip_by_dep=None, packages_skip_regex=None, packages_skip_test_passed=False, packages_skip_up_to=None, packages_start=None, packages_up_to=None, packages_up_to_regex=None, parallel_workers=12, paths=None, symlink_install=False, test_result_base=None, verb_extension=<colcon_core.verb.build.BuildVerb object at 0x7f23a75b0a30>, verb_name='build', verb_parser=<colcon_defaults.argument_parser.defaults.DefaultArgumentsDecorator object at 0x7f23a75b0fa0>)
[0.447s] Level 1:colcon.colcon_core.package_discovery:discover_packages(colcon_meta) check parameters
[0.447s] Level 1:colcon.colcon_core.package_discovery:discover_packages(recursive) check parameters
[0.447s] Level 1:colcon.colcon_core.package_discovery:discover_packages(ignore) check parameters
[0.447s] Level 1:colcon.colcon_core.package_discovery:discover_packages(path) check parameters
[0.447s] Level 1:colcon.colcon_core.package_discovery:discover_packages(colcon_meta) discover
[0.447s] Level 1:colcon.colcon_core.package_discovery:discover_packages(recursive) discover
[0.447s] INFO:colcon.colcon_core.package_discovery:Crawling recursively for packages in '/home/rodrigo/Proyecto_III/g12_prii3_ws'
[0.447s] Level 1:colcon.colcon_core.package_identification:_identify(.) by extensions ['ignore', 'ignore_ament_install']
[0.447s] Level 1:colcon.colcon_core.package_identification:_identify(.) by extension 'ignore'
[0.447s] Level 1:colcon.colcon_core.package_identification:_identify(.) by extension 'ignore_ament_install'
[0.448s] Level 1:colcon.colcon_core.package_identification:_identify(.) by extensions ['colcon_pkg']
[0.448s] Level 1:colcon.colcon_core.package_identification:_identify(.) by extension 'colcon_pkg'
[0.448s] Level 1:colcon.colcon_core.package_identification:_identify(.) by extensions ['colcon_meta']
[0.448s] Level 1:colcon.colcon_core.package_identification:_identify(.) by extension 'colcon_meta'
[0.448s] Level 1:colcon.colcon_core.package_identification:_identify(.) by extensions ['ros']
[0.448s] Level 1:colcon.colcon_core.package_identification:_identify(.) by extension 'ros'
[0.462s] Level 1:colcon.colcon_core.package_identification:_identify(.) by extensions ['cmake', 'python']
[0.462s] Level 1:colcon.colcon_core.package_identification:_identify(.) by extension 'cmake'
[0.463s] Level 1:colcon.colcon_core.package_identification:_identify(.) by extension 'python'
[0.463s] Level 1:colcon.colcon_core.package_identification:_identify(.) by extensions ['python_setup_py']
[0.463s] Level 1:colcon.colcon_core.package_identification:_identify(.) by extension 'python_setup_py'
[0.463s] Level 1:colcon.colcon_core.package_identification:_identify(build) by extensions ['ignore', 'ignore_ament_install']
[0.463s] Level 1:colcon.colcon_core.package_identification:_identify(build) by extension 'ignore'
[0.463s] Level 1:colcon.colcon_core.package_identification:_identify(build) ignored
[0.463s] Level 1:colcon.colcon_core.package_identification:_identify(install) by extensions ['ignore', 'ignore_ament_install']
[0.463s] Level 1:colcon.colcon_core.package_identification:_identify(install) by extension 'ignore'
[0.463s] Level 1:colcon.colcon_core.package_identification:_identify(install) ignored
[0.464s] Level 1:colcon.colcon_core.package_identification:_identify(log) by extensions ['ignore', 'ignore_ament_install']
[0.464s] Level 1:colcon.colcon_core.package_identification:_identify(log) by extension 'ignore'
[0.464s] Level 1:colcon.colcon_core.package_identification:_identify(log) ignored
[0.464s] Level 1:colcon.colcon_core.package_identification:_identify(src) by extensions ['ignore', 'ignore_ament_install']
[0.464s] Level 1:colcon.colcon_core.package_identification:_identify(src) by extension 'ignore'
[0.464s] Level 1:colcon.colcon_core.package_identification:_identify(src) by extension 'ignore_ament_install'
[0.464s] Level 1:colcon.colcon_core.package_identification:_identify(src) by extensions ['colcon_pkg']
[0.464s] Level 1:colcon.colcon_core.package_identification:_identify(src) by extension 'colcon_pkg'
[0.464s] Level 1:colcon.colcon_core.package_identification:_identify(src) by extensions ['colcon_meta']
[0.464s] Level 1:colcon.colcon_core.package_identification:_identify(src) by extension 'colcon_meta'
[0.465s] Level 1:colcon.colcon_core.package_identification:_identify(src) by extensions ['ros']
[0.465s] Level 1:colcon.colcon_core.package_identification:_identify(src) by extension 'ros'
[0.465s] Level 1:colcon.colcon_core.package_identification:_identify(src) by extensions ['cmake', 'python']
[0.465s] Level 1:colcon.colcon_core.package_identification:_identify(src) by extension 'cmake'
[0.465s] Level 1:colcon.colcon_core.package_identification:_identify(src) by extension 'python'
[0.465s] Level 1:colcon.colcon_core.package_identification:_identify(src) by extensions ['python_setup_py']
[0.465s] Level 1:colcon.colcon_core.package_identification:_identify(src) by extension 'python_setup_py'
[0.465s] Level 1:colcon.colcon_core.package_identification:_identify(src/g12_prii3_turtlesim) by extensions ['ignore', 'ignore_ament_install']
[0.465s] Level 1:colcon.colcon_core.package_identification:_identify(src/g12_prii3_turtlesim) by extension 'ignore'
[0.465s] Level 1:colcon.colcon_core.package_identification:_identify(src/g12_prii3_turtlesim) by extension 'ignore_ament_install'
[0.465s] Level 1:colcon.colcon_core.package_identification:_identify(src/g12_prii3_turtlesim) by extensions ['colcon_pkg']
[0.465s] Level 1:colcon.colcon_core.package_identification:_identify(src/g12_prii3_turtlesim) by extension 'colcon_pkg'
[0.466s] Level 1:colcon.colcon_core.package_identification:_identify(src/g12_prii3_turtlesim) by extensions ['colcon_meta']
[0.466s] Level 1:colcon.colcon_core.package_identification:_identify(src/g12_prii3_turtlesim) by extension 'colcon_meta'
[0.466s] Level 1:colcon.colcon_core.package_identification:_identify(src/g12_prii3_turtlesim) by extensions ['ros']
[0.466s] Level 1:colcon.colcon_core.package_identification:_identify(src/g12_prii3_turtlesim) by extension 'ros'
[0.469s] DEBUG:colcon.colcon_core.package_identification:Package 'src/g12_prii3_turtlesim' with type 'ros.ament_python' and name 'g12_prii3_turtlesim'
[0.469s] Level 1:colcon.colcon_core.package_discovery:discover_packages(recursive) using defaults
[0.469s] Level 1:colcon.colcon_core.package_discovery:discover_packages(ignore) discover
[0.469s] Level 1:colcon.colcon_core.package_discovery:discover_packages(ignore) using defaults
[0.469s] Level 1:colcon.colcon_core.package_discovery:discover_packages(path) discover
[0.469s] Level 1:colcon.colcon_core.package_discovery:discover_packages(path) using defaults
[0.490s] Level 1:colcon.colcon_core.package_discovery:discover_packages(prefix_path) check parameters
[0.490s] Level 1:colcon.colcon_core.package_discovery:discover_packages(prefix_path) discover
[0.492s] DEBUG:colcon.colcon_installed_package_information.package_discovery:Found 1 installed packages in /home/rodrigo/Proyecto_III/g12_prii3_ws/install
[0.493s] DEBUG:colcon.colcon_installed_package_information.package_discovery:Found 256 installed packages in /opt/ros/foxy
[0.495s] Level 1:colcon.colcon_core.package_discovery:discover_packages(prefix_path) using defaults
[0.584s] Level 5:colcon.colcon_core.verb:set package 'g12_prii3_turtlesim' build argument 'cmake_args' from command line to 'None'
[0.584s] Level 5:colcon.colcon_core.verb:set package 'g12_prii3_turtlesim' build argument 'cmake_target' from command line to 'None'
[0.584s] Level 5:colcon.colcon_core.verb:set package 'g12_prii3_turtlesim' build argument 'cmake_target_skip_unavailable' from command line to 'False'
[0.584s] Level 5:colcon.colcon_core.verb:set package 'g12_prii3_turtlesim' build argument 'cmake_clean_cache' from command line to 'False'
[0.584s] Level 5:colcon.colcon_core.verb:set package 'g12_prii3_turtlesim' build argument 'cmake_clean_first' from command line to 'False'
[0.584s] Level 5:colcon.colcon_core.verb:set package 'g12_prii3_turtlesim' build argument 'cmake_force_configure' from command line to 'False'
[0.584s] Level 5:colcon.colcon_core.verb:set package 'g12_prii3_turtlesim' build argument 'ament_cmake_args' from command line to 'None'
[0.585s] Level 5:colcon.colcon_core.verb:set package 'g12_prii3_turtlesim' build argument 'catkin_cmake_args' from command line to 'None'
[0.585s] Level 5:colcon.colcon_core.verb:set package 'g12_prii3_turtlesim' build argument 'catkin_skip_building_tests' from command line to 'False'
[0.585s] DEBUG:colcon.colcon_core.verb:Building package 'g12_prii3_turtlesim' with the following arguments: {'ament_cmake_args': None, 'build_base': '/home/rodrigo/Proyecto_III/g12_prii3_ws/build/g12_prii3_turtlesim', 'catkin_cmake_args': None, 'catkin_skip_building_tests': False, 'cmake_args': None, 'cmake_clean_cache': False, 'cmake_clean_first': False, 'cmake_force_configure': False, 'cmake_target': None, 'cmake_target_skip_unavailable': False, 'install_base': '/home/rodrigo/Proyecto_III/g12_prii3_ws/install/g12_prii3_turtlesim', 'merge_install': False, 'path': '/home/rodrigo/Proyecto_III/g12_prii3_ws/src/g12_prii3_turtlesim', 'symlink_install': False, 'test_result_base': None}
[0.585s] INFO:colcon.colcon_core.executor:Executing jobs using 'parallel' executor
[0.586s] DEBUG:colcon.colcon_parallel_executor.executor.parallel:run_until_complete
[0.586s] INFO:colcon.colcon_ros.task.ament_python.build:Building ROS package in '/home/rodrigo/Proyecto_III/g12_prii3_ws/src/g12_prii3_turtlesim' with build type 'ament_python'
[0.586s] Level 1:colcon.colcon_core.shell:create_environment_hook('g12_prii3_turtlesim', 'ament_prefix_path')
[0.589s] INFO:colcon.colcon_core.plugin_system:Skipping extension 'colcon_core.shell.bat': Not used on non-Windows systems
[0.589s] INFO:colcon.colcon_core.shell:Creating environment hook '/home/rodrigo/Proyecto_III/g12_prii3_ws/install/g12_prii3_turtlesim/share/g12_prii3_turtlesim/hook/ament_prefix_path.ps1'
[0.590s] INFO:colcon.colcon_core.shell:Creating environment descriptor '/home/rodrigo/Proyecto_III/g12_prii3_ws/install/g12_prii3_turtlesim/share/g12_prii3_turtlesim/hook/ament_prefix_path.dsv'
[0.591s] INFO:colcon.colcon_core.shell:Creating environment hook '/home/rodrigo/Proyecto_III/g12_prii3_ws/install/g12_prii3_turtlesim/share/g12_prii3_turtlesim/hook/ament_prefix_path.sh'
[0.592s] INFO:colcon.colcon_core.shell:Skip shell extension 'powershell' for command environment: Not usable outside of PowerShell
[0.592s] DEBUG:colcon.colcon_core.shell:Skip shell extension 'dsv' for command environment
[0.878s] INFO:colcon.colcon_core.task.python.build:Building Python package in '/home/rodrigo/Proyecto_III/g12_prii3_ws/src/g12_prii3_turtlesim'
[0.879s] INFO:colcon.colcon_core.shell:Skip shell extension 'powershell' for command environment: Not usable outside of PowerShell
[0.879s] DEBUG:colcon.colcon_core.shell:Skip shell extension 'dsv' for command environment
[1.363s] DEBUG:colcon.colcon_core.event_handler.log_command:Invoking command in '/home/rodrigo/Proyecto_III/g12_prii3_ws/src/g12_prii3_turtlesim': PYTHONPATH=/home/rodrigo/Proyecto_III/g12_prii3_ws/build/g12_prii3_turtlesim/prefix_override:/usr/lib/python3/dist-packages/colcon_core/task/python/colcon_distutils_commands:/home/rodrigo/Proyecto_III/g12_prii3_ws/install/g12_prii3_turtlesim/lib/python3.8/site-packages:${PYTHONPATH} /usr/bin/python3 -W ignore:setup.py install is deprecated -W ignore:easy_install command is deprecated setup.py egg_info --egg-base ../../build/g12_prii3_turtlesim build --build-base /home/rodrigo/Proyecto_III/g12_prii3_ws/build/g12_prii3_turtlesim/build install --record /home/rodrigo/Proyecto_III/g12_prii3_ws/build/g12_prii3_turtlesim/install.log --install-scripts $base/lib/g12_prii3_turtlesim --single-version-externally-managed install_data
[1.728s] DEBUG:colcon.colcon_core.event_handler.log_command:Invoked command in '/home/rodrigo/Proyecto_III/g12_prii3_ws/src/g12_prii3_turtlesim' returned '0': PYTHONPATH=/home/rodrigo/Proyecto_III/g12_prii3_ws/build/g12_prii3_turtlesim/prefix_override:/usr/lib/python3/dist-packages/colcon_core/task/python/colcon_distutils_commands:/home/rodrigo/Proyecto_III/g12_prii3_ws/install/g12_prii3_turtlesim/lib/python3.8/site-packages:${PYTHONPATH} /usr/bin/python3 -W ignore:setup.py install is deprecated -W ignore:easy_install command is deprecated setup.py egg_info --egg-base ../../build/g12_prii3_turtlesim build --build-base /home/rodrigo/Proyecto_III/g12_prii3_ws/build/g12_prii3_turtlesim/build install --record /home/rodrigo/Proyecto_III/g12_prii3_ws/build/g12_prii3_turtlesim/install.log --install-scripts $base/lib/g12_prii3_turtlesim --single-version-externally-managed install_data
[1.731s] Level 1:colcon.colcon_core.environment:checking '/home/rodrigo/Proyecto_III/g12_prii3_ws/install/g12_prii3_turtlesim' for CMake module files
[1.731s] Level 1:colcon.colcon_core.environment:checking '/home/rodrigo/Proyecto_III/g12_prii3_ws/install/g12_prii3_turtlesim' for CMake config files
[1.732s] Level 1:colcon.colcon_core.environment:checking '/home/rodrigo/Proyecto_III/g12_prii3_ws/install/g12_prii3_turtlesim/lib'
[1.732s] Level 1:colcon.colcon_core.environment:checking '/home/rodrigo/Proyecto_III/g12_prii3_ws/install/g12_prii3_turtlesim/bin'
[1.732s] Level 1:colcon.colcon_core.environment:checking '/home/rodrigo/Proyecto_III/g12_prii3_ws/install/g12_prii3_turtlesim/lib/pkgconfig/g12_prii3_turtlesim.pc'
[1.733s] Level 1:colcon.colcon_core.environment:checking '/home/rodrigo/Proyecto_III/g12_prii3_ws/install/g12_prii3_turtlesim/lib/python3.8/site-packages'
[1.733s] Level 1:colcon.colcon_core.shell:create_environment_hook('g12_prii3_turtlesim', 'pythonpath')
[1.733s] INFO:colcon.colcon_core.shell:Creating environment hook '/home/rodrigo/Proyecto_III/g12_prii3_ws/install/g12_prii3_turtlesim/share/g12_prii3_turtlesim/hook/pythonpath.ps1'
[1.734s] INFO:colcon.colcon_core.shell:Creating environment descriptor '/home/rodrigo/Proyecto_III/g12_prii3_ws/install/g12_prii3_turtlesim/share/g12_prii3_turtlesim/hook/pythonpath.dsv'
[1.734s] INFO:colcon.colcon_core.shell:Creating environment hook '/home/rodrigo/Proyecto_III/g12_prii3_ws/install/g12_prii3_turtlesim/share/g12_prii3_turtlesim/hook/pythonpath.sh'
[1.735s] Level 1:colcon.colcon_core.environment:checking '/home/rodrigo/Proyecto_III/g12_prii3_ws/install/g12_prii3_turtlesim/bin'
[1.735s] Level 1:colcon.colcon_core.environment:create_environment_scripts_only(g12_prii3_turtlesim)
[1.735s] INFO:colcon.colcon_core.shell:Creating package script '/home/rodrigo/Proyecto_III/g12_prii3_ws/install/g12_prii3_turtlesim/share/g12_prii3_turtlesim/package.ps1'
[1.737s] INFO:colcon.colcon_core.shell:Creating package descriptor '/home/rodrigo/Proyecto_III/g12_prii3_ws/install/g12_prii3_turtlesim/share/g12_prii3_turtlesim/package.dsv'
[1.737s] INFO:colcon.colcon_core.shell:Creating package script '/home/rodrigo/Proyecto_III/g12_prii3_ws/install/g12_prii3_turtlesim/share/g12_prii3_turtlesim/package.sh'
[1.738s] INFO:colcon.colcon_core.shell:Creating package script '/home/rodrigo/Proyecto_III/g12_prii3_ws/install/g12_prii3_turtlesim/share/g12_prii3_turtlesim/package.bash'
[1.739s] INFO:colcon.colcon_core.shell:Creating package script '/home/rodrigo/Proyecto_III/g12_prii3_ws/install/g12_prii3_turtlesim/share/g12_prii3_turtlesim/package.zsh'
[1.740s] Level 1:colcon.colcon_core.environment:create_file_with_runtime_dependencies(/home/rodrigo/Proyecto_III/g12_prii3_ws/install/g12_prii3_turtlesim/share/colcon-core/packages/g12_prii3_turtlesim)
[1.741s] DEBUG:colcon.colcon_parallel_executor.executor.parallel:closing loop
[1.741s] DEBUG:colcon.colcon_parallel_executor.executor.parallel:loop closed
[1.741s] DEBUG:colcon.colcon_parallel_executor.executor.parallel:run_until_complete finished with '0'
[1.741s] DEBUG:colcon.colcon_core.event_reactor:joining thread
[1.748s] INFO:colcon.colcon_core.plugin_system:Skipping extension 'colcon_notification.desktop_notification.terminal_notifier': Not used on non-Darwin systems
[1.748s] INFO:colcon.colcon_core.plugin_system:Skipping extension 'colcon_notification.desktop_notification.win32': Not used on non-Windows systems
[1.748s] INFO:colcon.colcon_notification.desktop_notification:Sending desktop notification using 'notify2'
[1.766s] DEBUG:colcon.colcon_core.event_reactor:joined thread
[1.767s] INFO:colcon.colcon_core.shell:Creating prefix script '/home/rodrigo/Proyecto_III/g12_prii3_ws/install/local_setup.ps1'
[1.768s] INFO:colcon.colcon_core.shell:Creating prefix util module '/home/rodrigo/Proyecto_III/g12_prii3_ws/install/_local_setup_util_ps1.py'
[1.770s] INFO:colcon.colcon_core.shell:Creating prefix chain script '/home/rodrigo/Proyecto_III/g12_prii3_ws/install/setup.ps1'
[1.771s] INFO:colcon.colcon_core.shell:Creating prefix script '/home/rodrigo/Proyecto_III/g12_prii3_ws/install/local_setup.sh'
[1.772s] INFO:colcon.colcon_core.shell:Creating prefix util module '/home/rodrigo/Proyecto_III/g12_prii3_ws/install/_local_setup_util_sh.py'
[1.773s] INFO:colcon.colcon_core.shell:Creating prefix chain script '/home/rodrigo/Proyecto_III/g12_prii3_ws/install/setup.sh'
[1.774s] INFO:colcon.colcon_core.shell:Creating prefix script '/home/rodrigo/Proyecto_III/g12_prii3_ws/install/local_setup.bash'
[1.774s] INFO:colcon.colcon_core.shell:Creating prefix chain script '/home/rodrigo/Proyecto_III/g12_prii3_ws/install/setup.bash'
[1.776s] INFO:colcon.colcon_core.shell:Creating prefix script '/home/rodrigo/Proyecto_III/g12_prii3_ws/install/local_setup.zsh'
[1.776s] INFO:colcon.colcon_core.shell:Creating prefix chain script '/home/rodrigo/Proyecto_III/g12_prii3_ws/install/setup.zsh'
